[ 2017-03-14T09:17:32+08:00 ] 127.0.0.1 /index.php/Login/ajaxLogin.html
INFO: [ app_begin ] --START--
INFO: Run Behavior\ReadHtmlCacheBehavior [ RunTime:0.010001s ]
INFO: [ app_begin ] --END-- [ RunTime:0.020001s ]
SQL: SHOW COLUMNS FROM `rm_user` [ RunTime:0.0070s ]
SQL: SELECT * FROM `rm_user` WHERE `username` = 'lishen' LIMIT 1   [ RunTime:0.0000s ]
SQL: SHOW COLUMNS FROM `rm_company` [ RunTime:0.0040s ]
SQL: SELECT * FROM `rm_company` WHERE `id` = 1 LIMIT 1   [ RunTime:0.0010s ]
SQL: SHOW COLUMNS FROM `rm_department` [ RunTime:0.0040s ]
SQL: SELECT * FROM `rm_department` WHERE `id` = 1 LIMIT 1   [ RunTime:0.0010s ]

[ 2017-03-14T09:24:02+08:00 ] 127.0.0.1 /index.php/Admin/User/addressBook.html
ERR: SQLSTATE[23000]: Integrity constraint violation: 1052 Column 'company_id' in where clause is ambiguous

[ 2017-03-14T09:26:12+08:00 ] 127.0.0.1 /index.php/Admin/User/addressBook.html
ERR: SQLSTATE[42S22]: Column not found: 1054 Unknown column 'b.company_name' in 'field list'

[ 2017-03-14T09:27:10+08:00 ] 127.0.0.1 /index.php/Admin/User/addressBook.html
ERR: SQLSTATE[23000]: Integrity constraint violation: 1052 Column 'company_id' in where clause is ambiguous

[ 2017-03-14T09:27:35+08:00 ] 127.0.0.1 /index.php/Admin/User/addressBook.html
ERR: SQLSTATE[23000]: Integrity constraint violation: 1052 Column 'company_id' in where clause is ambiguous

[ 2017-03-14T09:27:45+08:00 ] 127.0.0.1 /index.php/Admin/User/addressBook.html
ERR: SQLSTATE[23000]: Integrity constraint violation: 1052 Column 'company_id' in where clause is ambiguous

[ 2017-03-14T09:29:20+08:00 ] 127.0.0.1 /index.php/Admin/User/addressBook.html
ERR: SQLSTATE[23000]: Integrity constraint violation: 1052 Column 'company_id' in where clause is ambiguous

[ 2017-03-14T09:31:52+08:00 ] 127.0.0.1 /index.php/Admin/User/addressBook.html
ERR: SQLSTATE[23000]: Integrity constraint violation: 1052 Column 'company_id' in where clause is ambiguous

[ 2017-03-14T09:32:22+08:00 ] 127.0.0.1 /index.php/Admin/User/addressBook.html
ERR: SQLSTATE[23000]: Integrity constraint violation: 1052 Column 'company_id' in where clause is ambiguous

[ 2017-03-14T09:32:24+08:00 ] 127.0.0.1 /index.php/Admin/User/addressBook.html
ERR: SQLSTATE[23000]: Integrity constraint violation: 1052 Column 'company_id' in where clause is ambiguous

[ 2017-03-14T09:41:25+08:00 ] 127.0.0.1 /index.php/Admin/User/addressBook.html
ERR: SQLSTATE[42S22]: Column not found: 1054 Unknown column 'a.company_name' in 'field list'

[ 2017-03-14T10:00:07+08:00 ] 127.0.0.1 /index.php/Admin/Department/ajaxGetDep/company_id/009
INFO: [ app_begin ] --START--
INFO: Run Behavior\ReadHtmlCacheBehavior [ RunTime:0.001000s ]
INFO: [ app_begin ] --END-- [ RunTime:0.002000s ]
SQL: SHOW COLUMNS FROM `rm_department` [ RunTime:0.0050s ]
SQL: SELECT * FROM `rm_department` WHERE `company_id` = 9  [ RunTime:0.0000s ]
INFO: [ app_end ] --START--
INFO: Run Behavior\ShowPageTraceBehavior [ RunTime:0.001000s ]
INFO: [ app_end ] --END-- [ RunTime:0.002000s ]

[ 2017-03-14T10:11:39+08:00 ] 127.0.0.1 /index.php/Admin/Company/ajaxGetCp/company_id/001
INFO: [ app_begin ] --START--
INFO: Run Behavior\ReadHtmlCacheBehavior [ RunTime:0.001000s ]
INFO: [ app_begin ] --END-- [ RunTime:0.001000s ]
SQL: SHOW COLUMNS FROM `rm_company` [ RunTime:0.0050s ]
SQL: SELECT * FROM `rm_company` WHERE `id` = 1 LIMIT 1   [ RunTime:0.0010s ]
INFO: [ app_end ] --START--
INFO: Run Behavior\ShowPageTraceBehavior [ RunTime:0.001000s ]
INFO: [ app_end ] --END-- [ RunTime:0.001000s ]

[ 2017-03-14T10:22:44+08:00 ] 127.0.0.1 /index.php/Admin/Department/ajaxGetDep/company_id/001
INFO: [ app_begin ] --START--
INFO: Run Behavior\ReadHtmlCacheBehavior [ RunTime:0.000000s ]
INFO: [ app_begin ] --END-- [ RunTime:0.001000s ]
SQL: SHOW COLUMNS FROM `rm_department` [ RunTime:0.0050s ]
SQL: SELECT * FROM `rm_department` WHERE `company_id` = 1  [ RunTime:0.0000s ]
INFO: [ app_end ] --START--
INFO: Run Behavior\ShowPageTraceBehavior [ RunTime:0.001000s ]
INFO: [ app_end ] --END-- [ RunTime:0.001000s ]

[ 2017-03-14T10:23:32+08:00 ] 127.0.0.1 /index.php/Admin/Department/ajaxGetDep/company_id/001
INFO: [ app_begin ] --START--
INFO: Run Behavior\ReadHtmlCacheBehavior [ RunTime:0.002001s ]
INFO: [ app_begin ] --END-- [ RunTime:0.002001s ]
SQL: SHOW COLUMNS FROM `rm_department` [ RunTime:0.0040s ]
SQL: SELECT * FROM `rm_department` WHERE `company_id` = 1  [ RunTime:0.0000s ]
INFO: [ app_end ] --START--
INFO: Run Behavior\ShowPageTraceBehavior [ RunTime:0.001000s ]
INFO: [ app_end ] --END-- [ RunTime:0.001000s ]

[ 2017-03-14T10:24:20+08:00 ] 127.0.0.1 /index.php/Admin/Department/ajaxGetDep/company_id/002
INFO: [ app_begin ] --START--
INFO: Run Behavior\ReadHtmlCacheBehavior [ RunTime:0.001000s ]
INFO: [ app_begin ] --END-- [ RunTime:0.002001s ]
SQL: SHOW COLUMNS FROM `rm_department` [ RunTime:0.0050s ]
SQL: SELECT * FROM `rm_department` WHERE `company_id` = 2  [ RunTime:0.0010s ]
INFO: [ app_end ] --START--
INFO: Run Behavior\ShowPageTraceBehavior [ RunTime:0.001000s ]
INFO: [ app_end ] --END-- [ RunTime:0.001000s ]

[ 2017-03-14T10:24:44+08:00 ] 127.0.0.1 /index.php/Admin/Department/ajaxGetDep/company_id/002
INFO: [ app_begin ] --START--
INFO: Run Behavior\ReadHtmlCacheBehavior [ RunTime:0.001000s ]
INFO: [ app_begin ] --END-- [ RunTime:0.001000s ]
SQL: SHOW COLUMNS FROM `rm_department` [ RunTime:0.0040s ]
SQL: SELECT * FROM `rm_department` WHERE `company_id` = 2  [ RunTime:0.0000s ]
INFO: [ app_end ] --START--
INFO: Run Behavior\ShowPageTraceBehavior [ RunTime:0.001000s ]
INFO: [ app_end ] --END-- [ RunTime:0.001000s ]

[ 2017-03-14T10:24:55+08:00 ] 127.0.0.1 /index.php/Admin/Department/ajaxGetDep/company_id/002
INFO: [ app_begin ] --START--
INFO: Run Behavior\ReadHtmlCacheBehavior [ RunTime:0.001000s ]
INFO: [ app_begin ] --END-- [ RunTime:0.002000s ]
SQL: SHOW COLUMNS FROM `rm_department` [ RunTime:0.0050s ]
SQL: SELECT * FROM `rm_department` WHERE `company_id` = 2  [ RunTime:0.0000s ]
INFO: [ app_end ] --START--
INFO: Run Behavior\ShowPageTraceBehavior [ RunTime:0.001000s ]
INFO: [ app_end ] --END-- [ RunTime:0.002000s ]

[ 2017-03-14T10:25:56+08:00 ] 127.0.0.1 /index.php/Admin/Department/ajaxGetDep/company_id/001
INFO: [ app_begin ] --START--
INFO: Run Behavior\ReadHtmlCacheBehavior [ RunTime:0.001000s ]
INFO: [ app_begin ] --END-- [ RunTime:0.001000s ]
SQL: SHOW COLUMNS FROM `rm_department` [ RunTime:0.0040s ]
SQL: SELECT * FROM `rm_department` WHERE `company_id` = 1  [ RunTime:0.0000s ]
INFO: [ app_end ] --START--
INFO: Run Behavior\ShowPageTraceBehavior [ RunTime:0.001000s ]
INFO: [ app_end ] --END-- [ RunTime:0.001000s ]

[ 2017-03-14T10:27:28+08:00 ] 127.0.0.1 /index.php/Admin/Department/ajaxGetDep/company_id/001
INFO: [ app_begin ] --START--
INFO: Run Behavior\ReadHtmlCacheBehavior [ RunTime:0.001001s ]
INFO: [ app_begin ] --END-- [ RunTime:0.001001s ]
SQL: SHOW COLUMNS FROM `rm_department` [ RunTime:0.0040s ]
SQL: SELECT * FROM `rm_department` WHERE `company_id` = 1  [ RunTime:0.0000s ]
INFO: [ app_end ] --START--
INFO: Run Behavior\ShowPageTraceBehavior [ RunTime:0.001000s ]
INFO: [ app_end ] --END-- [ RunTime:0.002000s ]

[ 2017-03-14T10:33:39+08:00 ] 127.0.0.1 /index.php/Admin/Department/ajaxGetDep/company_id/008
INFO: [ app_begin ] --START--
INFO: Run Behavior\ReadHtmlCacheBehavior [ RunTime:0.001000s ]
INFO: [ app_begin ] --END-- [ RunTime:0.002000s ]
SQL: SHOW COLUMNS FROM `rm_department` [ RunTime:0.0050s ]
SQL: SELECT * FROM `rm_department` WHERE `company_id` = 8  [ RunTime:0.0000s ]
INFO: [ app_end ] --START--
INFO: Run Behavior\ShowPageTraceBehavior [ RunTime:0.001000s ]
INFO: [ app_end ] --END-- [ RunTime:0.001000s ]

[ 2017-03-14T10:33:43+08:00 ] 127.0.0.1 /index.php/Admin/Department/ajaxGetDep/company_id/002
INFO: [ app_begin ] --START--
INFO: Run Behavior\ReadHtmlCacheBehavior [ RunTime:0.001000s ]
INFO: [ app_begin ] --END-- [ RunTime:0.001000s ]
SQL: SHOW COLUMNS FROM `rm_department` [ RunTime:0.0040s ]
SQL: SELECT * FROM `rm_department` WHERE `company_id` = 2  [ RunTime:0.0010s ]
INFO: [ app_end ] --START--
INFO: Run Behavior\ShowPageTraceBehavior [ RunTime:0.001000s ]
INFO: [ app_end ] --END-- [ RunTime:0.001000s ]

[ 2017-03-14T10:34:10+08:00 ] 127.0.0.1 /index.php/Admin/Department/ajaxGetDep/company_id/002
INFO: [ app_begin ] --START--
INFO: Run Behavior\ReadHtmlCacheBehavior [ RunTime:0.001000s ]
INFO: [ app_begin ] --END-- [ RunTime:0.001000s ]
SQL: SHOW COLUMNS FROM `rm_department` [ RunTime:0.0040s ]
SQL: SELECT * FROM `rm_department` WHERE `company_id` = 2  [ RunTime:0.0000s ]
INFO: [ app_end ] --START--
INFO: Run Behavior\ShowPageTraceBehavior [ RunTime:0.000000s ]
INFO: [ app_end ] --END-- [ RunTime:0.001000s ]

[ 2017-03-14T10:34:13+08:00 ] 127.0.0.1 /index.php/Admin/Department/ajaxGetDep/company_id/001
INFO: [ app_begin ] --START--
INFO: Run Behavior\ReadHtmlCacheBehavior [ RunTime:0.001000s ]
INFO: [ app_begin ] --END-- [ RunTime:0.001000s ]
SQL: SHOW COLUMNS FROM `rm_department` [ RunTime:0.0040s ]
SQL: SELECT * FROM `rm_department` WHERE `company_id` = 1  [ RunTime:0.0000s ]
INFO: [ app_end ] --START--
INFO: Run Behavior\ShowPageTraceBehavior [ RunTime:0.000000s ]
INFO: [ app_end ] --END-- [ RunTime:0.001000s ]

[ 2017-03-14T10:34:15+08:00 ] 127.0.0.1 /index.php/Admin/Department/ajaxGetDep/company_id/002
INFO: [ app_begin ] --START--
INFO: Run Behavior\ReadHtmlCacheBehavior [ RunTime:0.001000s ]
INFO: [ app_begin ] --END-- [ RunTime:0.001000s ]
SQL: SHOW COLUMNS FROM `rm_department` [ RunTime:0.0060s ]
SQL: SELECT * FROM `rm_department` WHERE `company_id` = 2  [ RunTime:0.0000s ]
INFO: [ app_end ] --START--
INFO: Run Behavior\ShowPageTraceBehavior [ RunTime:0.001000s ]
INFO: [ app_end ] --END-- [ RunTime:0.001000s ]

[ 2017-03-14T10:34:17+08:00 ] 127.0.0.1 /index.php/Admin/Department/ajaxGetDep/company_id/009
INFO: [ app_begin ] --START--
INFO: Run Behavior\ReadHtmlCacheBehavior [ RunTime:0.001000s ]
INFO: [ app_begin ] --END-- [ RunTime:0.002000s ]
SQL: SHOW COLUMNS FROM `rm_department` [ RunTime:0.0040s ]
SQL: SELECT * FROM `rm_department` WHERE `company_id` = 9  [ RunTime:0.0010s ]
INFO: [ app_end ] --START--
INFO: Run Behavior\ShowPageTraceBehavior [ RunTime:0.001000s ]
INFO: [ app_end ] --END-- [ RunTime:0.001000s ]

[ 2017-03-14T10:34:20+08:00 ] 127.0.0.1 /index.php/Admin/Department/ajaxGetDep/company_id/001
INFO: [ app_begin ] --START--
INFO: Run Behavior\ReadHtmlCacheBehavior [ RunTime:0.000000s ]
INFO: [ app_begin ] --END-- [ RunTime:0.001000s ]
SQL: SHOW COLUMNS FROM `rm_department` [ RunTime:0.0050s ]
SQL: SELECT * FROM `rm_department` WHERE `company_id` = 1  [ RunTime:0.0010s ]
INFO: [ app_end ] --START--
INFO: Run Behavior\ShowPageTraceBehavior [ RunTime:0.001000s ]
INFO: [ app_end ] --END-- [ RunTime:0.001000s ]

[ 2017-03-14T10:35:30+08:00 ] 127.0.0.1 /index.php/Admin/Department/ajaxGetDep/company_id/002
INFO: [ app_begin ] --START--
INFO: Run Behavior\ReadHtmlCacheBehavior [ RunTime:0.001000s ]
INFO: [ app_begin ] --END-- [ RunTime:0.002001s ]
SQL: SHOW COLUMNS FROM `rm_department` [ RunTime:0.0070s ]
SQL: SELECT * FROM `rm_department` WHERE `company_id` = 2  [ RunTime:0.0000s ]
INFO: [ app_end ] --START--
INFO: Run Behavior\ShowPageTraceBehavior [ RunTime:0.001000s ]
INFO: [ app_end ] --END-- [ RunTime:0.001000s ]

[ 2017-03-14T10:35:34+08:00 ] 127.0.0.1 /index.php/Admin/Department/ajaxGetDep/company_id/001
INFO: [ app_begin ] --START--
INFO: Run Behavior\ReadHtmlCacheBehavior [ RunTime:0.001000s ]
INFO: [ app_begin ] --END-- [ RunTime:0.001000s ]
SQL: SHOW COLUMNS FROM `rm_department` [ RunTime:0.0050s ]
SQL: SELECT * FROM `rm_department` WHERE `company_id` = 1  [ RunTime:0.0010s ]
INFO: [ app_end ] --START--
INFO: Run Behavior\ShowPageTraceBehavior [ RunTime:0.001000s ]
INFO: [ app_end ] --END-- [ RunTime:0.001000s ]

[ 2017-03-14T10:36:25+08:00 ] 127.0.0.1 /index.php/Admin/Department/ajaxGetDep/company_id/002
INFO: [ app_begin ] --START--
INFO: Run Behavior\ReadHtmlCacheBehavior [ RunTime:0.001000s ]
INFO: [ app_begin ] --END-- [ RunTime:0.001000s ]
SQL: SHOW COLUMNS FROM `rm_department` [ RunTime:0.0040s ]
SQL: SELECT * FROM `rm_department` WHERE `company_id` = 2  [ RunTime:0.0010s ]
INFO: [ app_end ] --START--
INFO: Run Behavior\ShowPageTraceBehavior [ RunTime:0.001000s ]
INFO: [ app_end ] --END-- [ RunTime:0.001000s ]

[ 2017-03-14T10:36:29+08:00 ] 127.0.0.1 /index.php/Admin/Department/ajaxGetDep/company_id/001
INFO: [ app_begin ] --START--
INFO: Run Behavior\ReadHtmlCacheBehavior [ RunTime:0.000000s ]
INFO: [ app_begin ] --END-- [ RunTime:0.001000s ]
SQL: SHOW COLUMNS FROM `rm_department` [ RunTime:0.0110s ]
SQL: SELECT * FROM `rm_department` WHERE `company_id` = 1  [ RunTime:0.0000s ]
INFO: [ app_end ] --START--
INFO: Run Behavior\ShowPageTraceBehavior [ RunTime:0.003000s ]
INFO: [ app_end ] --END-- [ RunTime:0.003000s ]

[ 2017-03-14T10:37:23+08:00 ] 127.0.0.1 /index.php/Admin/Department/ajaxGetDep/company_id/001
INFO: [ app_begin ] --START--
INFO: Run Behavior\ReadHtmlCacheBehavior [ RunTime:0.001000s ]
INFO: [ app_begin ] --END-- [ RunTime:0.002000s ]
SQL: SHOW COLUMNS FROM `rm_department` [ RunTime:0.0040s ]
SQL: SELECT * FROM `rm_department` WHERE `company_id` = 1  [ RunTime:0.0000s ]
INFO: [ app_end ] --START--
INFO: Run Behavior\ShowPageTraceBehavior [ RunTime:0.001000s ]
INFO: [ app_end ] --END-- [ RunTime:0.001000s ]

[ 2017-03-14T10:38:20+08:00 ] 127.0.0.1 /index.php/Admin/Department/ajaxGetDep/company_id/002
INFO: [ app_begin ] --START--
INFO: Run Behavior\ReadHtmlCacheBehavior [ RunTime:0.001000s ]
INFO: [ app_begin ] --END-- [ RunTime:0.001000s ]
SQL: SHOW COLUMNS FROM `rm_department` [ RunTime:0.0040s ]
SQL: SELECT * FROM `rm_department` WHERE `company_id` = 2  [ RunTime:0.0000s ]
INFO: [ app_end ] --START--
INFO: Run Behavior\ShowPageTraceBehavior [ RunTime:0.000000s ]
INFO: [ app_end ] --END-- [ RunTime:0.001000s ]

[ 2017-03-14T10:38:22+08:00 ] 127.0.0.1 /index.php/Admin/Department/ajaxGetDep/company_id/001
INFO: [ app_begin ] --START--
INFO: Run Behavior\ReadHtmlCacheBehavior [ RunTime:0.001000s ]
INFO: [ app_begin ] --END-- [ RunTime:0.001000s ]
SQL: SHOW COLUMNS FROM `rm_department` [ RunTime:0.0050s ]
SQL: SELECT * FROM `rm_department` WHERE `company_id` = 1  [ RunTime:0.0000s ]
INFO: [ app_end ] --START--
INFO: Run Behavior\ShowPageTraceBehavior [ RunTime:0.001000s ]
INFO: [ app_end ] --END-- [ RunTime:0.001000s ]

[ 2017-03-14T10:38:25+08:00 ] 127.0.0.1 /index.php/Admin/Department/ajaxGetDep/company_id/002
INFO: [ app_begin ] --START--
INFO: Run Behavior\ReadHtmlCacheBehavior [ RunTime:0.001000s ]
INFO: [ app_begin ] --END-- [ RunTime:0.002000s ]
SQL: SHOW COLUMNS FROM `rm_department` [ RunTime:0.0060s ]
SQL: SELECT * FROM `rm_department` WHERE `company_id` = 2  [ RunTime:0.0000s ]
INFO: [ app_end ] --START--
INFO: Run Behavior\ShowPageTraceBehavior [ RunTime:0.001000s ]
INFO: [ app_end ] --END-- [ RunTime:0.001000s ]

[ 2017-03-14T10:38:28+08:00 ] 127.0.0.1 /index.php/Admin/Department/ajaxGetDep/company_id/001
INFO: [ app_begin ] --START--
INFO: Run Behavior\ReadHtmlCacheBehavior [ RunTime:0.001000s ]
INFO: [ app_begin ] --END-- [ RunTime:0.001000s ]
SQL: SHOW COLUMNS FROM `rm_department` [ RunTime:0.0050s ]
SQL: SELECT * FROM `rm_department` WHERE `company_id` = 1  [ RunTime:0.0000s ]
INFO: [ app_end ] --START--
INFO: Run Behavior\ShowPageTraceBehavior [ RunTime:0.000000s ]
INFO: [ app_end ] --END-- [ RunTime:0.001000s ]

[ 2017-03-14T10:40:42+08:00 ] 127.0.0.1 /index.php/Admin/Department/ajaxGetDep/company_id/001
INFO: [ app_begin ] --START--
INFO: Run Behavior\ReadHtmlCacheBehavior [ RunTime:0.001000s ]
INFO: [ app_begin ] --END-- [ RunTime:0.002000s ]
SQL: SHOW COLUMNS FROM `rm_department` [ RunTime:0.0060s ]
SQL: SELECT * FROM `rm_department` WHERE `company_id` = 1  [ RunTime:0.0000s ]
INFO: [ app_end ] --START--
INFO: Run Behavior\ShowPageTraceBehavior [ RunTime:0.001000s ]
INFO: [ app_end ] --END-- [ RunTime:0.001000s ]

[ 2017-03-14T10:41:10+08:00 ] 127.0.0.1 /index.php/Admin/Department/ajaxGetDep/company_id/002
INFO: [ app_begin ] --START--
INFO: Run Behavior\ReadHtmlCacheBehavior [ RunTime:0.001000s ]
INFO: [ app_begin ] --END-- [ RunTime:0.001000s ]
SQL: SHOW COLUMNS FROM `rm_department` [ RunTime:0.0050s ]
SQL: SELECT * FROM `rm_department` WHERE `company_id` = 2  [ RunTime:0.0000s ]
INFO: [ app_end ] --START--
INFO: Run Behavior\ShowPageTraceBehavior [ RunTime:0.000000s ]
INFO: [ app_end ] --END-- [ RunTime:0.001000s ]

[ 2017-03-14T10:41:12+08:00 ] 127.0.0.1 /index.php/Admin/Department/ajaxGetDep/company_id/008
INFO: [ app_begin ] --START--
INFO: Run Behavior\ReadHtmlCacheBehavior [ RunTime:0.001000s ]
INFO: [ app_begin ] --END-- [ RunTime:0.001000s ]
SQL: SHOW COLUMNS FROM `rm_department` [ RunTime:0.0040s ]
SQL: SELECT * FROM `rm_department` WHERE `company_id` = 8  [ RunTime:0.0000s ]
INFO: [ app_end ] --START--
INFO: Run Behavior\ShowPageTraceBehavior [ RunTime:0.000000s ]
INFO: [ app_end ] --END-- [ RunTime:0.001000s ]

[ 2017-03-14T10:41:47+08:00 ] 127.0.0.1 /index.php/Admin/Department/ajaxGetDep/company_id/002
INFO: [ app_begin ] --START--
INFO: Run Behavior\ReadHtmlCacheBehavior [ RunTime:0.001000s ]
INFO: [ app_begin ] --END-- [ RunTime:0.001000s ]
SQL: SHOW COLUMNS FROM `rm_department` [ RunTime:0.0080s ]
SQL: SELECT * FROM `rm_department` WHERE `company_id` = 2  [ RunTime:0.0000s ]
INFO: [ app_end ] --START--
INFO: Run Behavior\ShowPageTraceBehavior [ RunTime:0.001001s ]
INFO: [ app_end ] --END-- [ RunTime:0.001001s ]

[ 2017-03-14T10:41:51+08:00 ] 127.0.0.1 /index.php/Admin/Department/ajaxGetDep/company_id/001
INFO: [ app_begin ] --START--
INFO: Run Behavior\ReadHtmlCacheBehavior [ RunTime:0.000000s ]
INFO: [ app_begin ] --END-- [ RunTime:0.002000s ]
SQL: SHOW COLUMNS FROM `rm_department` [ RunTime:0.0040s ]
SQL: SELECT * FROM `rm_department` WHERE `company_id` = 1  [ RunTime:0.0000s ]
INFO: [ app_end ] --START--
INFO: Run Behavior\ShowPageTraceBehavior [ RunTime:0.001001s ]
INFO: [ app_end ] --END-- [ RunTime:0.001001s ]

[ 2017-03-14T10:42:02+08:00 ] 127.0.0.1 /index.php/Admin/Department/ajaxGetDep/company_id/001
INFO: [ app_begin ] --START--
INFO: Run Behavior\ReadHtmlCacheBehavior [ RunTime:0.001000s ]
INFO: [ app_begin ] --END-- [ RunTime:0.001000s ]
SQL: SHOW COLUMNS FROM `rm_department` [ RunTime:0.0070s ]
SQL: SELECT * FROM `rm_department` WHERE `company_id` = 1  [ RunTime:0.0010s ]
INFO: [ app_end ] --START--
INFO: Run Behavior\ShowPageTraceBehavior [ RunTime:0.002000s ]
INFO: [ app_end ] --END-- [ RunTime:0.002000s ]

[ 2017-03-14T10:42:06+08:00 ] 127.0.0.1 /index.php/Admin/Department/ajaxGetDep/company_id/002
INFO: [ app_begin ] --START--
INFO: Run Behavior\ReadHtmlCacheBehavior [ RunTime:0.000000s ]
INFO: [ app_begin ] --END-- [ RunTime:0.001000s ]
SQL: SHOW COLUMNS FROM `rm_department` [ RunTime:0.0070s ]
SQL: SELECT * FROM `rm_department` WHERE `company_id` = 2  [ RunTime:0.0000s ]
INFO: [ app_end ] --START--
INFO: Run Behavior\ShowPageTraceBehavior [ RunTime:0.001000s ]
INFO: [ app_end ] --END-- [ RunTime:0.001000s ]

[ 2017-03-14T10:42:11+08:00 ] 127.0.0.1 /index.php/Admin/Department/ajaxGetDep/company_id/001
INFO: [ app_begin ] --START--
INFO: Run Behavior\ReadHtmlCacheBehavior [ RunTime:0.000000s ]
INFO: [ app_begin ] --END-- [ RunTime:0.001000s ]
SQL: SHOW COLUMNS FROM `rm_department` [ RunTime:0.0040s ]
SQL: SELECT * FROM `rm_department` WHERE `company_id` = 1  [ RunTime:0.0000s ]
INFO: [ app_end ] --START--
INFO: Run Behavior\ShowPageTraceBehavior [ RunTime:0.000000s ]
INFO: [ app_end ] --END-- [ RunTime:0.001000s ]

[ 2017-03-14T10:42:40+08:00 ] 127.0.0.1 /index.php/Admin/Department/ajaxGetDep/company_id/001
INFO: [ app_begin ] --START--
INFO: Run Behavior\ReadHtmlCacheBehavior [ RunTime:0.001001s ]
INFO: [ app_begin ] --END-- [ RunTime:0.002001s ]
SQL: SHOW COLUMNS FROM `rm_department` [ RunTime:0.0050s ]
SQL: SELECT * FROM `rm_department` WHERE `company_id` = 1  [ RunTime:0.0020s ]
INFO: [ app_end ] --START--
INFO: Run Behavior\ShowPageTraceBehavior [ RunTime:0.000000s ]
INFO: [ app_end ] --END-- [ RunTime:0.002000s ]

[ 2017-03-14T10:42:54+08:00 ] 127.0.0.1 /index.php/Admin/Department/ajaxGetDep/company_id/001
INFO: [ app_begin ] --START--
INFO: Run Behavior\ReadHtmlCacheBehavior [ RunTime:0.001000s ]
INFO: [ app_begin ] --END-- [ RunTime:0.002000s ]
SQL: SHOW COLUMNS FROM `rm_department` [ RunTime:0.0040s ]
SQL: SELECT * FROM `rm_department` WHERE `company_id` = 1  [ RunTime:0.0000s ]
INFO: [ app_end ] --START--
INFO: Run Behavior\ShowPageTraceBehavior [ RunTime:0.001000s ]
INFO: [ app_end ] --END-- [ RunTime:0.001000s ]

[ 2017-03-14T10:42:56+08:00 ] 127.0.0.1 /index.php/Admin/Department/ajaxGetDep/company_id/002
INFO: [ app_begin ] --START--
INFO: Run Behavior\ReadHtmlCacheBehavior [ RunTime:0.001000s ]
INFO: [ app_begin ] --END-- [ RunTime:0.001000s ]
SQL: SHOW COLUMNS FROM `rm_department` [ RunTime:0.0070s ]
SQL: SELECT * FROM `rm_department` WHERE `company_id` = 2  [ RunTime:0.0000s ]
INFO: [ app_end ] --START--
INFO: Run Behavior\ShowPageTraceBehavior [ RunTime:0.001000s ]
INFO: [ app_end ] --END-- [ RunTime:0.001000s ]

[ 2017-03-14T10:42:58+08:00 ] 127.0.0.1 /index.php/Admin/Department/ajaxGetDep/company_id/009
INFO: [ app_begin ] --START--
INFO: Run Behavior\ReadHtmlCacheBehavior [ RunTime:0.001000s ]
INFO: [ app_begin ] --END-- [ RunTime:0.001000s ]
SQL: SHOW COLUMNS FROM `rm_department` [ RunTime:0.0050s ]
SQL: SELECT * FROM `rm_department` WHERE `company_id` = 9  [ RunTime:0.0000s ]
INFO: [ app_end ] --START--
INFO: Run Behavior\ShowPageTraceBehavior [ RunTime:0.001000s ]
INFO: [ app_end ] --END-- [ RunTime:0.001000s ]

[ 2017-03-14T10:43:00+08:00 ] 127.0.0.1 /index.php/Admin/Department/ajaxGetDep/company_id/001
INFO: [ app_begin ] --START--
INFO: Run Behavior\ReadHtmlCacheBehavior [ RunTime:0.001000s ]
INFO: [ app_begin ] --END-- [ RunTime:0.002000s ]
SQL: SHOW COLUMNS FROM `rm_department` [ RunTime:0.0050s ]
SQL: SELECT * FROM `rm_department` WHERE `company_id` = 1  [ RunTime:0.0010s ]
INFO: [ app_end ] --START--
INFO: Run Behavior\ShowPageTraceBehavior [ RunTime:0.001000s ]
INFO: [ app_end ] --END-- [ RunTime:0.002000s ]

[ 2017-03-14T10:43:08+08:00 ] 127.0.0.1 /index.php/Admin/Department/ajaxGetDep/company_id/002
INFO: [ app_begin ] --START--
INFO: Run Behavior\ReadHtmlCacheBehavior [ RunTime:0.000000s ]
INFO: [ app_begin ] --END-- [ RunTime:0.001000s ]
SQL: SHOW COLUMNS FROM `rm_department` [ RunTime:0.0050s ]
SQL: SELECT * FROM `rm_department` WHERE `company_id` = 2  [ RunTime:0.0000s ]
INFO: [ app_end ] --START--
INFO: Run Behavior\ShowPageTraceBehavior [ RunTime:0.001000s ]
INFO: [ app_end ] --END-- [ RunTime:0.001000s ]

[ 2017-03-14T10:43:09+08:00 ] 127.0.0.1 /index.php/Admin/Department/ajaxGetDep/company_id/008
INFO: [ app_begin ] --START--
INFO: Run Behavior\ReadHtmlCacheBehavior [ RunTime:0.000000s ]
INFO: [ app_begin ] --END-- [ RunTime:0.002000s ]
SQL: SHOW COLUMNS FROM `rm_department` [ RunTime:0.0040s ]
SQL: SELECT * FROM `rm_department` WHERE `company_id` = 8  [ RunTime:0.0000s ]
INFO: [ app_end ] --START--
INFO: Run Behavior\ShowPageTraceBehavior [ RunTime:0.001000s ]
INFO: [ app_end ] --END-- [ RunTime:0.001000s ]

[ 2017-03-14T10:43:11+08:00 ] 127.0.0.1 /index.php/Admin/Department/ajaxGetDep/company_id/001
INFO: [ app_begin ] --START--
INFO: Run Behavior\ReadHtmlCacheBehavior [ RunTime:0.000000s ]
INFO: [ app_begin ] --END-- [ RunTime:0.002000s ]
SQL: SHOW COLUMNS FROM `rm_department` [ RunTime:0.0060s ]
SQL: SELECT * FROM `rm_department` WHERE `company_id` = 1  [ RunTime:0.0000s ]
INFO: [ app_end ] --START--
INFO: Run Behavior\ShowPageTraceBehavior [ RunTime:0.001000s ]
INFO: [ app_end ] --END-- [ RunTime:0.001000s ]

[ 2017-03-14T10:43:20+08:00 ] 127.0.0.1 /index.php/Admin/Department/ajaxGetDep/company_id/008
INFO: [ app_begin ] --START--
INFO: Run Behavior\ReadHtmlCacheBehavior [ RunTime:0.001000s ]
INFO: [ app_begin ] --END-- [ RunTime:0.001000s ]
SQL: SHOW COLUMNS FROM `rm_department` [ RunTime:0.0050s ]
SQL: SELECT * FROM `rm_department` WHERE `company_id` = 8  [ RunTime:0.0010s ]
INFO: [ app_end ] --START--
INFO: Run Behavior\ShowPageTraceBehavior [ RunTime:0.001000s ]
INFO: [ app_end ] --END-- [ RunTime:0.001000s ]

[ 2017-03-14T10:43:22+08:00 ] 127.0.0.1 /index.php/Admin/Department/ajaxGetDep/company_id/001
INFO: [ app_begin ] --START--
INFO: Run Behavior\ReadHtmlCacheBehavior [ RunTime:0.001000s ]
INFO: [ app_begin ] --END-- [ RunTime:0.002000s ]
SQL: SHOW COLUMNS FROM `rm_department` [ RunTime:0.0040s ]
SQL: SELECT * FROM `rm_department` WHERE `company_id` = 1  [ RunTime:0.0000s ]
INFO: [ app_end ] --START--
INFO: Run Behavior\ShowPageTraceBehavior [ RunTime:0.001000s ]
INFO: [ app_end ] --END-- [ RunTime:0.001000s ]

[ 2017-03-14T10:43:24+08:00 ] 127.0.0.1 /index.php/Admin/Department/ajaxGetDep/company_id/009
INFO: [ app_begin ] --START--
INFO: Run Behavior\ReadHtmlCacheBehavior [ RunTime:0.001000s ]
INFO: [ app_begin ] --END-- [ RunTime:0.002000s ]
SQL: SHOW COLUMNS FROM `rm_department` [ RunTime:0.0050s ]
SQL: SELECT * FROM `rm_department` WHERE `company_id` = 9  [ RunTime:0.0010s ]
INFO: [ app_end ] --START--
INFO: Run Behavior\ShowPageTraceBehavior [ RunTime:0.001000s ]
INFO: [ app_end ] --END-- [ RunTime:0.001000s ]

[ 2017-03-14T10:43:52+08:00 ] 127.0.0.1 /index.php/Admin/Department/ajaxGetDep/company_id/001
INFO: [ app_begin ] --START--
INFO: Run Behavior\ReadHtmlCacheBehavior [ RunTime:0.001000s ]
INFO: [ app_begin ] --END-- [ RunTime:0.001000s ]
SQL: SHOW COLUMNS FROM `rm_department` [ RunTime:0.0090s ]
SQL: SELECT * FROM `rm_department` WHERE `company_id` = 1  [ RunTime:0.0010s ]
INFO: [ app_end ] --START--
INFO: Run Behavior\ShowPageTraceBehavior [ RunTime:0.001000s ]
INFO: [ app_end ] --END-- [ RunTime:0.001000s ]

[ 2017-03-14T10:43:54+08:00 ] 127.0.0.1 /index.php/Admin/Department/ajaxGetDep/company_id/002
INFO: [ app_begin ] --START--
INFO: Run Behavior\ReadHtmlCacheBehavior [ RunTime:0.000000s ]
INFO: [ app_begin ] --END-- [ RunTime:0.002000s ]
SQL: SHOW COLUMNS FROM `rm_department` [ RunTime:0.0050s ]
SQL: SELECT * FROM `rm_department` WHERE `company_id` = 2  [ RunTime:0.0010s ]
INFO: [ app_end ] --START--
INFO: Run Behavior\ShowPageTraceBehavior [ RunTime:0.001000s ]
INFO: [ app_end ] --END-- [ RunTime:0.001000s ]

[ 2017-03-14T10:43:57+08:00 ] 127.0.0.1 /index.php/Admin/Department/ajaxGetDep/company_id/001
INFO: [ app_begin ] --START--
INFO: Run Behavior\ReadHtmlCacheBehavior [ RunTime:0.001000s ]
INFO: [ app_begin ] --END-- [ RunTime:0.001000s ]
SQL: SHOW COLUMNS FROM `rm_department` [ RunTime:0.0080s ]
SQL: SELECT * FROM `rm_department` WHERE `company_id` = 1  [ RunTime:0.0010s ]
INFO: [ app_end ] --START--
INFO: Run Behavior\ShowPageTraceBehavior [ RunTime:0.001000s ]
INFO: [ app_end ] --END-- [ RunTime:0.001000s ]

[ 2017-03-14T10:44:00+08:00 ] 127.0.0.1 /index.php/Admin/Department/ajaxGetDep/company_id/008
INFO: [ app_begin ] --START--
INFO: Run Behavior\ReadHtmlCacheBehavior [ RunTime:0.000000s ]
INFO: [ app_begin ] --END-- [ RunTime:0.001000s ]
SQL: SHOW COLUMNS FROM `rm_department` [ RunTime:0.0040s ]
SQL: SELECT * FROM `rm_department` WHERE `company_id` = 8  [ RunTime:0.0000s ]
INFO: [ app_end ] --START--
INFO: Run Behavior\ShowPageTraceBehavior [ RunTime:0.001000s ]
INFO: [ app_end ] --END-- [ RunTime:0.002000s ]

[ 2017-03-14T10:44:01+08:00 ] 127.0.0.1 /index.php/Admin/Department/ajaxGetDep/company_id/009
INFO: [ app_begin ] --START--
INFO: Run Behavior\ReadHtmlCacheBehavior [ RunTime:0.000000s ]
INFO: [ app_begin ] --END-- [ RunTime:0.001000s ]
SQL: SHOW COLUMNS FROM `rm_department` [ RunTime:0.0140s ]
SQL: SELECT * FROM `rm_department` WHERE `company_id` = 9  [ RunTime:0.0010s ]
INFO: [ app_end ] --START--
INFO: Run Behavior\ShowPageTraceBehavior [ RunTime:0.000000s ]
INFO: [ app_end ] --END-- [ RunTime:0.001001s ]

[ 2017-03-14T10:44:05+08:00 ] 127.0.0.1 /index.php/Admin/Department/ajaxGetDep/company_id/001
INFO: [ app_begin ] --START--
INFO: Run Behavior\ReadHtmlCacheBehavior [ RunTime:0.001000s ]
INFO: [ app_begin ] --END-- [ RunTime:0.002000s ]
SQL: SHOW COLUMNS FROM `rm_department` [ RunTime:0.0040s ]
SQL: SELECT * FROM `rm_department` WHERE `company_id` = 1  [ RunTime:0.0000s ]
INFO: [ app_end ] --START--
INFO: Run Behavior\ShowPageTraceBehavior [ RunTime:0.000000s ]
INFO: [ app_end ] --END-- [ RunTime:0.001000s ]

[ 2017-03-14T10:44:26+08:00 ] 127.0.0.1 /index.php/Admin/Department/ajaxGetDep/company_id/002
INFO: [ app_begin ] --START--
INFO: Run Behavior\ReadHtmlCacheBehavior [ RunTime:0.001000s ]
INFO: [ app_begin ] --END-- [ RunTime:0.001000s ]
SQL: SHOW COLUMNS FROM `rm_department` [ RunTime:0.0050s ]
SQL: SELECT * FROM `rm_department` WHERE `company_id` = 2  [ RunTime:0.0010s ]
INFO: [ app_end ] --START--
INFO: Run Behavior\ShowPageTraceBehavior [ RunTime:0.001001s ]
INFO: [ app_end ] --END-- [ RunTime:0.001001s ]

[ 2017-03-14T10:44:29+08:00 ] 127.0.0.1 /index.php/Admin/Department/ajaxGetDep/company_id/001
INFO: [ app_begin ] --START--
INFO: Run Behavior\ReadHtmlCacheBehavior [ RunTime:0.000000s ]
INFO: [ app_begin ] --END-- [ RunTime:0.001000s ]
SQL: SHOW COLUMNS FROM `rm_department` [ RunTime:0.0050s ]
SQL: SELECT * FROM `rm_department` WHERE `company_id` = 1  [ RunTime:0.0020s ]
INFO: [ app_end ] --START--
INFO: Run Behavior\ShowPageTraceBehavior [ RunTime:0.001000s ]
INFO: [ app_end ] --END-- [ RunTime:0.001000s ]

[ 2017-03-14T10:45:26+08:00 ] 127.0.0.1 /index.php/Admin/Department/ajaxGetDep/company_id/002
INFO: [ app_begin ] --START--
INFO: Run Behavior\ReadHtmlCacheBehavior [ RunTime:0.002000s ]
INFO: [ app_begin ] --END-- [ RunTime:0.002000s ]
SQL: SHOW COLUMNS FROM `rm_department` [ RunTime:0.0040s ]
SQL: SELECT * FROM `rm_department` WHERE `company_id` = 2  [ RunTime:0.0000s ]
INFO: [ app_end ] --START--
INFO: Run Behavior\ShowPageTraceBehavior [ RunTime:0.000000s ]
INFO: [ app_end ] --END-- [ RunTime:0.001000s ]

[ 2017-03-14T10:45:28+08:00 ] 127.0.0.1 /index.php/Admin/Department/ajaxGetDep/company_id/001
INFO: [ app_begin ] --START--
INFO: Run Behavior\ReadHtmlCacheBehavior [ RunTime:0.001000s ]
INFO: [ app_begin ] --END-- [ RunTime:0.002000s ]
SQL: SHOW COLUMNS FROM `rm_department` [ RunTime:0.0040s ]
SQL: SELECT * FROM `rm_department` WHERE `company_id` = 1  [ RunTime:0.0000s ]
INFO: [ app_end ] --START--
INFO: Run Behavior\ShowPageTraceBehavior [ RunTime:0.001000s ]
INFO: [ app_end ] --END-- [ RunTime:0.002000s ]

[ 2017-03-14T10:45:32+08:00 ] 127.0.0.1 /index.php/Admin/Department/ajaxGetDep/company_id/008
INFO: [ app_begin ] --START--
INFO: Run Behavior\ReadHtmlCacheBehavior [ RunTime:0.001000s ]
INFO: [ app_begin ] --END-- [ RunTime:0.001000s ]
SQL: SHOW COLUMNS FROM `rm_department` [ RunTime:0.0050s ]
SQL: SELECT * FROM `rm_department` WHERE `company_id` = 8  [ RunTime:0.0000s ]
INFO: [ app_end ] --START--
INFO: Run Behavior\ShowPageTraceBehavior [ RunTime:0.001000s ]
INFO: [ app_end ] --END-- [ RunTime:0.001000s ]

[ 2017-03-14T10:51:05+08:00 ] 127.0.0.1 /index.php/Admin/Department/ajaxGetDep/company_id/001
INFO: [ app_begin ] --START--
INFO: Run Behavior\ReadHtmlCacheBehavior [ RunTime:0.013001s ]
INFO: [ app_begin ] --END-- [ RunTime:0.014001s ]
SQL: SHOW COLUMNS FROM `rm_department` [ RunTime:0.0080s ]
SQL: SELECT * FROM `rm_department` WHERE `company_id` = 1  [ RunTime:0.0000s ]
INFO: [ app_end ] --START--
INFO: Run Behavior\ShowPageTraceBehavior [ RunTime:0.001000s ]
INFO: [ app_end ] --END-- [ RunTime:0.001000s ]

[ 2017-03-14T10:55:01+08:00 ] 127.0.0.1 /index.php/Admin/Department/ajaxGetDep/company_id/001
INFO: [ app_begin ] --START--
INFO: Run Behavior\ReadHtmlCacheBehavior [ RunTime:0.001000s ]
INFO: [ app_begin ] --END-- [ RunTime:0.002000s ]
SQL: SHOW COLUMNS FROM `rm_department` [ RunTime:0.0040s ]
SQL: SELECT * FROM `rm_department` WHERE `company_id` = 1  [ RunTime:0.0010s ]
INFO: [ app_end ] --START--
INFO: Run Behavior\ShowPageTraceBehavior [ RunTime:0.001000s ]
INFO: [ app_end ] --END-- [ RunTime:0.001000s ]

[ 2017-03-14T10:58:46+08:00 ] 127.0.0.1 /index.php/Admin/Department/ajaxGetDep/company_id/002
INFO: [ app_begin ] --START--
INFO: Run Behavior\ReadHtmlCacheBehavior [ RunTime:0.001000s ]
INFO: [ app_begin ] --END-- [ RunTime:0.002000s ]
SQL: SHOW COLUMNS FROM `rm_department` [ RunTime:0.0050s ]
SQL: SELECT * FROM `rm_department` WHERE `company_id` = 2  [ RunTime:0.0000s ]
INFO: [ app_end ] --START--
INFO: Run Behavior\ShowPageTraceBehavior [ RunTime:0.001000s ]
INFO: [ app_end ] --END-- [ RunTime:0.001000s ]

[ 2017-03-14T10:58:48+08:00 ] 127.0.0.1 /index.php/Admin/Department/ajaxGetDep/company_id/001
INFO: [ app_begin ] --START--
INFO: Run Behavior\ReadHtmlCacheBehavior [ RunTime:0.000000s ]
INFO: [ app_begin ] --END-- [ RunTime:0.001000s ]
SQL: SHOW COLUMNS FROM `rm_department` [ RunTime:0.0050s ]
SQL: SELECT * FROM `rm_department` WHERE `company_id` = 1  [ RunTime:0.0000s ]
INFO: [ app_end ] --START--
INFO: Run Behavior\ShowPageTraceBehavior [ RunTime:0.001000s ]
INFO: [ app_end ] --END-- [ RunTime:0.002000s ]

[ 2017-03-14T10:58:57+08:00 ] 127.0.0.1 /index.php/Admin/Department/ajaxGetDep/company_id/001
INFO: [ app_begin ] --START--
INFO: Run Behavior\ReadHtmlCacheBehavior [ RunTime:0.000000s ]
INFO: [ app_begin ] --END-- [ RunTime:0.001000s ]
SQL: SHOW COLUMNS FROM `rm_department` [ RunTime:0.0040s ]
SQL: SELECT * FROM `rm_department` WHERE `company_id` = 1  [ RunTime:0.0010s ]
INFO: [ app_end ] --START--
INFO: Run Behavior\ShowPageTraceBehavior [ RunTime:0.004000s ]
INFO: [ app_end ] --END-- [ RunTime:0.004000s ]

[ 2017-03-14T10:59:12+08:00 ] 127.0.0.1 /index.php/Admin/Department/ajaxGetDep/company_id/002
INFO: [ app_begin ] --START--
INFO: Run Behavior\ReadHtmlCacheBehavior [ RunTime:0.001000s ]
INFO: [ app_begin ] --END-- [ RunTime:0.002000s ]
SQL: SHOW COLUMNS FROM `rm_department` [ RunTime:0.0040s ]
SQL: SELECT * FROM `rm_department` WHERE `company_id` = 2  [ RunTime:0.0010s ]
INFO: [ app_end ] --START--
INFO: Run Behavior\ShowPageTraceBehavior [ RunTime:0.001000s ]
INFO: [ app_end ] --END-- [ RunTime:0.001000s ]

[ 2017-03-14T10:59:15+08:00 ] 127.0.0.1 /index.php/Admin/Department/ajaxGetDep/company_id/001
INFO: [ app_begin ] --START--
INFO: Run Behavior\ReadHtmlCacheBehavior [ RunTime:0.001000s ]
INFO: [ app_begin ] --END-- [ RunTime:0.002000s ]
SQL: SHOW COLUMNS FROM `rm_department` [ RunTime:0.0090s ]
SQL: SELECT * FROM `rm_department` WHERE `company_id` = 1  [ RunTime:0.0010s ]
INFO: [ app_end ] --START--
INFO: Run Behavior\ShowPageTraceBehavior [ RunTime:0.001000s ]
INFO: [ app_end ] --END-- [ RunTime:0.001000s ]

[ 2017-03-14T14:10:48+08:00 ] 127.0.0.1 /index.php/Equipment/equipmentList/project_id/001.html
ERR: SQLSTATE[42S22]: Column not found: 1054 Unknown column 'a.company_id' in 'on clause'

