[ 2017-03-04T07:58:24+08:00 ] 127.0.0.1 /index.php/Login/ajaxLogin.html
INFO: [ app_begin ] --START--
INFO: Run Behavior\ReadHtmlCacheBehavior [ RunTime:0.000610s ]
INFO: [ app_begin ] --END-- [ RunTime:0.000988s ]
SQL: SHOW COLUMNS FROM `rm_user` [ RunTime:0.0006s ]

[ 2017-03-04T07:58:32+08:00 ] 127.0.0.1 /index.php/Login/ajaxLogin.html
INFO: [ app_begin ] --START--
INFO: Run Behavior\ReadHtmlCacheBehavior [ RunTime:0.000668s ]
INFO: [ app_begin ] --END-- [ RunTime:0.001092s ]
SQL: SHOW COLUMNS FROM `rm_user` [ RunTime:0.0005s ]
SQL: SELECT * FROM `rm_user` WHERE `username` = 'lishen' LIMIT 1   [ RunTime:0.0003s ]
SQL: SHOW COLUMNS FROM `rm_company` [ RunTime:0.0147s ]
SQL: SELECT * FROM `rm_company` WHERE `id` = 2 LIMIT 1   [ RunTime:0.0002s ]
SQL: SHOW COLUMNS FROM `rm_department` [ RunTime:0.0008s ]
SQL: SELECT * FROM `rm_department` WHERE `id` = 1 LIMIT 1   [ RunTime:0.0002s ]

[ 2017-03-04T08:46:13+08:00 ] 127.0.0.1 /index.php/Login/ajaxLogin.html
INFO: [ app_begin ] --START--
INFO: Run Behavior\ReadHtmlCacheBehavior [ RunTime:0.000879s ]
INFO: [ app_begin ] --END-- [ RunTime:0.001365s ]
SQL: SHOW COLUMNS FROM `rm_user` [ RunTime:0.0013s ]
SQL: SELECT * FROM `rm_user` WHERE `username` = 'admin' LIMIT 1   [ RunTime:0.0163s ]
SQL: SHOW COLUMNS FROM `rm_company` [ RunTime:0.0310s ]
SQL: SELECT * FROM `rm_company` WHERE `id` = 2 LIMIT 1   [ RunTime:0.0005s ]
SQL: SHOW COLUMNS FROM `rm_department` [ RunTime:0.0018s ]
SQL: SELECT * FROM `rm_department` WHERE `id` = 1 LIMIT 1   [ RunTime:0.0004s ]

[ 2017-03-04T08:50:16+08:00 ] 127.0.0.1 /index.php/Project/detail/id/001/p/1.html
ERR: 非法操作:detail

[ 2017-03-04T08:54:43+08:00 ] 127.0.0.1 /index.php/Project/edit.html
ERR: 模板不存在:./Application/Admin/View/Project/edit.html

[ 2017-03-04T11:17:24+08:00 ] 127.0.0.1 /index.php/Project/edit/id/001.html
ERR: 模板不存在:./Application/Admin/View/Project/edit.html

[ 2017-03-04T11:31:05+08:00 ] 127.0.0.1 /index.php/Project/edit/id/008.html
ERR: 模板不存在:./Application/Admin/View/Project/edit.html

