[ 2017-04-18T07:32:09+08:00 ] 127.0.0.1 /index.php/Login/ajaxLogin.html
INFO: [ app_begin ] --START--
INFO: Run Behavior\ReadHtmlCacheBehavior [ RunTime:0.000530s ]
INFO: [ app_begin ] --END-- [ RunTime:0.000969s ]
SQL: SHOW COLUMNS FROM `rm_user` [ RunTime:0.0789s ]
SQL: SELECT * FROM `rm_user` WHERE `username` = 'lishen' LIMIT 1   [ RunTime:0.0095s ]
SQL: SHOW COLUMNS FROM `rm_company` [ RunTime:0.0022s ]
SQL: SELECT * FROM `rm_company` WHERE `id` = 2 LIMIT 1   [ RunTime:0.0007s ]
SQL: SHOW COLUMNS FROM `rm_department` [ RunTime:0.0020s ]
SQL: SELECT * FROM `rm_department` WHERE `id` = 1 LIMIT 1   [ RunTime:0.0004s ]

[ 2017-04-18T07:32:23+08:00 ] 127.0.0.1 /index.php/Repair/search/repair_status/1.html
ERR: SQLSTATE[42S22]: Column not found: 1054 Unknown column 'a.report_persion_id' in 'on clause'

[ 2017-04-18T07:41:51+08:00 ] 127.0.0.1 /index.php/Repair/search/repair_status/2.html
ERR: SQLSTATE[42S22]: Column not found: 1054 Unknown column 'a.report_persion_id' in 'on clause'

[ 2017-04-18T07:42:01+08:00 ] 127.0.0.1 /index.php/Repair/search/repair_status/1.html
ERR: SQLSTATE[42S22]: Column not found: 1054 Unknown column 'a.report_persion_id' in 'on clause'

[ 2017-04-18T07:42:42+08:00 ] 127.0.0.1 /index.php/Repair/search/repair_status/1.html
ERR: SQLSTATE[42S22]: Column not found: 1054 Unknown column 'a.company_id' in 'on clause'

[ 2017-04-18T07:43:10+08:00 ] 127.0.0.1 /index.php/Admin/Equipment/ajaxGetEq/project_id/001
INFO: [ app_begin ] --START--
INFO: Run Behavior\ReadHtmlCacheBehavior [ RunTime:0.000725s ]
INFO: [ app_begin ] --END-- [ RunTime:0.001185s ]
SQL: SHOW COLUMNS FROM `rm_equipment` [ RunTime:0.0005s ]
SQL: SELECT * FROM `rm_equipment` WHERE `project_id` = '001'  [ RunTime:0.0003s ]
INFO: [ app_end ] --START--
INFO: Run Behavior\ShowPageTraceBehavior [ RunTime:0.000689s ]
INFO: [ app_end ] --END-- [ RunTime:0.000772s ]

[ 2017-04-18T07:55:16+08:00 ] 127.0.0.1 /index.php/Admin/Equipment/ajaxGetEq/project_id/001
INFO: [ app_begin ] --START--
INFO: Run Behavior\ReadHtmlCacheBehavior [ RunTime:0.000684s ]
INFO: [ app_begin ] --END-- [ RunTime:0.001122s ]
SQL: SHOW COLUMNS FROM `rm_equipment` [ RunTime:0.0005s ]
SQL: SELECT * FROM `rm_equipment` WHERE `project_id` = '001'  [ RunTime:0.0003s ]
INFO: [ app_end ] --START--
INFO: Run Behavior\ShowPageTraceBehavior [ RunTime:0.000745s ]
INFO: [ app_end ] --END-- [ RunTime:0.000831s ]

[ 2017-04-18T08:00:21+08:00 ] 127.0.0.1 /index.php/Admin/Equipment/ajaxGetEq/project_id/001
INFO: [ app_begin ] --START--
INFO: Run Behavior\ReadHtmlCacheBehavior [ RunTime:0.000569s ]
INFO: [ app_begin ] --END-- [ RunTime:0.000992s ]
SQL: SHOW COLUMNS FROM `rm_equipment` [ RunTime:0.0005s ]
SQL: SELECT * FROM `rm_equipment` WHERE `project_id` = '001'  [ RunTime:0.0003s ]
INFO: [ app_end ] --START--
INFO: Run Behavior\ShowPageTraceBehavior [ RunTime:0.000671s ]
INFO: [ app_end ] --END-- [ RunTime:0.000762s ]

[ 2017-04-18T08:00:43+08:00 ] 127.0.0.1 /index.php/admin/repair/report.html
ERR: SQLSTATE[42S22]: Column not found: 1054 Unknown column 'time' in 'field list'

[ 2017-04-18T19:43:38+08:00 ] 127.0.0.1 /index.php/Login/ajaxLogin.html
INFO: [ app_begin ] --START--
INFO: Run Behavior\ReadHtmlCacheBehavior [ RunTime:0.000714s ]
INFO: [ app_begin ] --END-- [ RunTime:0.001173s ]
SQL: SHOW COLUMNS FROM `rm_user` [ RunTime:0.0005s ]
SQL: SELECT * FROM `rm_user` WHERE `username` = 'lishen' LIMIT 1   [ RunTime:0.0003s ]
SQL: SHOW COLUMNS FROM `rm_company` [ RunTime:0.0004s ]
SQL: SELECT * FROM `rm_company` WHERE `id` = 2 LIMIT 1   [ RunTime:0.0002s ]
SQL: SHOW COLUMNS FROM `rm_department` [ RunTime:0.0010s ]
SQL: SELECT * FROM `rm_department` WHERE `id` = 1 LIMIT 1   [ RunTime:0.0002s ]

[ 2017-04-18T19:43:51+08:00 ] 127.0.0.1 /index.php/Admin/Equipment/ajaxGetEq/project_id/001
INFO: [ app_begin ] --START--
INFO: Run Behavior\ReadHtmlCacheBehavior [ RunTime:0.000579s ]
INFO: [ app_begin ] --END-- [ RunTime:0.000992s ]
SQL: SHOW COLUMNS FROM `rm_equipment` [ RunTime:0.0005s ]
SQL: SELECT * FROM `rm_equipment` WHERE `project_id` = '001'  [ RunTime:0.0003s ]
INFO: [ app_end ] --START--
INFO: Run Behavior\ShowPageTraceBehavior [ RunTime:0.000559s ]
INFO: [ app_end ] --END-- [ RunTime:0.000635s ]

[ 2017-04-18T19:44:16+08:00 ] 127.0.0.1 /index.php/admin/repair/report.html
ERR: SQLSTATE[42S22]: Column not found: 1054 Unknown column 'report_order' in 'field list'

[ 2017-04-18T19:45:15+08:00 ] 127.0.0.1 /index.php/Admin/Equipment/ajaxGetEq/project_id/002
INFO: [ app_begin ] --START--
INFO: Run Behavior\ReadHtmlCacheBehavior [ RunTime:0.000656s ]
INFO: [ app_begin ] --END-- [ RunTime:0.001072s ]
SQL: SHOW COLUMNS FROM `rm_equipment` [ RunTime:0.0006s ]
SQL: SELECT * FROM `rm_equipment` WHERE `project_id` = '002'  [ RunTime:0.0003s ]
INFO: [ app_end ] --START--
INFO: Run Behavior\ShowPageTraceBehavior [ RunTime:0.000746s ]
INFO: [ app_end ] --END-- [ RunTime:0.000833s ]

[ 2017-04-18T19:45:17+08:00 ] 127.0.0.1 /index.php/Admin/Equipment/ajaxGetEq/project_id/001
INFO: [ app_begin ] --START--
INFO: Run Behavior\ReadHtmlCacheBehavior [ RunTime:0.000688s ]
INFO: [ app_begin ] --END-- [ RunTime:0.001108s ]
SQL: SHOW COLUMNS FROM `rm_equipment` [ RunTime:0.0005s ]
SQL: SELECT * FROM `rm_equipment` WHERE `project_id` = '001'  [ RunTime:0.0003s ]
INFO: [ app_end ] --START--
INFO: Run Behavior\ShowPageTraceBehavior [ RunTime:0.000740s ]
INFO: [ app_end ] --END-- [ RunTime:0.000827s ]

[ 2017-04-18T19:45:22+08:00 ] 127.0.0.1 /index.php/admin/repair/report.html
ERR: SQLSTATE[01000]: Warning: 1265 Data truncated for column 'equipment_id' at row 1

[ 2017-04-18T19:47:37+08:00 ] 127.0.0.1 /index.php/Admin/Equipment/ajaxGetEq/project_id/001
INFO: [ app_begin ] --START--
INFO: Run Behavior\ReadHtmlCacheBehavior [ RunTime:0.000743s ]
INFO: [ app_begin ] --END-- [ RunTime:0.001239s ]
SQL: SHOW COLUMNS FROM `rm_equipment` [ RunTime:0.0005s ]
SQL: SELECT * FROM `rm_equipment` WHERE `project_id` = '001'  [ RunTime:0.0003s ]
INFO: [ app_end ] --START--
INFO: Run Behavior\ShowPageTraceBehavior [ RunTime:0.000708s ]
INFO: [ app_end ] --END-- [ RunTime:0.000796s ]

[ 2017-04-18T19:47:42+08:00 ] 127.0.0.1 /index.php/admin/repair/report.html
ERR: SQLSTATE[HY000]: General error: 1364 Field 'report_time' doesn't have a default value

[ 2017-04-18T19:49:20+08:00 ] 127.0.0.1 /index.php/Admin/Equipment/ajaxGetEq/project_id/002
INFO: [ app_begin ] --START--
INFO: Run Behavior\ReadHtmlCacheBehavior [ RunTime:0.000645s ]
INFO: [ app_begin ] --END-- [ RunTime:0.001045s ]
SQL: SHOW COLUMNS FROM `rm_equipment` [ RunTime:0.0007s ]
SQL: SELECT * FROM `rm_equipment` WHERE `project_id` = '002'  [ RunTime:0.0003s ]
INFO: [ app_end ] --START--
INFO: Run Behavior\ShowPageTraceBehavior [ RunTime:0.000655s ]
INFO: [ app_end ] --END-- [ RunTime:0.000733s ]

[ 2017-04-18T19:49:21+08:00 ] 127.0.0.1 /index.php/Admin/Equipment/ajaxGetEq/project_id/001
INFO: [ app_begin ] --START--
INFO: Run Behavior\ReadHtmlCacheBehavior [ RunTime:0.000727s ]
INFO: [ app_begin ] --END-- [ RunTime:0.001225s ]
SQL: SHOW COLUMNS FROM `rm_equipment` [ RunTime:0.0005s ]
SQL: SELECT * FROM `rm_equipment` WHERE `project_id` = '001'  [ RunTime:0.0003s ]
INFO: [ app_end ] --START--
INFO: Run Behavior\ShowPageTraceBehavior [ RunTime:0.000779s ]
INFO: [ app_end ] --END-- [ RunTime:0.000870s ]

[ 2017-04-18T19:49:28+08:00 ] 127.0.0.1 /index.php/Repair/reportList.html
ERR: 非法操作:reportList

[ 2017-04-18T20:48:45+08:00 ] 127.0.0.1 /index.php/Repair/detail/id/1.html
ERR: 非法操作:detail

[ 2017-04-18T20:48:48+08:00 ] 127.0.0.1 /index.php/Repair/edit/id/1.html
ERR: 模板不存在:./Application/Admin/View/Repair/edit.html

[ 2017-04-18T20:51:53+08:00 ] 127.0.0.1 /index.php/Repair/edit/id/1.html
ERR: 模板不存在:./Application/Admin/View/Repair/edit.html

[ 2017-04-18T20:56:20+08:00 ] 127.0.0.1 /index.php/Repair/edit/id/1.html
ERR: 模板不存在:./Application/Admin/View/Repair/edit.html

[ 2017-04-18T20:59:20+08:00 ] 127.0.0.1 /index.php/Admin/Equipment/ajaxGetEq/project_id/001
INFO: [ app_begin ] --START--
INFO: Run Behavior\ReadHtmlCacheBehavior [ RunTime:0.000623s ]
INFO: [ app_begin ] --END-- [ RunTime:0.001111s ]
SQL: SHOW COLUMNS FROM `rm_equipment` [ RunTime:0.0005s ]
SQL: SELECT * FROM `rm_equipment` WHERE `project_id` = '001'  [ RunTime:0.0003s ]
INFO: [ app_end ] --START--
INFO: Run Behavior\ShowPageTraceBehavior [ RunTime:0.000572s ]
INFO: [ app_end ] --END-- [ RunTime:0.000656s ]

[ 2017-04-18T21:00:12+08:00 ] 127.0.0.1 /index.php/Admin/Equipment/ajaxGetEq/project_id/001
INFO: [ app_begin ] --START--
INFO: Run Behavior\ReadHtmlCacheBehavior [ RunTime:0.000779s ]
INFO: [ app_begin ] --END-- [ RunTime:0.001301s ]
SQL: SHOW COLUMNS FROM `rm_equipment` [ RunTime:0.0005s ]
SQL: SELECT * FROM `rm_equipment` WHERE `project_id` = '001'  [ RunTime:0.0003s ]
INFO: [ app_end ] --START--
INFO: Run Behavior\ShowPageTraceBehavior [ RunTime:0.000787s ]
INFO: [ app_end ] --END-- [ RunTime:0.000862s ]

[ 2017-04-18T21:00:27+08:00 ] 127.0.0.1 /index.php/Admin/Equipment/ajaxGetEq/project_id/001
INFO: [ app_begin ] --START--
INFO: Run Behavior\ReadHtmlCacheBehavior [ RunTime:0.000510s ]
INFO: [ app_begin ] --END-- [ RunTime:0.000946s ]
SQL: SHOW COLUMNS FROM `rm_equipment` [ RunTime:0.0005s ]
SQL: SELECT * FROM `rm_equipment` WHERE `project_id` = '001'  [ RunTime:0.0003s ]
INFO: [ app_end ] --START--
INFO: Run Behavior\ShowPageTraceBehavior [ RunTime:0.000476s ]
INFO: [ app_end ] --END-- [ RunTime:0.000554s ]

[ 2017-04-18T21:07:24+08:00 ] 127.0.0.1 /index.php/Admin/Repair/search?search_name=%E6%9D%8E
ERR: SQLSTATE[42S22]: Column not found: 1054 Unknown column 'b.project_name' in 'where clause'

[ 2017-04-18T21:08:57+08:00 ] 127.0.0.1 /index.php/Admin/Repair/search?search_name=%E6%9D%8E
ERR: SQLSTATE[42S22]: Column not found: 1054 Unknown column 'b.project_name' in 'where clause'

[ 2017-04-18T21:09:25+08:00 ] 127.0.0.1 /index.php/Admin/Repair/search?search_name=%E6%9D%8E
ERR: SQLSTATE[42S22]: Column not found: 1054 Unknown column 'b.project_name' in 'where clause'

[ 2017-04-18T21:09:54+08:00 ] 127.0.0.1 /index.php/Repair/reairList/p/1.html
ERR: 非法操作:reairList

[ 2017-04-18T21:10:21+08:00 ] 127.0.0.1 /index.php/Repair/reairList/p/1.html
ERR: 非法操作:reairList

