[ 2017-03-02T07:13:42+08:00 ] 127.0.0.1 /index.php/Login/ajaxLogin.html
INFO: [ app_begin ] --START--
INFO: Run Behavior\ReadHtmlCacheBehavior [ RunTime:0.000568s ]
INFO: [ app_begin ] --END-- [ RunTime:0.001006s ]
SQL: SHOW COLUMNS FROM `rm_user` [ RunTime:0.0880s ]
SQL: SELECT * FROM `rm_user` WHERE `username` = 'lishen' LIMIT 1   [ RunTime:0.0046s ]
SQL: SHOW COLUMNS FROM `rm_company` [ RunTime:0.0314s ]
SQL: SELECT * FROM `rm_company` WHERE `id` = 2 LIMIT 1   [ RunTime:0.0010s ]
SQL: SHOW COLUMNS FROM `rm_department` [ RunTime:0.0124s ]
SQL: SELECT * FROM `rm_department` WHERE `id` = 1 LIMIT 1   [ RunTime:0.0010s ]

[ 2017-03-02T07:14:27+08:00 ] 127.0.0.1 /index.php/User/userInfo.html
ERR: 非法操作:userInfo

[ 2017-03-02T07:21:12+08:00 ] 127.0.0.1 /index.php/Admin/Department/ajaxGetDep/company_id/003
INFO: [ app_begin ] --START--
INFO: Run Behavior\ReadHtmlCacheBehavior [ RunTime:0.000477s ]
INFO: [ app_begin ] --END-- [ RunTime:0.000858s ]
SQL: SHOW COLUMNS FROM `rm_department` [ RunTime:0.0011s ]
SQL: SELECT * FROM `rm_department` WHERE `company_id` = 3  [ RunTime:0.0003s ]
INFO: [ app_end ] --START--
INFO: Run Behavior\ShowPageTraceBehavior [ RunTime:0.000663s ]
INFO: [ app_end ] --END-- [ RunTime:0.000759s ]

[ 2017-03-02T07:21:14+08:00 ] 127.0.0.1 /index.php/Admin/Department/ajaxGetDep/company_id/007
INFO: [ app_begin ] --START--
INFO: Run Behavior\ReadHtmlCacheBehavior [ RunTime:0.000430s ]
INFO: [ app_begin ] --END-- [ RunTime:0.000784s ]
SQL: SHOW COLUMNS FROM `rm_department` [ RunTime:0.0011s ]
SQL: SELECT * FROM `rm_department` WHERE `company_id` = 7  [ RunTime:0.0003s ]
INFO: [ app_end ] --START--
INFO: Run Behavior\ShowPageTraceBehavior [ RunTime:0.000660s ]
INFO: [ app_end ] --END-- [ RunTime:0.000745s ]

[ 2017-03-02T07:21:17+08:00 ] 127.0.0.1 /index.php/Admin/Department/ajaxGetDep/company_id/008
INFO: [ app_begin ] --START--
INFO: Run Behavior\ReadHtmlCacheBehavior [ RunTime:0.000426s ]
INFO: [ app_begin ] --END-- [ RunTime:0.000785s ]
SQL: SHOW COLUMNS FROM `rm_department` [ RunTime:0.0011s ]
SQL: SELECT * FROM `rm_department` WHERE `company_id` = 8  [ RunTime:0.0003s ]
INFO: [ app_end ] --START--
INFO: Run Behavior\ShowPageTraceBehavior [ RunTime:0.000706s ]
INFO: [ app_end ] --END-- [ RunTime:0.000835s ]

[ 2017-03-02T07:21:19+08:00 ] 127.0.0.1 /index.php/Admin/Department/ajaxGetDep/company_id/003
INFO: [ app_begin ] --START--
INFO: Run Behavior\ReadHtmlCacheBehavior [ RunTime:0.000429s ]
INFO: [ app_begin ] --END-- [ RunTime:0.000792s ]
SQL: SHOW COLUMNS FROM `rm_department` [ RunTime:0.0011s ]
SQL: SELECT * FROM `rm_department` WHERE `company_id` = 3  [ RunTime:0.0003s ]
INFO: [ app_end ] --START--
INFO: Run Behavior\ShowPageTraceBehavior [ RunTime:0.000605s ]
INFO: [ app_end ] --END-- [ RunTime:0.000692s ]

[ 2017-03-02T07:21:20+08:00 ] 127.0.0.1 /index.php/Admin/Department/ajaxGetDep/company_id/012
INFO: [ app_begin ] --START--
INFO: Run Behavior\ReadHtmlCacheBehavior [ RunTime:0.000608s ]
INFO: [ app_begin ] --END-- [ RunTime:0.001326s ]
SQL: SHOW COLUMNS FROM `rm_department` [ RunTime:0.0011s ]
SQL: SELECT * FROM `rm_department` WHERE `company_id` = 12  [ RunTime:0.0004s ]
INFO: [ app_end ] --START--
INFO: Run Behavior\ShowPageTraceBehavior [ RunTime:0.000741s ]
INFO: [ app_end ] --END-- [ RunTime:0.000838s ]

[ 2017-03-02T07:21:26+08:00 ] 127.0.0.1 /index.php/Admin/Department/ajaxGetDep/company_id/007
INFO: [ app_begin ] --START--
INFO: Run Behavior\ReadHtmlCacheBehavior [ RunTime:0.000420s ]
INFO: [ app_begin ] --END-- [ RunTime:0.000762s ]
SQL: SHOW COLUMNS FROM `rm_department` [ RunTime:0.0011s ]
SQL: SELECT * FROM `rm_department` WHERE `company_id` = 7  [ RunTime:0.0003s ]
INFO: [ app_end ] --START--
INFO: Run Behavior\ShowPageTraceBehavior [ RunTime:0.000655s ]
INFO: [ app_end ] --END-- [ RunTime:0.000739s ]

[ 2017-03-02T07:21:52+08:00 ] 127.0.0.1 /index.php/Admin/Department/ajaxGetDep/company_id/008
INFO: [ app_begin ] --START--
INFO: Run Behavior\ReadHtmlCacheBehavior [ RunTime:0.000418s ]
INFO: [ app_begin ] --END-- [ RunTime:0.000767s ]
SQL: SHOW COLUMNS FROM `rm_department` [ RunTime:0.0011s ]
SQL: SELECT * FROM `rm_department` WHERE `company_id` = 8  [ RunTime:0.0003s ]
INFO: [ app_end ] --START--
INFO: Run Behavior\ShowPageTraceBehavior [ RunTime:0.000582s ]
INFO: [ app_end ] --END-- [ RunTime:0.000667s ]

[ 2017-03-02T07:21:54+08:00 ] 127.0.0.1 /index.php/Admin/Department/ajaxGetDep/company_id/003
INFO: [ app_begin ] --START--
INFO: Run Behavior\ReadHtmlCacheBehavior [ RunTime:0.000388s ]
INFO: [ app_begin ] --END-- [ RunTime:0.000706s ]
SQL: SHOW COLUMNS FROM `rm_department` [ RunTime:0.0010s ]
SQL: SELECT * FROM `rm_department` WHERE `company_id` = 3  [ RunTime:0.0003s ]
INFO: [ app_end ] --START--
INFO: Run Behavior\ShowPageTraceBehavior [ RunTime:0.000724s ]
INFO: [ app_end ] --END-- [ RunTime:0.000832s ]

[ 2017-03-02T07:21:56+08:00 ] 127.0.0.1 /index.php/Admin/Department/ajaxGetDep/company_id/008
INFO: [ app_begin ] --START--
INFO: Run Behavior\ReadHtmlCacheBehavior [ RunTime:0.000453s ]
INFO: [ app_begin ] --END-- [ RunTime:0.000844s ]
SQL: SHOW COLUMNS FROM `rm_department` [ RunTime:0.0011s ]
SQL: SELECT * FROM `rm_department` WHERE `company_id` = 8  [ RunTime:0.0003s ]
INFO: [ app_end ] --START--
INFO: Run Behavior\ShowPageTraceBehavior [ RunTime:0.000542s ]
INFO: [ app_end ] --END-- [ RunTime:0.000622s ]

[ 2017-03-02T07:21:59+08:00 ] 127.0.0.1 /index.php/Admin/Department/ajaxGetDep/company_id/011
INFO: [ app_begin ] --START--
INFO: Run Behavior\ReadHtmlCacheBehavior [ RunTime:0.000426s ]
INFO: [ app_begin ] --END-- [ RunTime:0.000763s ]
SQL: SHOW COLUMNS FROM `rm_department` [ RunTime:0.0011s ]
SQL: SELECT * FROM `rm_department` WHERE `company_id` = 11  [ RunTime:0.0003s ]
INFO: [ app_end ] --START--
INFO: Run Behavior\ShowPageTraceBehavior [ RunTime:0.000570s ]
INFO: [ app_end ] --END-- [ RunTime:0.000654s ]

[ 2017-03-02T07:22:01+08:00 ] 127.0.0.1 /index.php/Admin/Department/ajaxGetDep/company_id/002
INFO: [ app_begin ] --START--
INFO: Run Behavior\ReadHtmlCacheBehavior [ RunTime:0.000416s ]
INFO: [ app_begin ] --END-- [ RunTime:0.000758s ]
SQL: SHOW COLUMNS FROM `rm_department` [ RunTime:0.0005s ]
SQL: SELECT * FROM `rm_department` WHERE `company_id` = 2  [ RunTime:0.0003s ]
INFO: [ app_end ] --START--
INFO: Run Behavior\ShowPageTraceBehavior [ RunTime:0.000559s ]
INFO: [ app_end ] --END-- [ RunTime:0.000645s ]

[ 2017-03-02T07:22:02+08:00 ] 127.0.0.1 /index.php/Admin/Department/ajaxGetDep/company_id/008
INFO: [ app_begin ] --START--
INFO: Run Behavior\ReadHtmlCacheBehavior [ RunTime:0.000429s ]
INFO: [ app_begin ] --END-- [ RunTime:0.000775s ]
SQL: SHOW COLUMNS FROM `rm_department` [ RunTime:0.0005s ]
SQL: SELECT * FROM `rm_department` WHERE `company_id` = 8  [ RunTime:0.0002s ]
INFO: [ app_end ] --START--
INFO: Run Behavior\ShowPageTraceBehavior [ RunTime:0.000765s ]
INFO: [ app_end ] --END-- [ RunTime:0.000890s ]

[ 2017-03-02T07:22:03+08:00 ] 127.0.0.1 /index.php/Admin/Department/ajaxGetDep/company_id/012
INFO: [ app_begin ] --START--
INFO: Run Behavior\ReadHtmlCacheBehavior [ RunTime:0.000493s ]
INFO: [ app_begin ] --END-- [ RunTime:0.000910s ]
SQL: SHOW COLUMNS FROM `rm_department` [ RunTime:0.0005s ]
SQL: SELECT * FROM `rm_department` WHERE `company_id` = 12  [ RunTime:0.0002s ]
INFO: [ app_end ] --START--
INFO: Run Behavior\ShowPageTraceBehavior [ RunTime:0.000637s ]
INFO: [ app_end ] --END-- [ RunTime:0.000711s ]

[ 2017-03-02T07:22:05+08:00 ] 127.0.0.1 /index.php/Admin/Department/ajaxGetDep/company_id/002
INFO: [ app_begin ] --START--
INFO: Run Behavior\ReadHtmlCacheBehavior [ RunTime:0.000487s ]
INFO: [ app_begin ] --END-- [ RunTime:0.000880s ]
SQL: SHOW COLUMNS FROM `rm_department` [ RunTime:0.0005s ]
SQL: SELECT * FROM `rm_department` WHERE `company_id` = 2  [ RunTime:0.0003s ]
INFO: [ app_end ] --START--
INFO: Run Behavior\ShowPageTraceBehavior [ RunTime:0.000625s ]
INFO: [ app_end ] --END-- [ RunTime:0.000710s ]

[ 2017-03-02T07:22:06+08:00 ] 127.0.0.1 /index.php/Admin/Department/ajaxGetDep/company_id/010
INFO: [ app_begin ] --START--
INFO: Run Behavior\ReadHtmlCacheBehavior [ RunTime:0.000397s ]
INFO: [ app_begin ] --END-- [ RunTime:0.000717s ]
SQL: SHOW COLUMNS FROM `rm_department` [ RunTime:0.0005s ]
SQL: SELECT * FROM `rm_department` WHERE `company_id` = 10  [ RunTime:0.0003s ]
INFO: [ app_end ] --START--
INFO: Run Behavior\ShowPageTraceBehavior [ RunTime:0.000665s ]
INFO: [ app_end ] --END-- [ RunTime:0.000742s ]

[ 2017-03-02T07:22:08+08:00 ] 127.0.0.1 /index.php/Admin/Department/ajaxGetDep/company_id/003
INFO: [ app_begin ] --START--
INFO: Run Behavior\ReadHtmlCacheBehavior [ RunTime:0.000432s ]
INFO: [ app_begin ] --END-- [ RunTime:0.000780s ]
SQL: SHOW COLUMNS FROM `rm_department` [ RunTime:0.0005s ]
SQL: SELECT * FROM `rm_department` WHERE `company_id` = 3  [ RunTime:0.0003s ]
INFO: [ app_end ] --START--
INFO: Run Behavior\ShowPageTraceBehavior [ RunTime:0.000628s ]
INFO: [ app_end ] --END-- [ RunTime:0.000714s ]

[ 2017-03-02T07:22:08+08:00 ] 127.0.0.1 /index.php/Admin/Department/ajaxGetDep/company_id/010
INFO: [ app_begin ] --START--
INFO: Run Behavior\ReadHtmlCacheBehavior [ RunTime:0.000426s ]
INFO: [ app_begin ] --END-- [ RunTime:0.000786s ]
SQL: SHOW COLUMNS FROM `rm_department` [ RunTime:0.0005s ]
SQL: SELECT * FROM `rm_department` WHERE `company_id` = 10  [ RunTime:0.0003s ]
INFO: [ app_end ] --START--
INFO: Run Behavior\ShowPageTraceBehavior [ RunTime:0.000586s ]
INFO: [ app_end ] --END-- [ RunTime:0.000669s ]

[ 2017-03-02T07:22:10+08:00 ] 127.0.0.1 /index.php/Admin/Department/ajaxGetDep/company_id/008
INFO: [ app_begin ] --START--
INFO: Run Behavior\ReadHtmlCacheBehavior [ RunTime:0.000434s ]
INFO: [ app_begin ] --END-- [ RunTime:0.000799s ]
SQL: SHOW COLUMNS FROM `rm_department` [ RunTime:0.0005s ]
SQL: SELECT * FROM `rm_department` WHERE `company_id` = 8  [ RunTime:0.0003s ]
INFO: [ app_end ] --START--
INFO: Run Behavior\ShowPageTraceBehavior [ RunTime:0.000655s ]
INFO: [ app_end ] --END-- [ RunTime:0.000740s ]

[ 2017-03-02T07:22:12+08:00 ] 127.0.0.1 /index.php/Admin/Department/ajaxGetDep/company_id/011
INFO: [ app_begin ] --START--
INFO: Run Behavior\ReadHtmlCacheBehavior [ RunTime:0.000420s ]
INFO: [ app_begin ] --END-- [ RunTime:0.000762s ]
SQL: SHOW COLUMNS FROM `rm_department` [ RunTime:0.0005s ]
SQL: SELECT * FROM `rm_department` WHERE `company_id` = 11  [ RunTime:0.0003s ]
INFO: [ app_end ] --START--
INFO: Run Behavior\ShowPageTraceBehavior [ RunTime:0.000634s ]
INFO: [ app_end ] --END-- [ RunTime:0.000717s ]

[ 2017-03-02T08:03:57+08:00 ] 127.0.0.1 /index.php/User/userInfo.html
ERR: 非法操作:userInfo

[ 2017-03-02T08:06:40+08:00 ] 127.0.0.1 /index.php/User/userInfo.html
ERR: 非法操作:userInfo

[ 2017-03-02T14:30:06+08:00 ] 127.0.0.1 /index.php/Login/ajaxLogin.html
INFO: [ app_begin ] --START--
INFO: Run Behavior\ReadHtmlCacheBehavior [ RunTime:0.000493s ]
INFO: [ app_begin ] --END-- [ RunTime:0.000919s ]
SQL: SHOW COLUMNS FROM `rm_user` [ RunTime:0.1159s ]
SQL: SELECT * FROM `rm_user` WHERE `username` = 'lishen' LIMIT 1   [ RunTime:0.0095s ]
SQL: SHOW COLUMNS FROM `rm_company` [ RunTime:0.0278s ]
SQL: SELECT * FROM `rm_company` WHERE `id` = 2 LIMIT 1   [ RunTime:0.0009s ]
SQL: SHOW COLUMNS FROM `rm_department` [ RunTime:0.0122s ]
SQL: SELECT * FROM `rm_department` WHERE `id` = 1 LIMIT 1   [ RunTime:0.0009s ]

[ 2017-03-02T14:52:06+08:00 ] 127.0.0.1 /index.php/User/add/p/1.html
ERR: 非法操作:add

[ 2017-03-02T14:52:33+08:00 ] 127.0.0.1 /index.php/Admin/User/ajaxGetDep/company_id/002
INFO: [ app_begin ] --START--
INFO: Run Behavior\ReadHtmlCacheBehavior [ RunTime:0.000417s ]
INFO: [ app_begin ] --END-- [ RunTime:0.000792s ]
ERR: 非法操作:ajaxGetDep

[ 2017-03-02T14:53:03+08:00 ] 127.0.0.1 /index.php/Admin/Department/ajaxGetDep/company_id/002
INFO: [ app_begin ] --START--
INFO: Run Behavior\ReadHtmlCacheBehavior [ RunTime:0.000428s ]
INFO: [ app_begin ] --END-- [ RunTime:0.000800s ]
SQL: SHOW COLUMNS FROM `rm_department` [ RunTime:0.0005s ]
SQL: SELECT * FROM `rm_department` WHERE `company_id` = 2  [ RunTime:0.0003s ]
INFO: [ app_end ] --START--
INFO: Run Behavior\ShowPageTraceBehavior [ RunTime:0.000536s ]
INFO: [ app_end ] --END-- [ RunTime:0.000623s ]

[ 2017-03-02T14:53:05+08:00 ] 127.0.0.1 /index.php/Admin/Department/ajaxGetDep/company_id/004
INFO: [ app_begin ] --START--
INFO: Run Behavior\ReadHtmlCacheBehavior [ RunTime:0.000465s ]
INFO: [ app_begin ] --END-- [ RunTime:0.000880s ]
SQL: SHOW COLUMNS FROM `rm_department` [ RunTime:0.0005s ]
SQL: SELECT * FROM `rm_department` WHERE `company_id` = 4  [ RunTime:0.0003s ]
INFO: [ app_end ] --START--
INFO: Run Behavior\ShowPageTraceBehavior [ RunTime:0.000566s ]
INFO: [ app_end ] --END-- [ RunTime:0.000644s ]

[ 2017-03-02T14:53:06+08:00 ] 127.0.0.1 /index.php/Admin/Department/ajaxGetDep/company_id/007
INFO: [ app_begin ] --START--
INFO: Run Behavior\ReadHtmlCacheBehavior [ RunTime:0.000429s ]
INFO: [ app_begin ] --END-- [ RunTime:0.000831s ]
SQL: SHOW COLUMNS FROM `rm_department` [ RunTime:0.0005s ]
SQL: SELECT * FROM `rm_department` WHERE `company_id` = 7  [ RunTime:0.0003s ]
INFO: [ app_end ] --START--
INFO: Run Behavior\ShowPageTraceBehavior [ RunTime:0.000495s ]
INFO: [ app_end ] --END-- [ RunTime:0.000578s ]

[ 2017-03-02T14:53:08+08:00 ] 127.0.0.1 /index.php/Admin/Department/ajaxGetDep/company_id/003
INFO: [ app_begin ] --START--
INFO: Run Behavior\ReadHtmlCacheBehavior [ RunTime:0.000464s ]
INFO: [ app_begin ] --END-- [ RunTime:0.000894s ]
SQL: SHOW COLUMNS FROM `rm_department` [ RunTime:0.0005s ]
SQL: SELECT * FROM `rm_department` WHERE `company_id` = 3  [ RunTime:0.0003s ]
INFO: [ app_end ] --START--
INFO: Run Behavior\ShowPageTraceBehavior [ RunTime:0.000503s ]
INFO: [ app_end ] --END-- [ RunTime:0.000589s ]

[ 2017-03-02T14:53:12+08:00 ] 127.0.0.1 /index.php/Admin/Department/ajaxGetDep/company_id/002
INFO: [ app_begin ] --START--
INFO: Run Behavior\ReadHtmlCacheBehavior [ RunTime:0.000427s ]
INFO: [ app_begin ] --END-- [ RunTime:0.000808s ]
SQL: SHOW COLUMNS FROM `rm_department` [ RunTime:0.0005s ]
SQL: SELECT * FROM `rm_department` WHERE `company_id` = 2  [ RunTime:0.0003s ]
INFO: [ app_end ] --START--
INFO: Run Behavior\ShowPageTraceBehavior [ RunTime:0.000606s ]
INFO: [ app_end ] --END-- [ RunTime:0.000694s ]

[ 2017-03-02T14:53:15+08:00 ] 127.0.0.1 /index.php/Admin/Department/ajaxGetDep/company_id/010
INFO: [ app_begin ] --START--
INFO: Run Behavior\ReadHtmlCacheBehavior [ RunTime:0.000432s ]
INFO: [ app_begin ] --END-- [ RunTime:0.000806s ]
SQL: SHOW COLUMNS FROM `rm_department` [ RunTime:0.0005s ]
SQL: SELECT * FROM `rm_department` WHERE `company_id` = 10  [ RunTime:0.0003s ]
INFO: [ app_end ] --START--
INFO: Run Behavior\ShowPageTraceBehavior [ RunTime:0.000517s ]
INFO: [ app_end ] --END-- [ RunTime:0.000595s ]

[ 2017-03-02T15:07:42+08:00 ] 127.0.0.1 /index.php/User/userEditPw/id/1/p/1.html
ERR: Think\Model:valide方法不存在！

[ 2017-03-02T15:14:20+08:00 ] 127.0.0.1 /index.php/User/userInfo.html
ERR: 非法操作:userInfo

[ 2017-03-02T15:15:20+08:00 ] 127.0.0.1 /index.php/User/userInfo.html
ERR: 非法操作:userInfo

[ 2017-03-02T15:50:10+08:00 ] 127.0.0.1 /index.php/Admin/Department/ajaxGetDep/company_id/003
INFO: [ app_begin ] --START--
INFO: Run Behavior\ReadHtmlCacheBehavior [ RunTime:0.000619s ]
INFO: [ app_begin ] --END-- [ RunTime:0.001037s ]
SQL: SHOW COLUMNS FROM `rm_department` [ RunTime:0.0005s ]
SQL: SELECT * FROM `rm_department` WHERE `company_id` = 3  [ RunTime:0.0003s ]
INFO: [ app_end ] --START--
INFO: Run Behavior\ShowPageTraceBehavior [ RunTime:0.000797s ]
INFO: [ app_end ] --END-- [ RunTime:0.000890s ]

[ 2017-03-02T15:50:17+08:00 ] 127.0.0.1 /index.php/User/userInfo.html
ERR: 非法操作:userInfo

[ 2017-03-02T15:50:57+08:00 ] 127.0.0.1 /index.php/User/userInfo.html
ERR: 非法操作:userInfo

[ 2017-03-02T15:51:02+08:00 ] 127.0.0.1 /index.php/Admin/Department/ajaxGetDep/company_id/002
INFO: [ app_begin ] --START--
INFO: Run Behavior\ReadHtmlCacheBehavior [ RunTime:0.000611s ]
INFO: [ app_begin ] --END-- [ RunTime:0.001014s ]
SQL: SHOW COLUMNS FROM `rm_department` [ RunTime:0.0005s ]
SQL: SELECT * FROM `rm_department` WHERE `company_id` = 2  [ RunTime:0.0003s ]
INFO: [ app_end ] --START--
INFO: Run Behavior\ShowPageTraceBehavior [ RunTime:0.000656s ]
INFO: [ app_end ] --END-- [ RunTime:0.000744s ]

[ 2017-03-02T15:51:15+08:00 ] 127.0.0.1 /index.php/Admin/Department/ajaxGetDep/company_id/003
INFO: [ app_begin ] --START--
INFO: Run Behavior\ReadHtmlCacheBehavior [ RunTime:0.000630s ]
INFO: [ app_begin ] --END-- [ RunTime:0.001006s ]
SQL: SHOW COLUMNS FROM `rm_department` [ RunTime:0.0006s ]
SQL: SELECT * FROM `rm_department` WHERE `company_id` = 3  [ RunTime:0.0003s ]
INFO: [ app_end ] --START--
INFO: Run Behavior\ShowPageTraceBehavior [ RunTime:0.000764s ]
INFO: [ app_end ] --END-- [ RunTime:0.000861s ]

[ 2017-03-02T16:08:32+08:00 ] 127.0.0.1 /index.php/Admin/Department/ajaxGetDep/company_id/002
INFO: [ app_begin ] --START--
INFO: Run Behavior\ReadHtmlCacheBehavior [ RunTime:0.000612s ]
INFO: [ app_begin ] --END-- [ RunTime:0.001021s ]
SQL: SHOW COLUMNS FROM `rm_department` [ RunTime:0.0005s ]
SQL: SELECT * FROM `rm_department` WHERE `company_id` = 2  [ RunTime:0.0003s ]
INFO: [ app_end ] --START--
INFO: Run Behavior\ShowPageTraceBehavior [ RunTime:0.000716s ]
INFO: [ app_end ] --END-- [ RunTime:0.000816s ]

[ 2017-03-02T16:08:41+08:00 ] 127.0.0.1 /index.php/Admin/Department/ajaxGetDep/company_id/003
INFO: [ app_begin ] --START--
INFO: Run Behavior\ReadHtmlCacheBehavior [ RunTime:0.000561s ]
INFO: [ app_begin ] --END-- [ RunTime:0.000948s ]
SQL: SHOW COLUMNS FROM `rm_department` [ RunTime:0.0009s ]
SQL: SELECT * FROM `rm_department` WHERE `company_id` = 3  [ RunTime:0.0003s ]
INFO: [ app_end ] --START--
INFO: Run Behavior\ShowPageTraceBehavior [ RunTime:0.000794s ]
INFO: [ app_end ] --END-- [ RunTime:0.000885s ]

[ 2017-03-02T16:10:41+08:00 ] 127.0.0.1 /index.php/Login/ajaxLogin.html
INFO: [ app_begin ] --START--
INFO: Run Behavior\ReadHtmlCacheBehavior [ RunTime:0.000686s ]
INFO: [ app_begin ] --END-- [ RunTime:0.001178s ]
SQL: SHOW COLUMNS FROM `rm_user` [ RunTime:0.0005s ]
SQL: SELECT * FROM `rm_user` WHERE `username` = 'lishen' LIMIT 1   [ RunTime:0.0003s ]
SQL: SHOW COLUMNS FROM `rm_company` [ RunTime:0.0004s ]
SQL: SELECT * FROM `rm_company` WHERE `id` = 3 LIMIT 1   [ RunTime:0.0002s ]
SQL: SHOW COLUMNS FROM `rm_department` [ RunTime:0.0004s ]
SQL: SELECT * FROM `rm_department` WHERE `id` = 4 LIMIT 1   [ RunTime:0.0002s ]

[ 2017-03-02T16:10:55+08:00 ] 127.0.0.1 /index.php/Admin/Department/ajaxGetDep/company_id/002
INFO: [ app_begin ] --START--
INFO: Run Behavior\ReadHtmlCacheBehavior [ RunTime:0.000575s ]
INFO: [ app_begin ] --END-- [ RunTime:0.000949s ]
SQL: SHOW COLUMNS FROM `rm_department` [ RunTime:0.0007s ]
SQL: SELECT * FROM `rm_department` WHERE `company_id` = 2  [ RunTime:0.0004s ]
INFO: [ app_end ] --START--
INFO: Run Behavior\ShowPageTraceBehavior [ RunTime:0.000731s ]
INFO: [ app_end ] --END-- [ RunTime:0.000813s ]

[ 2017-03-02T16:11:31+08:00 ] 127.0.0.1 /index.php/Admin/Department/ajaxGetDep/company_id/003
INFO: [ app_begin ] --START--
INFO: Run Behavior\ReadHtmlCacheBehavior [ RunTime:0.000611s ]
INFO: [ app_begin ] --END-- [ RunTime:0.001088s ]
SQL: SHOW COLUMNS FROM `rm_department` [ RunTime:0.0005s ]
SQL: SELECT * FROM `rm_department` WHERE `company_id` = 3  [ RunTime:0.0003s ]
INFO: [ app_end ] --START--
INFO: Run Behavior\ShowPageTraceBehavior [ RunTime:0.000687s ]
INFO: [ app_end ] --END-- [ RunTime:0.000776s ]

[ 2017-03-02T16:12:05+08:00 ] 127.0.0.1 /index.php/Login/ajaxLogin.html
INFO: [ app_begin ] --START--
INFO: Run Behavior\ReadHtmlCacheBehavior [ RunTime:0.000608s ]
INFO: [ app_begin ] --END-- [ RunTime:0.001014s ]
SQL: SHOW COLUMNS FROM `rm_user` [ RunTime:0.0005s ]
SQL: SELECT * FROM `rm_user` WHERE `username` = 'lishen' LIMIT 1   [ RunTime:0.0002s ]
SQL: SHOW COLUMNS FROM `rm_company` [ RunTime:0.0004s ]
SQL: SELECT * FROM `rm_company` WHERE `id` = 3 LIMIT 1   [ RunTime:0.0002s ]
SQL: SHOW COLUMNS FROM `rm_department` [ RunTime:0.0004s ]
SQL: SELECT * FROM `rm_department` WHERE `id` = 4 LIMIT 1   [ RunTime:0.0002s ]

[ 2017-03-02T16:12:14+08:00 ] 127.0.0.1 /index.php/Admin/Department/ajaxGetDep/company_id/002
INFO: [ app_begin ] --START--
INFO: Run Behavior\ReadHtmlCacheBehavior [ RunTime:0.000625s ]
INFO: [ app_begin ] --END-- [ RunTime:0.001019s ]
SQL: SHOW COLUMNS FROM `rm_department` [ RunTime:0.0005s ]
SQL: SELECT * FROM `rm_department` WHERE `company_id` = 2  [ RunTime:0.0003s ]
INFO: [ app_end ] --START--
INFO: Run Behavior\ShowPageTraceBehavior [ RunTime:0.000718s ]
INFO: [ app_end ] --END-- [ RunTime:0.000801s ]

[ 2017-03-02T16:14:01+08:00 ] 127.0.0.1 /index.php/User/delet/id/1.html
ERR: 非法操作:delet

[ 2017-03-02T16:16:06+08:00 ] 127.0.0.1 /index.php/User/delet/id/1.html
ERR: 非法操作:delet

[ 2017-03-02T16:18:19+08:00 ] 127.0.0.1 /index.php/User/delet/id/1.html
ERR: 非法操作:delet

[ 2017-03-02T16:18:54+08:00 ] 127.0.0.1 /index.php/User/delet/id/1.html
ERR: 非法操作:delet

[ 2017-03-02T16:18:58+08:00 ] 127.0.0.1 /index.php/User/delet/id/1.html
ERR: 非法操作:delet

[ 2017-03-02T16:20:29+08:00 ] 127.0.0.1 /index.php/User/delet/id/1.html
ERR: 非法操作:delet

[ 2017-03-02T16:20:33+08:00 ] 127.0.0.1 /index.php/User/delet/id/1.html
ERR: 非法操作:delet

[ 2017-03-02T16:36:25+08:00 ] 127.0.0.1 /index.php/User/delet/id/9/p/5.html
ERR: 非法操作:delet

[ 2017-03-02T16:47:16+08:00 ] 127.0.0.1 /index.php/User/delet/id/7/p/4.html
ERR: 非法操作:delet

[ 2017-03-02T16:51:16+08:00 ] 127.0.0.1 /index.php/Admin/Department/ajaxGetDep/company_id/004
INFO: [ app_begin ] --START--
INFO: Run Behavior\ReadHtmlCacheBehavior [ RunTime:0.000613s ]
INFO: [ app_begin ] --END-- [ RunTime:0.001005s ]
SQL: SHOW COLUMNS FROM `rm_department` [ RunTime:0.0005s ]
SQL: SELECT * FROM `rm_department` WHERE `company_id` = 4  [ RunTime:0.0002s ]
INFO: [ app_end ] --START--
INFO: Run Behavior\ShowPageTraceBehavior [ RunTime:0.000678s ]
INFO: [ app_end ] --END-- [ RunTime:0.000765s ]

[ 2017-03-02T16:51:20+08:00 ] 127.0.0.1 /index.php/Admin/Department/ajaxGetDep/company_id/003
INFO: [ app_begin ] --START--
INFO: Run Behavior\ReadHtmlCacheBehavior [ RunTime:0.000654s ]
INFO: [ app_begin ] --END-- [ RunTime:0.001082s ]
SQL: SHOW COLUMNS FROM `rm_department` [ RunTime:0.0005s ]
SQL: SELECT * FROM `rm_department` WHERE `company_id` = 3  [ RunTime:0.0002s ]
INFO: [ app_end ] --START--
INFO: Run Behavior\ShowPageTraceBehavior [ RunTime:0.000719s ]
INFO: [ app_end ] --END-- [ RunTime:0.000811s ]

[ 2017-03-02T16:51:37+08:00 ] 127.0.0.1 /index.php/Admin/Department/ajaxGetDep/company_id/002
INFO: [ app_begin ] --START--
INFO: Run Behavior\ReadHtmlCacheBehavior [ RunTime:0.000593s ]
INFO: [ app_begin ] --END-- [ RunTime:0.001018s ]
SQL: SHOW COLUMNS FROM `rm_department` [ RunTime:0.0005s ]
SQL: SELECT * FROM `rm_department` WHERE `company_id` = 2  [ RunTime:0.0003s ]
INFO: [ app_end ] --START--
INFO: Run Behavior\ShowPageTraceBehavior [ RunTime:0.000697s ]
INFO: [ app_end ] --END-- [ RunTime:0.000784s ]

[ 2017-03-02T16:51:38+08:00 ] 127.0.0.1 /index.php/Admin/Department/ajaxGetDep/company_id/003
INFO: [ app_begin ] --START--
INFO: Run Behavior\ReadHtmlCacheBehavior [ RunTime:0.000586s ]
INFO: [ app_begin ] --END-- [ RunTime:0.001011s ]
SQL: SHOW COLUMNS FROM `rm_department` [ RunTime:0.0007s ]
SQL: SELECT * FROM `rm_department` WHERE `company_id` = 3  [ RunTime:0.0003s ]
INFO: [ app_end ] --START--
INFO: Run Behavior\ShowPageTraceBehavior [ RunTime:0.000715s ]
INFO: [ app_end ] --END-- [ RunTime:0.000811s ]

