[ 2017-03-01T07:17:02+08:00 ] 127.0.0.1 /index.php/Login/ajaxLogin.html
INFO: [ app_begin ] --START--
INFO: Run Behavior\ReadHtmlCacheBehavior [ RunTime:0.000640s ]
INFO: [ app_begin ] --END-- [ RunTime:0.001081s ]
SQL: SHOW COLUMNS FROM `rm_user` [ RunTime:0.0007s ]
NOTIC: [8] Undefined index: vercode D:\www\repairMS\ThinkPHP\Library\Think\Model.class.php 第 1294 行.

[ 2017-03-01T07:18:33+08:00 ] 127.0.0.1 /index.php/Login/ajaxLogin.html
INFO: [ app_begin ] --START--
INFO: Run Behavior\ReadHtmlCacheBehavior [ RunTime:0.000685s ]
INFO: [ app_begin ] --END-- [ RunTime:0.001175s ]
SQL: SHOW COLUMNS FROM `rm_user` [ RunTime:0.0006s ]
SQL: SELECT * FROM `rm_user` WHERE `username` = 'lishen' LIMIT 1   [ RunTime:0.0003s ]
SQL: SHOW COLUMNS FROM `rm_company` [ RunTime:0.0004s ]
SQL: SELECT * FROM `rm_company` WHERE `id` = 2 LIMIT 1   [ RunTime:0.0002s ]
SQL: SHOW COLUMNS FROM `rm_department` [ RunTime:0.0004s ]
SQL: SELECT * FROM `rm_department` WHERE `id` = 1 LIMIT 1   [ RunTime:0.0002s ]

[ 2017-03-01T07:24:30+08:00 ] 127.0.0.1 /index.php/Admin/User/search?company_id=002&department_id=&search_name=lishen
ERR: 模板不存在:./Application/Admin/View/User/search.html

[ 2017-03-01T07:30:56+08:00 ] 127.0.0.1 /index.php/Admin/User/search?company_id=002&department_id=&search_name=
ERR: 非法操作:search

[ 2017-03-01T07:36:19+08:00 ] 127.0.0.1 /index.php/Admin/User/ajaxGetDep/company_id/003
INFO: [ app_begin ] --START--
INFO: Run Behavior\ReadHtmlCacheBehavior [ RunTime:0.000679s ]
INFO: [ app_begin ] --END-- [ RunTime:0.001122s ]
SQL: SHOW COLUMNS FROM `rm_department` [ RunTime:0.0005s ]
SQL: SELECT * FROM `rm_department` WHERE `company_id` = '003'  [ RunTime:0.0003s ]
INFO: [ app_end ] --START--
INFO: Run Behavior\ShowPageTraceBehavior [ RunTime:0.000975s ]
INFO: [ app_end ] --END-- [ RunTime:0.001099s ]

[ 2017-03-01T07:39:08+08:00 ] 127.0.0.1 /index.php/Admin/User/ajaxGetDep/company_id/002
INFO: [ app_begin ] --START--
INFO: Run Behavior\ReadHtmlCacheBehavior [ RunTime:0.000805s ]
INFO: [ app_begin ] --END-- [ RunTime:0.001273s ]
SQL: SHOW COLUMNS FROM `rm_department` [ RunTime:0.0005s ]
SQL: SELECT * FROM `rm_department` WHERE `company_id` = '002'  [ RunTime:0.0003s ]
INFO: [ app_end ] --START--
INFO: Run Behavior\ShowPageTraceBehavior [ RunTime:0.000696s ]
INFO: [ app_end ] --END-- [ RunTime:0.000785s ]

[ 2017-03-01T07:40:12+08:00 ] 127.0.0.1 /index.php/Admin/User/ajaxGetDep/company_id/002
INFO: [ app_begin ] --START--
INFO: Run Behavior\ReadHtmlCacheBehavior [ RunTime:0.000632s ]
INFO: [ app_begin ] --END-- [ RunTime:0.001030s ]
SQL: SHOW COLUMNS FROM `rm_department` [ RunTime:0.0005s ]
SQL: SELECT * FROM `rm_department` WHERE `company_id` = '002'  [ RunTime:0.0003s ]
INFO: [ app_end ] --START--
INFO: Run Behavior\ShowPageTraceBehavior [ RunTime:0.000751s ]
INFO: [ app_end ] --END-- [ RunTime:0.000841s ]

[ 2017-03-01T07:40:32+08:00 ] 127.0.0.1 /index.php/Admin/User/ajaxGetDep/company_id/003
INFO: [ app_begin ] --START--
INFO: Run Behavior\ReadHtmlCacheBehavior [ RunTime:0.000687s ]
INFO: [ app_begin ] --END-- [ RunTime:0.001097s ]
SQL: SHOW COLUMNS FROM `rm_department` [ RunTime:0.0006s ]
SQL: SELECT * FROM `rm_department` WHERE `company_id` = '003'  [ RunTime:0.0003s ]
INFO: [ app_end ] --START--
INFO: Run Behavior\ShowPageTraceBehavior [ RunTime:0.000799s ]
INFO: [ app_end ] --END-- [ RunTime:0.000897s ]

[ 2017-03-01T07:40:37+08:00 ] 127.0.0.1 /index.php/Admin/User/ajaxGetDep/company_id/002
INFO: [ app_begin ] --START--
INFO: Run Behavior\ReadHtmlCacheBehavior [ RunTime:0.000630s ]
INFO: [ app_begin ] --END-- [ RunTime:0.001022s ]
SQL: SHOW COLUMNS FROM `rm_department` [ RunTime:0.0005s ]
SQL: SELECT * FROM `rm_department` WHERE `company_id` = '002'  [ RunTime:0.0003s ]
INFO: [ app_end ] --START--
INFO: Run Behavior\ShowPageTraceBehavior [ RunTime:0.000728s ]
INFO: [ app_end ] --END-- [ RunTime:0.000815s ]

[ 2017-03-01T07:40:45+08:00 ] 127.0.0.1 /index.php/Admin/User/ajaxGetDep/company_id/003
INFO: [ app_begin ] --START--
INFO: Run Behavior\ReadHtmlCacheBehavior [ RunTime:0.000692s ]
INFO: [ app_begin ] --END-- [ RunTime:0.001117s ]
SQL: SHOW COLUMNS FROM `rm_department` [ RunTime:0.0008s ]
SQL: SELECT * FROM `rm_department` WHERE `company_id` = '003'  [ RunTime:0.0005s ]
INFO: [ app_end ] --START--
INFO: Run Behavior\ShowPageTraceBehavior [ RunTime:0.000864s ]
INFO: [ app_end ] --END-- [ RunTime:0.000981s ]

[ 2017-03-01T08:06:53+08:00 ] 127.0.0.1 /index.php/Admin/User/ajaxGetDep/company_id/002
INFO: [ app_begin ] --START--
INFO: Run Behavior\ReadHtmlCacheBehavior [ RunTime:0.000629s ]
INFO: [ app_begin ] --END-- [ RunTime:0.001029s ]
SQL: SHOW COLUMNS FROM `rm_department` [ RunTime:0.0005s ]
SQL: SELECT * FROM `rm_department` WHERE `company_id` = '002'  [ RunTime:0.0003s ]
INFO: [ app_end ] --START--
INFO: Run Behavior\ShowPageTraceBehavior [ RunTime:0.000750s ]
INFO: [ app_end ] --END-- [ RunTime:0.000836s ]

[ 2017-03-01T08:09:27+08:00 ] 127.0.0.1 /index.php/Admin/User/ajaxGetDep/company_id/003
INFO: [ app_begin ] --START--
INFO: Run Behavior\ReadHtmlCacheBehavior [ RunTime:0.000662s ]
INFO: [ app_begin ] --END-- [ RunTime:0.001106s ]
SQL: SHOW COLUMNS FROM `rm_department` [ RunTime:0.0005s ]
SQL: SELECT * FROM `rm_department` WHERE `company_id` = '003'  [ RunTime:0.0003s ]
INFO: [ app_end ] --START--
INFO: Run Behavior\ShowPageTraceBehavior [ RunTime:0.000715s ]
INFO: [ app_end ] --END-- [ RunTime:0.000792s ]

[ 2017-03-01T08:09:50+08:00 ] 127.0.0.1 /index.php/Admin/User/ajaxGetDep/company_id/002
INFO: [ app_begin ] --START--
INFO: Run Behavior\ReadHtmlCacheBehavior [ RunTime:0.000604s ]
INFO: [ app_begin ] --END-- [ RunTime:0.000994s ]
SQL: SHOW COLUMNS FROM `rm_department` [ RunTime:0.0006s ]
SQL: SELECT * FROM `rm_department` WHERE `company_id` = '002'  [ RunTime:0.0003s ]
INFO: [ app_end ] --START--
INFO: Run Behavior\ShowPageTraceBehavior [ RunTime:0.000730s ]
INFO: [ app_end ] --END-- [ RunTime:0.000819s ]

[ 2017-03-01T08:09:59+08:00 ] 127.0.0.1 /index.php/Admin/User/ajaxGetDep/company_id/003
INFO: [ app_begin ] --START--
INFO: Run Behavior\ReadHtmlCacheBehavior [ RunTime:0.000686s ]
INFO: [ app_begin ] --END-- [ RunTime:0.001135s ]
SQL: SHOW COLUMNS FROM `rm_department` [ RunTime:0.0005s ]
SQL: SELECT * FROM `rm_department` WHERE `company_id` = '003'  [ RunTime:0.0003s ]
INFO: [ app_end ] --START--
INFO: Run Behavior\ShowPageTraceBehavior [ RunTime:0.000709s ]
INFO: [ app_end ] --END-- [ RunTime:0.000801s ]

[ 2017-03-01T08:10:00+08:00 ] 127.0.0.1 /index.php/Admin/User/ajaxGetDep/company_id/002
INFO: [ app_begin ] --START--
INFO: Run Behavior\ReadHtmlCacheBehavior [ RunTime:0.000620s ]
INFO: [ app_begin ] --END-- [ RunTime:0.001025s ]
SQL: SHOW COLUMNS FROM `rm_department` [ RunTime:0.0005s ]
SQL: SELECT * FROM `rm_department` WHERE `company_id` = '002'  [ RunTime:0.0003s ]
INFO: [ app_end ] --START--
INFO: Run Behavior\ShowPageTraceBehavior [ RunTime:0.000650s ]
INFO: [ app_end ] --END-- [ RunTime:0.000743s ]

