[ 2017-05-15T06:54:37+08:00 ] 127.0.0.1 /index.php/Login/ajaxLogin.html
INFO: [ app_begin ] --START--
INFO: Run Behavior\ReadHtmlCacheBehavior [ RunTime:0.000468s ]
INFO: [ app_begin ] --END-- [ RunTime:0.000856s ]
SQL: SHOW COLUMNS FROM `rm_user` [ RunTime:0.0960s ]
SQL: SELECT * FROM `rm_user` WHERE `username` = 'lishen`' LIMIT 1   [ RunTime:0.0041s ]

[ 2017-05-15T06:54:51+08:00 ] 127.0.0.1 /index.php/Login/ajaxLogin.html
INFO: [ app_begin ] --START--
INFO: Run Behavior\ReadHtmlCacheBehavior [ RunTime:0.000448s ]
INFO: [ app_begin ] --END-- [ RunTime:0.000808s ]
SQL: SHOW COLUMNS FROM `rm_user` [ RunTime:0.0011s ]
SQL: SELECT * FROM `rm_user` WHERE `username` = 'lishen`' LIMIT 1   [ RunTime:0.0002s ]

[ 2017-05-15T06:55:29+08:00 ] 127.0.0.1 /index.php/Login/ajaxLogin.html
INFO: [ app_begin ] --START--
INFO: Run Behavior\ReadHtmlCacheBehavior [ RunTime:0.000475s ]
INFO: [ app_begin ] --END-- [ RunTime:0.000887s ]
SQL: SHOW COLUMNS FROM `rm_user` [ RunTime:0.0012s ]
SQL: SELECT * FROM `rm_user` WHERE `username` = 'lishen`' LIMIT 1   [ RunTime:0.0003s ]

[ 2017-05-15T06:55:30+08:00 ] 127.0.0.1 /index.php/Login/ajaxLogin.html
INFO: [ app_begin ] --START--
INFO: Run Behavior\ReadHtmlCacheBehavior [ RunTime:0.000471s ]
INFO: [ app_begin ] --END-- [ RunTime:0.000902s ]
SQL: SHOW COLUMNS FROM `rm_user` [ RunTime:0.0011s ]

[ 2017-05-15T06:55:30+08:00 ] 127.0.0.1 /index.php/Login/ajaxLogin.html
INFO: [ app_begin ] --START--
INFO: Run Behavior\ReadHtmlCacheBehavior [ RunTime:0.000496s ]
INFO: [ app_begin ] --END-- [ RunTime:0.000917s ]
SQL: SHOW COLUMNS FROM `rm_user` [ RunTime:0.0011s ]

[ 2017-05-15T06:55:30+08:00 ] 127.0.0.1 /index.php/Login/ajaxLogin.html
INFO: [ app_begin ] --START--
INFO: Run Behavior\ReadHtmlCacheBehavior [ RunTime:0.000615s ]
INFO: [ app_begin ] --END-- [ RunTime:0.001177s ]
SQL: SHOW COLUMNS FROM `rm_user` [ RunTime:0.0012s ]

[ 2017-05-15T06:55:30+08:00 ] 127.0.0.1 /index.php/Login/ajaxLogin.html
INFO: [ app_begin ] --START--
INFO: Run Behavior\ReadHtmlCacheBehavior [ RunTime:0.000421s ]
INFO: [ app_begin ] --END-- [ RunTime:0.000874s ]
SQL: SHOW COLUMNS FROM `rm_user` [ RunTime:0.0010s ]

[ 2017-05-15T06:55:44+08:00 ] 127.0.0.1 /index.php/Login/ajaxLogin.html
INFO: [ app_begin ] --START--
INFO: Run Behavior\ReadHtmlCacheBehavior [ RunTime:0.000492s ]
INFO: [ app_begin ] --END-- [ RunTime:0.000917s ]
SQL: SHOW COLUMNS FROM `rm_user` [ RunTime:0.0011s ]
SQL: SELECT * FROM `rm_user` WHERE `username` = 'lishen`' LIMIT 1   [ RunTime:0.0004s ]

[ 2017-05-15T06:56:23+08:00 ] 127.0.0.1 /index.php/Login/ajaxLogin.html
INFO: [ app_begin ] --START--
INFO: Run Behavior\ReadHtmlCacheBehavior [ RunTime:0.000971s ]
INFO: [ app_begin ] --END-- [ RunTime:0.001522s ]
SQL: SHOW COLUMNS FROM `rm_user` [ RunTime:0.0011s ]
SQL: SELECT * FROM `rm_user` WHERE `username` = 'lishen`' LIMIT 1   [ RunTime:0.0003s ]

[ 2017-05-15T06:56:44+08:00 ] 127.0.0.1 /index.php/Login/ajaxLogin.html
INFO: [ app_begin ] --START--
INFO: Run Behavior\ReadHtmlCacheBehavior [ RunTime:0.000955s ]
INFO: [ app_begin ] --END-- [ RunTime:0.001500s ]
SQL: SHOW COLUMNS FROM `rm_user` [ RunTime:0.0011s ]
SQL: SELECT * FROM `rm_user` WHERE `username` = 'lishen' LIMIT 1   [ RunTime:0.0003s ]
SQL: SHOW COLUMNS FROM `rm_company` [ RunTime:0.0010s ]
SQL: SELECT * FROM `rm_company` WHERE `id` = 2 LIMIT 1   [ RunTime:0.0002s ]
SQL: SHOW COLUMNS FROM `rm_department` [ RunTime:0.0010s ]
SQL: SELECT * FROM `rm_department` WHERE `id` = 1 LIMIT 1   [ RunTime:0.0002s ]

[ 2017-05-15T07:06:20+08:00 ] 127.0.0.1 /index.php/Admin/Group/userList?company_id=&search_name=
ERR: 非法操作:userList

[ 2017-05-15T07:25:42+08:00 ] 127.0.0.1 /index.php/Group/distribute_user/id/1/p/1.html
ERR: SQLSTATE[42000]: Syntax error or access violation: 1055 Expression #1 of SELECT list is not in GROUP BY clause and contains nonaggregated column 'repairms.a.id' which is not functionally dependent on columns in GROUP BY clause; this is incompatible with sql_mode=only_full_group_by

[ 2017-05-15T07:34:33+08:00 ] 127.0.0.1 /index.php/Group/distribute_user/id/1/p/1.html
ERR: SQLSTATE[23000]: Integrity constraint violation: 1048 Column 'group_id' cannot be null

[ 2017-05-15T11:12:33+08:00 ] 127.0.0.1 /index.php/Login/ajaxLogin.html
INFO: [ app_begin ] --START--
INFO: Run Behavior\ReadHtmlCacheBehavior [ RunTime:0.001000s ]
INFO: [ app_begin ] --END-- [ RunTime:0.001000s ]
SQL: SHOW COLUMNS FROM `rm_user` [ RunTime:0.7510s ]
SQL: SELECT * FROM `rm_user` WHERE `username` = 'lishen' LIMIT 1   [ RunTime:0.1330s ]
SQL: SHOW COLUMNS FROM `rm_company` [ RunTime:0.0630s ]
SQL: SELECT * FROM `rm_company` WHERE `id` = 2 LIMIT 1   [ RunTime:0.0140s ]
SQL: SHOW COLUMNS FROM `rm_department` [ RunTime:0.0320s ]
SQL: SELECT * FROM `rm_department` WHERE `id` = 1 LIMIT 1   [ RunTime:0.0000s ]

[ 2017-05-15T11:12:43+08:00 ] 127.0.0.1 /index.php/Group/distribute_privilege/id/1.html
ERR: 模板不存在:./Application/Admin/View/Group/distribute_privilege.html

[ 2017-05-15T11:12:49+08:00 ] 127.0.0.1 /index.php/Group/distribute_user/id/1.html
ERR: SQLSTATE[42S02]: Base table or view not found: 1146 Table 'repairms.rm_group_user' doesn't exist

[ 2017-05-15T11:48:37+08:00 ] 127.0.0.1 /index.php/Admin/privilege/ajaxGetParent?parent_id=1
INFO: [ app_begin ] --START--
INFO: Run Behavior\ReadHtmlCacheBehavior [ RunTime:0.001000s ]
INFO: [ app_begin ] --END-- [ RunTime:0.001000s ]
SQL: SHOW COLUMNS FROM `rm_privilege` [ RunTime:0.0290s ]
SQL: SELECT * FROM `rm_privilege` WHERE `id` = 1 LIMIT 1   [ RunTime:0.0000s ]
INFO: [ app_end ] --START--
INFO: Run Behavior\ShowPageTraceBehavior [ RunTime:0.001000s ]
INFO: [ app_end ] --END-- [ RunTime:0.002000s ]

[ 2017-05-15T11:49:02+08:00 ] 127.0.0.1 /index.php/Admin/privilege/ajaxGetParent?parent_id=1
INFO: [ app_begin ] --START--
INFO: Run Behavior\ReadHtmlCacheBehavior [ RunTime:0.001000s ]
INFO: [ app_begin ] --END-- [ RunTime:0.002000s ]
SQL: SHOW COLUMNS FROM `rm_privilege` [ RunTime:0.0060s ]
SQL: SELECT * FROM `rm_privilege` WHERE `id` = 1 LIMIT 1   [ RunTime:0.0000s ]
INFO: [ app_end ] --START--
INFO: Run Behavior\ShowPageTraceBehavior [ RunTime:0.001001s ]
INFO: [ app_end ] --END-- [ RunTime:0.001001s ]

[ 2017-05-15T11:51:30+08:00 ] 127.0.0.1 /index.php/Group/distribute_user/id/1.html
ERR: SQLSTATE[42S02]: Base table or view not found: 1146 Table 'repairms.rm_group_user' doesn't exist

[ 2017-05-15T13:21:19+08:00 ] 127.0.0.1 /index.php/Admin/privilege/ajaxGetParent?parent_id=4
INFO: [ app_begin ] --START--
INFO: Run Behavior\ReadHtmlCacheBehavior [ RunTime:0.001000s ]
INFO: [ app_begin ] --END-- [ RunTime:0.002000s ]
SQL: SHOW COLUMNS FROM `rm_privilege` [ RunTime:0.0070s ]
SQL: SELECT * FROM `rm_privilege` WHERE `id` = 4 LIMIT 1   [ RunTime:0.0000s ]
INFO: [ app_end ] --START--
INFO: Run Behavior\ShowPageTraceBehavior [ RunTime:0.001000s ]
INFO: [ app_end ] --END-- [ RunTime:0.002000s ]

[ 2017-05-15T16:02:30+08:00 ] 127.0.0.1 /index.php/Group/distribute_privilege/id/1.html
ERR: SQLSTATE[HY000]: General error: 1364 Field 'group_id' doesn't have a default value

[ 2017-05-15T16:03:20+08:00 ] 127.0.0.1 /index.php/Group/distribute_privilege/id/1.html
ERR: SQLSTATE[HY000]: General error: 1364 Field 'group_id' doesn't have a default value

[ 2017-05-15T16:03:25+08:00 ] 127.0.0.1 /index.php/Group/distribute_privilege/id/1.html
ERR: SQLSTATE[HY000]: General error: 1364 Field 'group_id' doesn't have a default value

[ 2017-05-15T16:04:56+08:00 ] 127.0.0.1 /index.php/Group/distribute_privilege/id/1.html
ERR: SQLSTATE[HY000]: General error: 1364 Field 'group_id' doesn't have a default value

[ 2017-05-15T16:13:54+08:00 ] 127.0.0.1 /index.php/Group/distribute_user/id/1.html
ERR: SQLSTATE[42S02]: Base table or view not found: 1146 Table 'repairms.rm_group_user' doesn't exist

