[ 2017-03-06T10:13:21+08:00 ] 127.0.0.1 /index.php/Login/ajaxLogin.html
INFO: [ app_begin ] --START--
INFO: Run Behavior\ReadHtmlCacheBehavior [ RunTime:0.001001s ]
INFO: [ app_begin ] --END-- [ RunTime:0.001001s ]
SQL: SHOW COLUMNS FROM `rm_user` [ RunTime:1.3121s ]
SQL: SELECT * FROM `rm_user` WHERE `username` = 'lishen' LIMIT 1   [ RunTime:0.1950s ]
SQL: SHOW COLUMNS FROM `rm_company` [ RunTime:0.0990s ]
SQL: SELECT * FROM `rm_company` WHERE `id` = 1 LIMIT 1   [ RunTime:0.0310s ]
SQL: SHOW COLUMNS FROM `rm_department` [ RunTime:0.0600s ]
SQL: SELECT * FROM `rm_department` WHERE `id` = 1 LIMIT 1   [ RunTime:0.0010s ]

[ 2017-03-06T10:13:21+08:00 ] 127.0.0.1 /index.php/Login/ajaxLogin.html
INFO: [ app_begin ] --START--
INFO: Run Behavior\ReadHtmlCacheBehavior [ RunTime:0.001000s ]
INFO: [ app_begin ] --END-- [ RunTime:0.001000s ]
SQL: SHOW COLUMNS FROM `rm_user` [ RunTime:0.0080s ]

[ 2017-03-06T10:13:21+08:00 ] 127.0.0.1 /index.php/Login/ajaxLogin.html
INFO: [ app_begin ] --START--
INFO: Run Behavior\ReadHtmlCacheBehavior [ RunTime:0.001000s ]
INFO: [ app_begin ] --END-- [ RunTime:0.002000s ]
SQL: SHOW COLUMNS FROM `rm_user` [ RunTime:0.0080s ]

[ 2017-03-06T10:13:21+08:00 ] 127.0.0.1 /index.php/Login/ajaxLogin.html
INFO: [ app_begin ] --START--
INFO: Run Behavior\ReadHtmlCacheBehavior [ RunTime:0.001000s ]
INFO: [ app_begin ] --END-- [ RunTime:0.002000s ]
SQL: SHOW COLUMNS FROM `rm_user` [ RunTime:0.0060s ]

[ 2017-03-06T10:13:21+08:00 ] 127.0.0.1 /index.php/Login/ajaxLogin.html
INFO: [ app_begin ] --START--
INFO: Run Behavior\ReadHtmlCacheBehavior [ RunTime:0.001000s ]
INFO: [ app_begin ] --END-- [ RunTime:0.001000s ]
SQL: SHOW COLUMNS FROM `rm_user` [ RunTime:0.0060s ]

[ 2017-03-06T10:13:21+08:00 ] 127.0.0.1 /index.php/Login/ajaxLogin.html
INFO: [ app_begin ] --START--
INFO: Run Behavior\ReadHtmlCacheBehavior [ RunTime:0.001001s ]
INFO: [ app_begin ] --END-- [ RunTime:0.002001s ]
SQL: SHOW COLUMNS FROM `rm_user` [ RunTime:0.0110s ]

[ 2017-03-06T10:13:21+08:00 ] 127.0.0.1 /index.php/Login/ajaxLogin.html
INFO: [ app_begin ] --START--
INFO: Run Behavior\ReadHtmlCacheBehavior [ RunTime:0.001001s ]
INFO: [ app_begin ] --END-- [ RunTime:0.002001s ]
SQL: SHOW COLUMNS FROM `rm_user` [ RunTime:0.0100s ]

[ 2017-03-06T10:13:59+08:00 ] 127.0.0.1 /index.php/Admin/Department/ajaxGetDep/company_id/001
INFO: [ app_begin ] --START--
INFO: Run Behavior\ReadHtmlCacheBehavior [ RunTime:0.000000s ]
INFO: [ app_begin ] --END-- [ RunTime:0.001000s ]
SQL: SHOW COLUMNS FROM `rm_department` [ RunTime:0.0060s ]
SQL: SELECT * FROM `rm_department` WHERE `company_id` = 1  [ RunTime:0.0010s ]
INFO: [ app_end ] --START--
INFO: Run Behavior\ShowPageTraceBehavior [ RunTime:0.001000s ]
INFO: [ app_end ] --END-- [ RunTime:0.001000s ]

[ 2017-03-06T10:15:14+08:00 ] 127.0.0.1 /index.php/Admin/Department/ajaxGetDep/company_id/001
INFO: [ app_begin ] --START--
INFO: Run Behavior\ReadHtmlCacheBehavior [ RunTime:0.001000s ]
INFO: [ app_begin ] --END-- [ RunTime:0.002000s ]
SQL: SHOW COLUMNS FROM `rm_department` [ RunTime:0.0070s ]
SQL: SELECT * FROM `rm_department` WHERE `company_id` = 1  [ RunTime:0.0010s ]
INFO: [ app_end ] --START--
INFO: Run Behavior\ShowPageTraceBehavior [ RunTime:0.001000s ]
INFO: [ app_end ] --END-- [ RunTime:0.001000s ]

[ 2017-03-06T10:15:37+08:00 ] 127.0.0.1 /index.php/Admin/Department/ajaxGetDep/company_id/002
INFO: [ app_begin ] --START--
INFO: Run Behavior\ReadHtmlCacheBehavior [ RunTime:0.001000s ]
INFO: [ app_begin ] --END-- [ RunTime:0.001000s ]
SQL: SHOW COLUMNS FROM `rm_department` [ RunTime:0.0070s ]
SQL: SELECT * FROM `rm_department` WHERE `company_id` = 2  [ RunTime:0.0010s ]
INFO: [ app_end ] --START--
INFO: Run Behavior\ShowPageTraceBehavior [ RunTime:0.001000s ]
INFO: [ app_end ] --END-- [ RunTime:0.001000s ]

[ 2017-03-06T10:15:38+08:00 ] 127.0.0.1 /index.php/Admin/Department/ajaxGetDep/company_id/001
INFO: [ app_begin ] --START--
INFO: Run Behavior\ReadHtmlCacheBehavior [ RunTime:0.001000s ]
INFO: [ app_begin ] --END-- [ RunTime:0.002000s ]
SQL: SHOW COLUMNS FROM `rm_department` [ RunTime:0.0060s ]
SQL: SELECT * FROM `rm_department` WHERE `company_id` = 1  [ RunTime:0.0000s ]
INFO: [ app_end ] --START--
INFO: Run Behavior\ShowPageTraceBehavior [ RunTime:0.001000s ]
INFO: [ app_end ] --END-- [ RunTime:0.001000s ]

[ 2017-03-06T16:48:17+08:00 ] 127.0.0.1 /index.php/Project/project/p/1.html
ERR: 非法操作:project

[ 2017-03-06T16:48:32+08:00 ] 127.0.0.1 /index.php/Project/project/p/1.html
ERR: 非法操作:project

[ 2017-03-06T16:48:33+08:00 ] 127.0.0.1 /index.php/Project/project/p/1.html
ERR: 非法操作:project

