[ 2017-04-20T07:25:37+08:00 ] 127.0.0.1 /index.php/Login/ajaxLogin.html
INFO: [ app_begin ] --START--
INFO: Run Behavior\ReadHtmlCacheBehavior [ RunTime:0.000520s ]
INFO: [ app_begin ] --END-- [ RunTime:0.000949s ]
SQL: SHOW COLUMNS FROM `rm_user` [ RunTime:0.1142s ]
SQL: SELECT * FROM `rm_user` WHERE `username` = 'lishen' LIMIT 1   [ RunTime:0.0249s ]
SQL: SHOW COLUMNS FROM `rm_company` [ RunTime:0.0287s ]
SQL: SELECT * FROM `rm_company` WHERE `id` = 2 LIMIT 1   [ RunTime:0.0009s ]
SQL: SHOW COLUMNS FROM `rm_department` [ RunTime:0.0153s ]
SQL: SELECT * FROM `rm_department` WHERE `id` = 1 LIMIT 1   [ RunTime:0.0009s ]

[ 2017-04-20T07:29:54+08:00 ] 127.0.0.1 /index.php/Repair/detail/id/7.html
ERR: 非法操作:detail

[ 2017-04-20T20:53:47+08:00 ] 127.0.0.1 /index.php/Login/ajaxLogin.html
INFO: [ app_begin ] --START--
INFO: Run Behavior\ReadHtmlCacheBehavior [ RunTime:0.000504s ]
INFO: [ app_begin ] --END-- [ RunTime:0.000967s ]
SQL: SHOW COLUMNS FROM `rm_user` [ RunTime:0.0961s ]
SQL: SELECT * FROM `rm_user` WHERE `username` = 'lishen' LIMIT 1   [ RunTime:0.0046s ]
SQL: SHOW COLUMNS FROM `rm_company` [ RunTime:0.0227s ]
SQL: SELECT * FROM `rm_company` WHERE `id` = 2 LIMIT 1   [ RunTime:0.0003s ]
SQL: SHOW COLUMNS FROM `rm_department` [ RunTime:0.0034s ]
SQL: SELECT * FROM `rm_department` WHERE `id` = 1 LIMIT 1   [ RunTime:0.0002s ]

[ 2017-04-20T21:38:12+08:00 ] 127.0.0.1 /index.php/Repair/edit/id/7.html
ERR: 模板不存在:./Application/Admin/View/Repair/edit.html

[ 2017-04-20T22:31:43+08:00 ] 127.0.0.1 /index.php/admin/repair/index.html
ERR: 非法操作:index

[ 2017-04-20T22:47:16+08:00 ] 127.0.0.1 /index.php/Repair/info/id/3/p/3.html
ERR: Think\Model:findById方法不存在！

[ 2017-04-20T22:48:53+08:00 ] 127.0.0.1 /index.php/Repair/info/id/3/p/3.html
ERR: SQLSTATE[23000]: Integrity constraint violation: 1052 Column 'id' in where clause is ambiguous

[ 2017-04-20T23:09:17+08:00 ] 127.0.0.1 /index.php/Admin/Equipment/ajaxGetEq/project_id/001
INFO: [ app_begin ] --START--
INFO: Run Behavior\ReadHtmlCacheBehavior [ RunTime:0.000697s ]
INFO: [ app_begin ] --END-- [ RunTime:0.001183s ]
SQL: SHOW COLUMNS FROM `rm_equipment` [ RunTime:0.0005s ]
SQL: SELECT * FROM `rm_equipment` WHERE `project_id` = '001'  [ RunTime:0.0003s ]
INFO: [ app_end ] --START--
INFO: Run Behavior\ShowPageTraceBehavior [ RunTime:0.000715s ]
INFO: [ app_end ] --END-- [ RunTime:0.000800s ]

