[ 2017-04-25T07:17:24+08:00 ] 127.0.0.1 /index.php/Login/ajaxLogin.html
INFO: [ app_begin ] --START--
INFO: Run Behavior\ReadHtmlCacheBehavior [ RunTime:0.000719s ]
INFO: [ app_begin ] --END-- [ RunTime:0.001181s ]
SQL: SHOW COLUMNS FROM `rm_user` [ RunTime:0.0007s ]
SQL: SELECT * FROM `rm_user` WHERE `username` = 'lishen' LIMIT 1   [ RunTime:0.0003s ]
SQL: SHOW COLUMNS FROM `rm_company` [ RunTime:0.0004s ]
SQL: SELECT * FROM `rm_company` WHERE `id` = 2 LIMIT 1   [ RunTime:0.0002s ]
SQL: SHOW COLUMNS FROM `rm_department` [ RunTime:0.0004s ]
SQL: SELECT * FROM `rm_department` WHERE `id` = 1 LIMIT 1   [ RunTime:0.0002s ]

[ 2017-04-25T18:32:00+08:00 ] 127.0.0.1 /index.php/Login/ajaxLogin.html
INFO: [ app_begin ] --START--
INFO: Run Behavior\ReadHtmlCacheBehavior [ RunTime:0.000694s ]
INFO: [ app_begin ] --END-- [ RunTime:0.001164s ]
SQL: SHOW COLUMNS FROM `rm_user` [ RunTime:0.0007s ]
SQL: SELECT * FROM `rm_user` WHERE `username` = 'lishen' LIMIT 1   [ RunTime:0.0003s ]
SQL: SHOW COLUMNS FROM `rm_company` [ RunTime:0.0003s ]
SQL: SELECT * FROM `rm_company` WHERE `id` = 2 LIMIT 1   [ RunTime:0.0002s ]
SQL: SHOW COLUMNS FROM `rm_department` [ RunTime:0.0003s ]
SQL: SELECT * FROM `rm_department` WHERE `id` = 1 LIMIT 1   [ RunTime:0.0003s ]

[ 2017-04-25T19:22:38+08:00 ] 127.0.0.1 /index.php/Repair/projectList.html
ERR: 非法操作:projectList

[ 2017-04-25T20:55:55+08:00 ] 127.0.0.1 /index.php/Repair/select/project_id/1.html
ERR: SQLSTATE[HY000]: General error: 1364 Field 'title' doesn't have a default value

[ 2017-04-25T20:58:24+08:00 ] 127.0.0.1 /index.php/Repair/projectList.html
ERR: 非法操作:projectList

[ 2017-04-25T21:09:07+08:00 ] 127.0.0.1 /index.php/Repair/select/project_id/1.html
ERR: Think\Model:check_repair_user_id方法不存在！

[ 2017-04-25T22:12:46+08:00 ] 127.0.0.1 /index.php/index.php/Repair/info/id/11.html.html
ERR: 无法加载控制器:Index.php

[ 2017-04-25T22:41:14+08:00 ] 127.0.0.1 /index.php/Admin/Equipment/ajaxGetEq/project_id/003
INFO: [ app_begin ] --START--
INFO: Run Behavior\ReadHtmlCacheBehavior [ RunTime:0.000695s ]
INFO: [ app_begin ] --END-- [ RunTime:0.001180s ]
SQL: SHOW COLUMNS FROM `rm_equipment` [ RunTime:0.0005s ]
SQL: SELECT * FROM `rm_equipment` WHERE `project_id` = '003'  [ RunTime:0.0003s ]
INFO: [ app_end ] --START--
INFO: Run Behavior\ShowPageTraceBehavior [ RunTime:0.000646s ]
INFO: [ app_end ] --END-- [ RunTime:0.000725s ]

[ 2017-04-25T22:42:05+08:00 ] 127.0.0.1 /index.php/Admin/Company/ajaxGetCp/company_id/003
INFO: [ app_begin ] --START--
INFO: Run Behavior\ReadHtmlCacheBehavior [ RunTime:0.000663s ]
INFO: [ app_begin ] --END-- [ RunTime:0.001088s ]
SQL: SHOW COLUMNS FROM `rm_company` [ RunTime:0.0005s ]
SQL: SELECT * FROM `rm_company` WHERE `id` = 3 LIMIT 1   [ RunTime:0.0002s ]
INFO: [ app_end ] --START--
INFO: Run Behavior\ShowPageTraceBehavior [ RunTime:0.000742s ]
INFO: [ app_end ] --END-- [ RunTime:0.000826s ]

[ 2017-04-25T22:42:51+08:00 ] 127.0.0.1 /index.php/Admin/Equipment/ajaxGetEq/project_id/003
INFO: [ app_begin ] --START--
INFO: Run Behavior\ReadHtmlCacheBehavior [ RunTime:0.000663s ]
INFO: [ app_begin ] --END-- [ RunTime:0.001090s ]
SQL: SHOW COLUMNS FROM `rm_equipment` [ RunTime:0.0005s ]
SQL: SELECT * FROM `rm_equipment` WHERE `project_id` = '003'  [ RunTime:0.0003s ]
INFO: [ app_end ] --START--
INFO: Run Behavior\ShowPageTraceBehavior [ RunTime:0.000624s ]
INFO: [ app_end ] --END-- [ RunTime:0.000701s ]

[ 2017-04-25T22:43:57+08:00 ] 127.0.0.1 /index.php/index.php/Repair/info/id/12.html.html
ERR: 无法加载控制器:Index.php

[ 2017-04-25T22:51:43+08:00 ] 127.0.0.1 /index.php/index.php/Repair/info.html.html
ERR: 无法加载控制器:Index.php

[ 2017-04-25T22:53:08+08:00 ] 127.0.0.1 /index.php/index.php/Repair/info.html.html
ERR: 无法加载控制器:Index.php

[ 2017-04-25T22:56:27+08:00 ] 127.0.0.1 /index.php/index.php/Repair/info.html.html
ERR: 无法加载控制器:Index.php

[ 2017-04-25T22:56:39+08:00 ] 127.0.0.1 /index.php/index.php/Repair/info.html.html
ERR: 无法加载控制器:Index.php

[ 2017-04-25T23:01:39+08:00 ] 127.0.0.1 /index.php/index.php/Admin/repair/info/id/12.html.html
ERR: 无法加载控制器:Index.php

[ 2017-04-25T23:02:20+08:00 ] 127.0.0.1 /index.php/index.php/Admin/repair/info/id/12.html.html
ERR: 无法加载控制器:Index.php

[ 2017-04-25T23:02:28+08:00 ] 127.0.0.1 /index.php/index.php/Admin/repair/info.html.html
ERR: 无法加载控制器:Index.php

[ 2017-04-25T23:07:10+08:00 ] 127.0.0.1 /index.php/Login/ajaxLogin.html
INFO: [ app_begin ] --START--
INFO: Run Behavior\ReadHtmlCacheBehavior [ RunTime:0.000726s ]
INFO: [ app_begin ] --END-- [ RunTime:0.001213s ]
SQL: SHOW COLUMNS FROM `rm_user` [ RunTime:0.0005s ]
SQL: SELECT * FROM `rm_user` WHERE `username` = 'lishen' LIMIT 1   [ RunTime:0.0003s ]
SQL: SHOW COLUMNS FROM `rm_company` [ RunTime:0.0003s ]
SQL: SELECT * FROM `rm_company` WHERE `id` = 2 LIMIT 1   [ RunTime:0.0002s ]
SQL: SHOW COLUMNS FROM `rm_department` [ RunTime:0.0004s ]
SQL: SELECT * FROM `rm_department` WHERE `id` = 1 LIMIT 1   [ RunTime:0.0002s ]

