[ 2017-05-05T13:37:55+08:00 ] 127.0.0.1 /index.php/Login/ajaxLogin.html
INFO: [ app_begin ] --START--
INFO: Run Behavior\ReadHtmlCacheBehavior [ RunTime:0.000938s ]
INFO: [ app_begin ] --END-- [ RunTime:0.001781s ]
SQL: SHOW COLUMNS FROM `rm_user` [ RunTime:0.1404s ]
SQL: SELECT * FROM `rm_user` WHERE `username` = 'lishen' LIMIT 1   [ RunTime:0.0433s ]
SQL: SHOW COLUMNS FROM `rm_company` [ RunTime:0.0015s ]
SQL: SELECT * FROM `rm_company` WHERE `id` = 2 LIMIT 1   [ RunTime:0.0012s ]
SQL: SHOW COLUMNS FROM `rm_department` [ RunTime:0.0469s ]
SQL: SELECT * FROM `rm_department` WHERE `id` = 1 LIMIT 1   [ RunTime:0.0005s ]

[ 2017-05-05T15:04:27+08:00 ] 127.0.0.1 /index.php/Repair/end/id/12/project_id/3/p/12.html
ERR: 非法操作:end

[ 2017-05-05T16:11:53+08:00 ] 127.0.0.1 /index.php/Repair/repair/id/10/project_id/1/p/10.html
ERR: 非法操作:repair

[ 2017-05-05T16:13:40+08:00 ] 127.0.0.1 /index.php/Admin/repair/ajaxGetPart?part_id=3
INFO: [ app_begin ] --START--
INFO: Run Behavior\ReadHtmlCacheBehavior [ RunTime:0.000655s ]
INFO: [ app_begin ] --END-- [ RunTime:0.001161s ]
SQL: SHOW COLUMNS FROM `rm_part` [ RunTime:0.0005s ]
SQL: SELECT * FROM `rm_part` WHERE `id` IN ('3')  [ RunTime:0.0003s ]
INFO: [ app_end ] --START--
INFO: Run Behavior\ShowPageTraceBehavior [ RunTime:0.000741s ]
INFO: [ app_end ] --END-- [ RunTime:0.000833s ]

[ 2017-05-05T16:13:40+08:00 ] 127.0.0.1 /index.php/Admin/repair/ajaxGetPart?part_id=2,3
INFO: [ app_begin ] --START--
INFO: Run Behavior\ReadHtmlCacheBehavior [ RunTime:0.000612s ]
INFO: [ app_begin ] --END-- [ RunTime:0.001058s ]
SQL: SHOW COLUMNS FROM `rm_part` [ RunTime:0.0005s ]
SQL: SELECT * FROM `rm_part` WHERE `id` IN ('2','3')  [ RunTime:0.0214s ]
INFO: [ app_end ] --START--
INFO: Run Behavior\ShowPageTraceBehavior [ RunTime:0.000736s ]
INFO: [ app_end ] --END-- [ RunTime:0.000823s ]

[ 2017-05-05T16:14:43+08:00 ] 127.0.0.1 /index.php/Repair/repaired/repair_id/10/project_id/1/p/10.html
ERR: SQLSTATE[23000]: Integrity constraint violation: 1048 Column 'price' cannot be null

[ 2017-05-05T16:14:53+08:00 ] 127.0.0.1 /index.php/Admin/repair/ajaxGetPart?part_id=%E8%AF%B7%E9%80%89%E6%8B%A9,2,3
INFO: [ app_begin ] --START--
INFO: Run Behavior\ReadHtmlCacheBehavior [ RunTime:0.000653s ]
INFO: [ app_begin ] --END-- [ RunTime:0.001150s ]
SQL: SHOW COLUMNS FROM `rm_part` [ RunTime:0.0005s ]
SQL: SELECT * FROM `rm_part` WHERE `id` IN ('请选择','2','3')  [ RunTime:0.0004s ]
INFO: [ app_end ] --START--
INFO: Run Behavior\ShowPageTraceBehavior [ RunTime:0.001086s ]
INFO: [ app_end ] --END-- [ RunTime:0.001230s ]

[ 2017-05-05T16:14:54+08:00 ] 127.0.0.1 /index.php/Admin/repair/ajaxGetPart?part_id=2,3
INFO: [ app_begin ] --START--
INFO: Run Behavior\ReadHtmlCacheBehavior [ RunTime:0.000557s ]
INFO: [ app_begin ] --END-- [ RunTime:0.000962s ]
SQL: SHOW COLUMNS FROM `rm_part` [ RunTime:0.0005s ]
SQL: SELECT * FROM `rm_part` WHERE `id` IN ('2','3')  [ RunTime:0.0003s ]
INFO: [ app_end ] --START--
INFO: Run Behavior\ShowPageTraceBehavior [ RunTime:0.000738s ]
INFO: [ app_end ] --END-- [ RunTime:0.000827s ]

[ 2017-05-05T16:14:54+08:00 ] 127.0.0.1 /index.php/Admin/repair/ajaxGetPart?part_id=1,2,3
INFO: [ app_begin ] --START--
INFO: Run Behavior\ReadHtmlCacheBehavior [ RunTime:0.000619s ]
INFO: [ app_begin ] --END-- [ RunTime:0.001110s ]
SQL: SHOW COLUMNS FROM `rm_part` [ RunTime:0.0009s ]
SQL: SELECT * FROM `rm_part` WHERE `id` IN ('1','2','3')  [ RunTime:0.0004s ]
INFO: [ app_end ] --START--
INFO: Run Behavior\ShowPageTraceBehavior [ RunTime:0.000733s ]
INFO: [ app_end ] --END-- [ RunTime:0.000838s ]

[ 2017-05-05T16:14:55+08:00 ] 127.0.0.1 /index.php/Admin/repair/ajaxGetPart?part_id=2,3
INFO: [ app_begin ] --START--
INFO: Run Behavior\ReadHtmlCacheBehavior [ RunTime:0.000665s ]
INFO: [ app_begin ] --END-- [ RunTime:0.001305s ]
SQL: SHOW COLUMNS FROM `rm_part` [ RunTime:0.0005s ]
SQL: SELECT * FROM `rm_part` WHERE `id` IN ('2','3')  [ RunTime:0.0003s ]
INFO: [ app_end ] --START--
INFO: Run Behavior\ShowPageTraceBehavior [ RunTime:0.000715s ]
INFO: [ app_end ] --END-- [ RunTime:0.000812s ]

[ 2017-05-05T16:14:56+08:00 ] 127.0.0.1 /index.php/Admin/repair/ajaxGetPart?part_id=3
INFO: [ app_begin ] --START--
INFO: Run Behavior\ReadHtmlCacheBehavior [ RunTime:0.000621s ]
INFO: [ app_begin ] --END-- [ RunTime:0.001121s ]
SQL: SHOW COLUMNS FROM `rm_part` [ RunTime:0.0005s ]
SQL: SELECT * FROM `rm_part` WHERE `id` IN ('3')  [ RunTime:0.0003s ]
INFO: [ app_end ] --START--
INFO: Run Behavior\ShowPageTraceBehavior [ RunTime:0.000705s ]
INFO: [ app_end ] --END-- [ RunTime:0.000816s ]

[ 2017-05-05T16:14:57+08:00 ] 127.0.0.1 /index.php/Admin/repair/ajaxGetPart?part_id=2
INFO: [ app_begin ] --START--
INFO: Run Behavior\ReadHtmlCacheBehavior [ RunTime:0.000562s ]
INFO: [ app_begin ] --END-- [ RunTime:0.000982s ]
SQL: SHOW COLUMNS FROM `rm_part` [ RunTime:0.0011s ]
SQL: SELECT * FROM `rm_part` WHERE `id` IN ('2')  [ RunTime:0.0003s ]
INFO: [ app_end ] --START--
INFO: Run Behavior\ShowPageTraceBehavior [ RunTime:0.000729s ]
INFO: [ app_end ] --END-- [ RunTime:0.000828s ]

[ 2017-05-05T16:14:57+08:00 ] 127.0.0.1 /index.php/Admin/repair/ajaxGetPart?part_id=2,3
INFO: [ app_begin ] --START--
INFO: Run Behavior\ReadHtmlCacheBehavior [ RunTime:0.000731s ]
INFO: [ app_begin ] --END-- [ RunTime:0.001317s ]
SQL: SHOW COLUMNS FROM `rm_part` [ RunTime:0.0006s ]
SQL: SELECT * FROM `rm_part` WHERE `id` IN ('2','3')  [ RunTime:0.0003s ]
INFO: [ app_end ] --START--
INFO: Run Behavior\ShowPageTraceBehavior [ RunTime:0.000682s ]
INFO: [ app_end ] --END-- [ RunTime:0.000769s ]

[ 2017-05-05T16:35:46+08:00 ] 127.0.0.1 /index.php/Admin/repair/ajaxGetPart?part_id=3
INFO: [ app_begin ] --START--
INFO: Run Behavior\ReadHtmlCacheBehavior [ RunTime:0.000726s ]
INFO: [ app_begin ] --END-- [ RunTime:0.001223s ]
SQL: SHOW COLUMNS FROM `rm_part` [ RunTime:0.0005s ]
SQL: SELECT * FROM `rm_part` WHERE `id` IN ('3')  [ RunTime:0.0003s ]
INFO: [ app_end ] --START--
INFO: Run Behavior\ShowPageTraceBehavior [ RunTime:0.000975s ]
INFO: [ app_end ] --END-- [ RunTime:0.001145s ]

[ 2017-05-05T16:35:46+08:00 ] 127.0.0.1 /index.php/Admin/repair/ajaxGetPart?part_id=2,3
INFO: [ app_begin ] --START--
INFO: Run Behavior\ReadHtmlCacheBehavior [ RunTime:0.000743s ]
INFO: [ app_begin ] --END-- [ RunTime:0.001334s ]
SQL: SHOW COLUMNS FROM `rm_part` [ RunTime:0.0007s ]
SQL: SELECT * FROM `rm_part` WHERE `id` IN ('2','3')  [ RunTime:0.0004s ]
INFO: [ app_end ] --START--
INFO: Run Behavior\ShowPageTraceBehavior [ RunTime:0.001014s ]
INFO: [ app_end ] --END-- [ RunTime:0.001145s ]

[ 2017-05-05T16:35:51+08:00 ] 127.0.0.1 /index.php/Repair/repaired/repair_id/10/project_id/1/p/10.html
ERR: SQLSTATE[23000]: Integrity constraint violation: 1048 Column 'repair_id' cannot be null

[ 2017-05-05T16:36:18+08:00 ] 127.0.0.1 /index.php/Admin/repair/ajaxGetPart?part_id=2
INFO: [ app_begin ] --START--
INFO: Run Behavior\ReadHtmlCacheBehavior [ RunTime:0.001175s ]
INFO: [ app_begin ] --END-- [ RunTime:0.002399s ]
SQL: SHOW COLUMNS FROM `rm_part` [ RunTime:0.0006s ]
SQL: SELECT * FROM `rm_part` WHERE `id` IN ('2')  [ RunTime:0.0003s ]
INFO: [ app_end ] --START--
INFO: Run Behavior\ShowPageTraceBehavior [ RunTime:0.000950s ]
INFO: [ app_end ] --END-- [ RunTime:0.001049s ]

[ 2017-05-05T16:36:19+08:00 ] 127.0.0.1 /index.php/Admin/repair/ajaxGetPart?part_id=2
INFO: [ app_begin ] --START--
INFO: Run Behavior\ReadHtmlCacheBehavior [ RunTime:0.001033s ]
INFO: [ app_begin ] --END-- [ RunTime:0.001780s ]
SQL: SHOW COLUMNS FROM `rm_part` [ RunTime:0.0007s ]
SQL: SELECT * FROM `rm_part` WHERE `id` IN ('2')  [ RunTime:0.0004s ]
INFO: [ app_end ] --START--
INFO: Run Behavior\ShowPageTraceBehavior [ RunTime:0.000828s ]
INFO: [ app_end ] --END-- [ RunTime:0.000925s ]

[ 2017-05-05T16:36:20+08:00 ] 127.0.0.1 /index.php/Admin/repair/ajaxGetPart?part_id=2,3
INFO: [ app_begin ] --START--
INFO: Run Behavior\ReadHtmlCacheBehavior [ RunTime:0.000844s ]
INFO: [ app_begin ] --END-- [ RunTime:0.001327s ]
SQL: SHOW COLUMNS FROM `rm_part` [ RunTime:0.0005s ]
SQL: SELECT * FROM `rm_part` WHERE `id` IN ('2','3')  [ RunTime:0.0003s ]
INFO: [ app_end ] --START--
INFO: Run Behavior\ShowPageTraceBehavior [ RunTime:0.000931s ]
INFO: [ app_end ] --END-- [ RunTime:0.001023s ]

[ 2017-05-05T16:38:44+08:00 ] 127.0.0.1 /index.php/Admin/repair/ajaxGetPart?part_id=2
INFO: [ app_begin ] --START--
INFO: Run Behavior\ReadHtmlCacheBehavior [ RunTime:0.000592s ]
INFO: [ app_begin ] --END-- [ RunTime:0.001064s ]
SQL: SHOW COLUMNS FROM `rm_part` [ RunTime:0.0005s ]
SQL: SELECT * FROM `rm_part` WHERE `id` IN ('2')  [ RunTime:0.0003s ]
INFO: [ app_end ] --START--
INFO: Run Behavior\ShowPageTraceBehavior [ RunTime:0.000689s ]
INFO: [ app_end ] --END-- [ RunTime:0.000784s ]

[ 2017-05-05T16:38:44+08:00 ] 127.0.0.1 /index.php/Admin/repair/ajaxGetPart?part_id=2,3
INFO: [ app_begin ] --START--
INFO: Run Behavior\ReadHtmlCacheBehavior [ RunTime:0.000584s ]
INFO: [ app_begin ] --END-- [ RunTime:0.001017s ]
SQL: SHOW COLUMNS FROM `rm_part` [ RunTime:0.0006s ]
SQL: SELECT * FROM `rm_part` WHERE `id` IN ('2','3')  [ RunTime:0.0003s ]
INFO: [ app_end ] --START--
INFO: Run Behavior\ShowPageTraceBehavior [ RunTime:0.000708s ]
INFO: [ app_end ] --END-- [ RunTime:0.000803s ]

[ 2017-05-05T17:44:23+08:00 ] 127.0.0.1 /index.php/Admin/Equipment/ajaxGetEq/project_id/001
INFO: [ app_begin ] --START--
INFO: Run Behavior\ReadHtmlCacheBehavior [ RunTime:0.000675s ]
INFO: [ app_begin ] --END-- [ RunTime:0.001157s ]
SQL: SHOW COLUMNS FROM `rm_equipment` [ RunTime:0.0006s ]
SQL: SELECT * FROM `rm_equipment` WHERE `project_id` = '001'  [ RunTime:0.0155s ]
INFO: [ app_end ] --START--
INFO: Run Behavior\ShowPageTraceBehavior [ RunTime:0.001278s ]
INFO: [ app_end ] --END-- [ RunTime:0.001439s ]

[ 2017-05-05T17:47:03+08:00 ] 127.0.0.1 /index.php/Admin/Equipment/ajaxGetEq/project_id/002
INFO: [ app_begin ] --START--
INFO: Run Behavior\ReadHtmlCacheBehavior [ RunTime:0.000619s ]
INFO: [ app_begin ] --END-- [ RunTime:0.001036s ]
SQL: SHOW COLUMNS FROM `rm_equipment` [ RunTime:0.0006s ]
SQL: SELECT * FROM `rm_equipment` WHERE `project_id` = '002'  [ RunTime:0.0004s ]
INFO: [ app_end ] --START--
INFO: Run Behavior\ShowPageTraceBehavior [ RunTime:0.000829s ]
INFO: [ app_end ] --END-- [ RunTime:0.000929s ]

[ 2017-05-05T17:47:06+08:00 ] 127.0.0.1 /index.php/Admin/Equipment/ajaxGetEq/project_id/001
INFO: [ app_begin ] --START--
INFO: Run Behavior\ReadHtmlCacheBehavior [ RunTime:0.000712s ]
INFO: [ app_begin ] --END-- [ RunTime:0.001171s ]
SQL: SHOW COLUMNS FROM `rm_equipment` [ RunTime:0.0006s ]
SQL: SELECT * FROM `rm_equipment` WHERE `project_id` = '001'  [ RunTime:0.0003s ]
INFO: [ app_end ] --START--
INFO: Run Behavior\ShowPageTraceBehavior [ RunTime:0.000809s ]
INFO: [ app_end ] --END-- [ RunTime:0.000904s ]

[ 2017-05-05T17:49:39+08:00 ] 127.0.0.1 /index.php/Repair/select/repair_id/13/project_id/1/p/13.html
ERR: SQLSTATE[22007]: Invalid datetime format: 1292 Incorrect datetime value: '' for column 'repair_time' at row 1

[ 2017-05-05T17:49:51+08:00 ] 127.0.0.1 /index.php/Repair/select/repair_id/13/project_id/1/p/13.html
ERR: SQLSTATE[22007]: Invalid datetime format: 1292 Incorrect datetime value: '' for column 'repair_time' at row 1

[ 2017-05-05T17:51:58+08:00 ] 127.0.0.1 /index.php/Repair/select/repair_id/13/project_id/1/p/13.html
ERR: SQLSTATE[23000]: Integrity constraint violation: 1062 Duplicate entry '1' for key 'repair_id_event_type'

[ 2017-05-05T17:56:35+08:00 ] 127.0.0.1 /index.php/Admin/repair/ajaxGetPart?part_id=3
INFO: [ app_begin ] --START--
INFO: Run Behavior\ReadHtmlCacheBehavior [ RunTime:0.000659s ]
INFO: [ app_begin ] --END-- [ RunTime:0.001138s ]
SQL: SHOW COLUMNS FROM `rm_part` [ RunTime:0.0006s ]
SQL: SELECT * FROM `rm_part` WHERE `id` IN ('3')  [ RunTime:0.0003s ]
INFO: [ app_end ] --START--
INFO: Run Behavior\ShowPageTraceBehavior [ RunTime:0.000770s ]
INFO: [ app_end ] --END-- [ RunTime:0.000867s ]

[ 2017-05-05T17:56:36+08:00 ] 127.0.0.1 /index.php/Admin/repair/ajaxGetPart?part_id=2,3
INFO: [ app_begin ] --START--
INFO: Run Behavior\ReadHtmlCacheBehavior [ RunTime:0.000695s ]
INFO: [ app_begin ] --END-- [ RunTime:0.001167s ]
SQL: SHOW COLUMNS FROM `rm_part` [ RunTime:0.0005s ]
SQL: SELECT * FROM `rm_part` WHERE `id` IN ('2','3')  [ RunTime:0.0003s ]
INFO: [ app_end ] --START--
INFO: Run Behavior\ShowPageTraceBehavior [ RunTime:0.000616s ]
INFO: [ app_end ] --END-- [ RunTime:0.000701s ]

[ 2017-05-05T17:57:06+08:00 ] 127.0.0.1 /index.php/Repair/repaired/repair_id/13/project_id/1/p/13.html
ERR: SQLSTATE[23000]: Integrity constraint violation: 1062 Duplicate entry '132' for key 'repair_id_event_type'

[ 2017-05-05T18:07:17+08:00 ] 127.0.0.1 /index.php/Repair/repaired/repair_id/13/project_id/1/p/13.html
ERR: SQLSTATE[23000]: Integrity constraint violation: 1062 Duplicate entry '132' for key 'repair_id_event_type'

[ 2017-05-05T18:12:51+08:00 ] 127.0.0.1 /index.php/Repair/end/repair_id/13/project_id/1/p/13.html
ERR: 非法操作:end

[ 2017-05-05T18:59:07+08:00 ] 127.0.0.1 /index.php/Admin/Equipment/ajaxGetEq/project_id/001
INFO: [ app_begin ] --START--
INFO: Run Behavior\ReadHtmlCacheBehavior [ RunTime:0.000721s ]
INFO: [ app_begin ] --END-- [ RunTime:0.001188s ]
SQL: SHOW COLUMNS FROM `rm_equipment` [ RunTime:0.0005s ]
SQL: SELECT * FROM `rm_equipment` WHERE `project_id` = '001'  [ RunTime:0.0004s ]
INFO: [ app_end ] --START--
INFO: Run Behavior\ShowPageTraceBehavior [ RunTime:0.000949s ]
INFO: [ app_end ] --END-- [ RunTime:0.001048s ]

[ 2017-05-05T18:59:36+08:00 ] 127.0.0.1 /index.php/Admin/Equipment/ajaxGetEq/project_id/002
INFO: [ app_begin ] --START--
INFO: Run Behavior\ReadHtmlCacheBehavior [ RunTime:0.000702s ]
INFO: [ app_begin ] --END-- [ RunTime:0.001178s ]
SQL: SHOW COLUMNS FROM `rm_equipment` [ RunTime:0.0006s ]
SQL: SELECT * FROM `rm_equipment` WHERE `project_id` = '002'  [ RunTime:0.0003s ]
INFO: [ app_end ] --START--
INFO: Run Behavior\ShowPageTraceBehavior [ RunTime:0.000674s ]
INFO: [ app_end ] --END-- [ RunTime:0.000784s ]

[ 2017-05-05T18:59:40+08:00 ] 127.0.0.1 /index.php/Admin/Equipment/ajaxGetEq/project_id/001
INFO: [ app_begin ] --START--
INFO: Run Behavior\ReadHtmlCacheBehavior [ RunTime:0.000630s ]
INFO: [ app_begin ] --END-- [ RunTime:0.001103s ]
SQL: SHOW COLUMNS FROM `rm_equipment` [ RunTime:0.0005s ]
SQL: SELECT * FROM `rm_equipment` WHERE `project_id` = '001'  [ RunTime:0.0003s ]
INFO: [ app_end ] --START--
INFO: Run Behavior\ShowPageTraceBehavior [ RunTime:0.000590s ]
INFO: [ app_end ] --END-- [ RunTime:0.000684s ]

[ 2017-05-05T19:02:39+08:00 ] 127.0.0.1 /index.php/Admin/Equipment/ajaxGetEq/project_id/002
INFO: [ app_begin ] --START--
INFO: Run Behavior\ReadHtmlCacheBehavior [ RunTime:0.000661s ]
INFO: [ app_begin ] --END-- [ RunTime:0.001158s ]
SQL: SHOW COLUMNS FROM `rm_equipment` [ RunTime:0.0006s ]
SQL: SELECT * FROM `rm_equipment` WHERE `project_id` = '002'  [ RunTime:0.0004s ]
INFO: [ app_end ] --START--
INFO: Run Behavior\ShowPageTraceBehavior [ RunTime:0.000669s ]
INFO: [ app_end ] --END-- [ RunTime:0.000760s ]

[ 2017-05-05T19:02:41+08:00 ] 127.0.0.1 /index.php/Admin/Equipment/ajaxGetEq/project_id/001
INFO: [ app_begin ] --START--
INFO: Run Behavior\ReadHtmlCacheBehavior [ RunTime:0.000620s ]
INFO: [ app_begin ] --END-- [ RunTime:0.001250s ]
SQL: SHOW COLUMNS FROM `rm_equipment` [ RunTime:0.0008s ]
SQL: SELECT * FROM `rm_equipment` WHERE `project_id` = '001'  [ RunTime:0.0006s ]
INFO: [ app_end ] --START--
INFO: Run Behavior\ShowPageTraceBehavior [ RunTime:0.000763s ]
INFO: [ app_end ] --END-- [ RunTime:0.000845s ]

[ 2017-05-05T19:03:29+08:00 ] 127.0.0.1 /index.php/Admin/Equipment/ajaxGetEq/project_id/001
INFO: [ app_begin ] --START--
INFO: Run Behavior\ReadHtmlCacheBehavior [ RunTime:0.000604s ]
INFO: [ app_begin ] --END-- [ RunTime:0.001115s ]
SQL: SHOW COLUMNS FROM `rm_equipment` [ RunTime:0.0006s ]
SQL: SELECT * FROM `rm_equipment` WHERE `project_id` = '001'  [ RunTime:0.0003s ]
INFO: [ app_end ] --START--
INFO: Run Behavior\ShowPageTraceBehavior [ RunTime:0.000805s ]
INFO: [ app_end ] --END-- [ RunTime:0.000900s ]

[ 2017-05-05T19:06:30+08:00 ] 127.0.0.1 /index.php/Repair/select/repair_id/16/project_id/1/p/1.html
ERR: SQLSTATE[23000]: Integrity constraint violation: 1062 Duplicate entry '161' for key 'repair_id_event_type'

[ 2017-05-05T19:06:54+08:00 ] 127.0.0.1 /index.php/Admin/repair/ajaxGetPart?part_id=3
INFO: [ app_begin ] --START--
INFO: Run Behavior\ReadHtmlCacheBehavior [ RunTime:0.000702s ]
INFO: [ app_begin ] --END-- [ RunTime:0.001267s ]
SQL: SHOW COLUMNS FROM `rm_part` [ RunTime:0.0006s ]
SQL: SELECT * FROM `rm_part` WHERE `id` IN ('3')  [ RunTime:0.0003s ]
INFO: [ app_end ] --START--
INFO: Run Behavior\ShowPageTraceBehavior [ RunTime:0.000698s ]
INFO: [ app_end ] --END-- [ RunTime:0.000796s ]

[ 2017-05-05T19:06:54+08:00 ] 127.0.0.1 /index.php/Admin/repair/ajaxGetPart?part_id=1,3
INFO: [ app_begin ] --START--
INFO: Run Behavior\ReadHtmlCacheBehavior [ RunTime:0.000663s ]
INFO: [ app_begin ] --END-- [ RunTime:0.001117s ]
SQL: SHOW COLUMNS FROM `rm_part` [ RunTime:0.0010s ]
SQL: SELECT * FROM `rm_part` WHERE `id` IN ('1','3')  [ RunTime:0.0005s ]
INFO: [ app_end ] --START--
INFO: Run Behavior\ShowPageTraceBehavior [ RunTime:0.001087s ]
INFO: [ app_end ] --END-- [ RunTime:0.001208s ]

[ 2017-05-05T19:26:31+08:00 ] 127.0.0.1 /index.php/Repair/edit/id/15.html
ERR: 模板不存在:./Application/Admin/View/Repair/edit.html

[ 2017-05-05T19:27:51+08:00 ] 127.0.0.1 /index.php/admin/repair/index.html
ERR: 非法操作:index

[ 2017-05-05T19:33:12+08:00 ] 127.0.0.1 /index.php/admin/repair/pages/layout/fixed.html
ERR: 非法操作:pages

[ 2017-05-05T19:38:16+08:00 ] 127.0.0.1 /index.php/Repair/edit/id/15.html
ERR: 模板不存在:./Application/Admin/View/Repair/edit.html

[ 2017-05-05T19:50:52+08:00 ] 127.0.0.1 /index.php/Repair/edit/id/15.html
ERR: 模板不存在:./Application/Admin/View/Repair/edit.html

[ 2017-05-05T19:56:55+08:00 ] 127.0.0.1 /index.php/admin/repair/index.html
ERR: 非法操作:index

[ 2017-05-05T19:57:02+08:00 ] 127.0.0.1 /index.php/admin/repair/index.html
ERR: 非法操作:index

[ 2017-05-05T20:16:59+08:00 ] 127.0.0.1 /index.php/admin/repair/index.html
ERR: 非法操作:index

[ 2017-05-05T21:51:36+08:00 ] 127.0.0.1 /index.php/Admin/repair/ajaxGetPart?part_id=3
INFO: [ app_begin ] --START--
INFO: Run Behavior\ReadHtmlCacheBehavior [ RunTime:0.000566s ]
INFO: [ app_begin ] --END-- [ RunTime:0.000977s ]
SQL: SHOW COLUMNS FROM `rm_part` [ RunTime:0.0006s ]
SQL: SELECT * FROM `rm_part` WHERE `id` IN ('3')  [ RunTime:0.0003s ]
INFO: [ app_end ] --START--
INFO: Run Behavior\ShowPageTraceBehavior [ RunTime:0.000729s ]
INFO: [ app_end ] --END-- [ RunTime:0.000834s ]

[ 2017-05-05T21:51:36+08:00 ] 127.0.0.1 /index.php/Admin/repair/ajaxGetPart?part_id=2,3
INFO: [ app_begin ] --START--
INFO: Run Behavior\ReadHtmlCacheBehavior [ RunTime:0.000557s ]
INFO: [ app_begin ] --END-- [ RunTime:0.000967s ]
SQL: SHOW COLUMNS FROM `rm_part` [ RunTime:0.0005s ]
SQL: SELECT * FROM `rm_part` WHERE `id` IN ('2','3')  [ RunTime:0.0004s ]
INFO: [ app_end ] --START--
INFO: Run Behavior\ShowPageTraceBehavior [ RunTime:0.000752s ]
INFO: [ app_end ] --END-- [ RunTime:0.000865s ]

[ 2017-05-05T21:51:37+08:00 ] 127.0.0.1 /index.php/Admin/repair/ajaxGetPart?part_id=2
INFO: [ app_begin ] --START--
INFO: Run Behavior\ReadHtmlCacheBehavior [ RunTime:0.000576s ]
INFO: [ app_begin ] --END-- [ RunTime:0.001014s ]
SQL: SHOW COLUMNS FROM `rm_part` [ RunTime:0.0005s ]
SQL: SELECT * FROM `rm_part` WHERE `id` IN ('2')  [ RunTime:0.0002s ]
INFO: [ app_end ] --START--
INFO: Run Behavior\ShowPageTraceBehavior [ RunTime:0.000676s ]
INFO: [ app_end ] --END-- [ RunTime:0.000767s ]

[ 2017-05-05T21:52:30+08:00 ] 127.0.0.1 /index.php/Admin/repair/ajaxGetPart?part_id=1,2,3
INFO: [ app_begin ] --START--
INFO: Run Behavior\ReadHtmlCacheBehavior [ RunTime:0.000666s ]
INFO: [ app_begin ] --END-- [ RunTime:0.001173s ]
SQL: SHOW COLUMNS FROM `rm_part` [ RunTime:0.0006s ]
SQL: SELECT * FROM `rm_part` WHERE `id` IN ('1','2','3')  [ RunTime:0.0003s ]
INFO: [ app_end ] --START--
INFO: Run Behavior\ShowPageTraceBehavior [ RunTime:0.000679s ]
INFO: [ app_end ] --END-- [ RunTime:0.000777s ]

[ 2017-05-05T21:53:05+08:00 ] 127.0.0.1 /index.php/Admin/repair/ajaxGetPart?part_id=2
INFO: [ app_begin ] --START--
INFO: Run Behavior\ReadHtmlCacheBehavior [ RunTime:0.000605s ]
INFO: [ app_begin ] --END-- [ RunTime:0.001091s ]
SQL: SHOW COLUMNS FROM `rm_part` [ RunTime:0.0005s ]
SQL: SELECT * FROM `rm_part` WHERE `id` IN ('2')  [ RunTime:0.0003s ]
INFO: [ app_end ] --START--
INFO: Run Behavior\ShowPageTraceBehavior [ RunTime:0.000647s ]
INFO: [ app_end ] --END-- [ RunTime:0.000743s ]

[ 2017-05-05T21:53:05+08:00 ] 127.0.0.1 /index.php/Admin/repair/ajaxGetPart?part_id=2,3
INFO: [ app_begin ] --START--
INFO: Run Behavior\ReadHtmlCacheBehavior [ RunTime:0.000590s ]
INFO: [ app_begin ] --END-- [ RunTime:0.001053s ]
SQL: SHOW COLUMNS FROM `rm_part` [ RunTime:0.0005s ]
SQL: SELECT * FROM `rm_part` WHERE `id` IN ('2','3')  [ RunTime:0.0003s ]
INFO: [ app_end ] --START--
INFO: Run Behavior\ShowPageTraceBehavior [ RunTime:0.000627s ]
INFO: [ app_end ] --END-- [ RunTime:0.000719s ]

[ 2017-05-05T21:55:38+08:00 ] 127.0.0.1 /index.php/Admin/repair/ajaxGetPart?part_id=1,2,3
INFO: [ app_begin ] --START--
INFO: Run Behavior\ReadHtmlCacheBehavior [ RunTime:0.000605s ]
INFO: [ app_begin ] --END-- [ RunTime:0.001054s ]
SQL: SHOW COLUMNS FROM `rm_part` [ RunTime:0.0005s ]
SQL: SELECT * FROM `rm_part` WHERE `id` IN ('1','2','3')  [ RunTime:0.0003s ]
INFO: [ app_end ] --START--
INFO: Run Behavior\ShowPageTraceBehavior [ RunTime:0.000616s ]
INFO: [ app_end ] --END-- [ RunTime:0.000712s ]

[ 2017-05-05T21:55:38+08:00 ] 127.0.0.1 /index.php/Admin/repair/ajaxGetPart?part_id=1,2
INFO: [ app_begin ] --START--
INFO: Run Behavior\ReadHtmlCacheBehavior [ RunTime:0.000623s ]
INFO: [ app_begin ] --END-- [ RunTime:0.001027s ]
SQL: SHOW COLUMNS FROM `rm_part` [ RunTime:0.0005s ]
SQL: SELECT * FROM `rm_part` WHERE `id` IN ('1','2')  [ RunTime:0.0003s ]
INFO: [ app_end ] --START--
INFO: Run Behavior\ShowPageTraceBehavior [ RunTime:0.000577s ]
INFO: [ app_end ] --END-- [ RunTime:0.000674s ]

[ 2017-05-05T21:55:49+08:00 ] 127.0.0.1 /index.php/Admin/repair/ajaxGetPart?part_id=1
INFO: [ app_begin ] --START--
INFO: Run Behavior\ReadHtmlCacheBehavior [ RunTime:0.000591s ]
INFO: [ app_begin ] --END-- [ RunTime:0.001043s ]
SQL: SHOW COLUMNS FROM `rm_part` [ RunTime:0.0005s ]
SQL: SELECT * FROM `rm_part` WHERE `id` IN ('1')  [ RunTime:0.0003s ]
INFO: [ app_end ] --START--
INFO: Run Behavior\ShowPageTraceBehavior [ RunTime:0.000659s ]
INFO: [ app_end ] --END-- [ RunTime:0.000755s ]

[ 2017-05-05T21:55:49+08:00 ] 127.0.0.1 /index.php/Admin/repair/ajaxGetPart?part_id=1,2
INFO: [ app_begin ] --START--
INFO: Run Behavior\ReadHtmlCacheBehavior [ RunTime:0.000628s ]
INFO: [ app_begin ] --END-- [ RunTime:0.001109s ]
SQL: SHOW COLUMNS FROM `rm_part` [ RunTime:0.0006s ]
SQL: SELECT * FROM `rm_part` WHERE `id` IN ('1','2')  [ RunTime:0.0003s ]
INFO: [ app_end ] --START--
INFO: Run Behavior\ShowPageTraceBehavior [ RunTime:0.000625s ]
INFO: [ app_end ] --END-- [ RunTime:0.000736s ]

[ 2017-05-05T21:57:32+08:00 ] 127.0.0.1 /index.php/Admin/repair/ajaxGetPart?part_id=1,2,3
INFO: [ app_begin ] --START--
INFO: Run Behavior\ReadHtmlCacheBehavior [ RunTime:0.000674s ]
INFO: [ app_begin ] --END-- [ RunTime:0.001119s ]
SQL: SHOW COLUMNS FROM `rm_part` [ RunTime:0.0005s ]
SQL: SELECT * FROM `rm_part` WHERE `id` IN ('1','2','3')  [ RunTime:0.0003s ]
INFO: [ app_end ] --START--
INFO: Run Behavior\ShowPageTraceBehavior [ RunTime:0.000685s ]
INFO: [ app_end ] --END-- [ RunTime:0.000782s ]

[ 2017-05-05T21:58:54+08:00 ] 127.0.0.1 /index.php/Admin/repair/ajaxGetPart?part_id=1
INFO: [ app_begin ] --START--
INFO: Run Behavior\ReadHtmlCacheBehavior [ RunTime:0.000658s ]
INFO: [ app_begin ] --END-- [ RunTime:0.001099s ]
SQL: SHOW COLUMNS FROM `rm_part` [ RunTime:0.0006s ]
SQL: SELECT * FROM `rm_part` WHERE `id` IN ('1')  [ RunTime:0.0003s ]
INFO: [ app_end ] --START--
INFO: Run Behavior\ShowPageTraceBehavior [ RunTime:0.000805s ]
INFO: [ app_end ] --END-- [ RunTime:0.000895s ]

[ 2017-05-05T21:58:54+08:00 ] 127.0.0.1 /index.php/Admin/repair/ajaxGetPart?part_id=1,2
INFO: [ app_begin ] --START--
INFO: Run Behavior\ReadHtmlCacheBehavior [ RunTime:0.000619s ]
INFO: [ app_begin ] --END-- [ RunTime:0.001024s ]
SQL: SHOW COLUMNS FROM `rm_part` [ RunTime:0.0005s ]
SQL: SELECT * FROM `rm_part` WHERE `id` IN ('1','2')  [ RunTime:0.0003s ]
INFO: [ app_end ] --START--
INFO: Run Behavior\ShowPageTraceBehavior [ RunTime:0.000673s ]
INFO: [ app_end ] --END-- [ RunTime:0.000765s ]

[ 2017-05-05T21:59:20+08:00 ] 127.0.0.1 /index.php/Admin/repair/ajaxGetPart?part_id=1,2,3
INFO: [ app_begin ] --START--
INFO: Run Behavior\ReadHtmlCacheBehavior [ RunTime:0.000677s ]
INFO: [ app_begin ] --END-- [ RunTime:0.001167s ]
SQL: SHOW COLUMNS FROM `rm_part` [ RunTime:0.0007s ]
SQL: SELECT * FROM `rm_part` WHERE `id` IN ('1','2','3')  [ RunTime:0.0003s ]
INFO: [ app_end ] --START--
INFO: Run Behavior\ShowPageTraceBehavior [ RunTime:0.000652s ]
INFO: [ app_end ] --END-- [ RunTime:0.000737s ]

[ 2017-05-05T21:59:25+08:00 ] 127.0.0.1 /index.php/Admin/repair/ajaxGetPart?part_id=2,3
INFO: [ app_begin ] --START--
INFO: Run Behavior\ReadHtmlCacheBehavior [ RunTime:0.000553s ]
INFO: [ app_begin ] --END-- [ RunTime:0.000963s ]
SQL: SHOW COLUMNS FROM `rm_part` [ RunTime:0.0005s ]
SQL: SELECT * FROM `rm_part` WHERE `id` IN ('2','3')  [ RunTime:0.0003s ]
INFO: [ app_end ] --START--
INFO: Run Behavior\ShowPageTraceBehavior [ RunTime:0.000579s ]
INFO: [ app_end ] --END-- [ RunTime:0.000676s ]

[ 2017-05-05T21:59:27+08:00 ] 127.0.0.1 /index.php/Admin/repair/ajaxGetPart?part_id=3
INFO: [ app_begin ] --START--
INFO: Run Behavior\ReadHtmlCacheBehavior [ RunTime:0.000612s ]
INFO: [ app_begin ] --END-- [ RunTime:0.001100s ]
SQL: SHOW COLUMNS FROM `rm_part` [ RunTime:0.0006s ]
SQL: SELECT * FROM `rm_part` WHERE `id` IN ('3')  [ RunTime:0.0003s ]
INFO: [ app_end ] --START--
INFO: Run Behavior\ShowPageTraceBehavior [ RunTime:0.000719s ]
INFO: [ app_end ] --END-- [ RunTime:0.000811s ]

[ 2017-05-05T21:59:30+08:00 ] 127.0.0.1 /index.php/Admin/repair/ajaxGetPart?part_id=1,3
INFO: [ app_begin ] --START--
INFO: Run Behavior\ReadHtmlCacheBehavior [ RunTime:0.000612s ]
INFO: [ app_begin ] --END-- [ RunTime:0.001112s ]
SQL: SHOW COLUMNS FROM `rm_part` [ RunTime:0.0005s ]
SQL: SELECT * FROM `rm_part` WHERE `id` IN ('1','3')  [ RunTime:0.0003s ]
INFO: [ app_end ] --START--
INFO: Run Behavior\ShowPageTraceBehavior [ RunTime:0.000567s ]
INFO: [ app_end ] --END-- [ RunTime:0.000663s ]

[ 2017-05-05T21:59:32+08:00 ] 127.0.0.1 /index.php/Admin/repair/ajaxGetPart?part_id=1,2,3
INFO: [ app_begin ] --START--
INFO: Run Behavior\ReadHtmlCacheBehavior [ RunTime:0.000575s ]
INFO: [ app_begin ] --END-- [ RunTime:0.000983s ]
SQL: SHOW COLUMNS FROM `rm_part` [ RunTime:0.0005s ]
SQL: SELECT * FROM `rm_part` WHERE `id` IN ('1','2','3')  [ RunTime:0.0004s ]
INFO: [ app_end ] --START--
INFO: Run Behavior\ShowPageTraceBehavior [ RunTime:0.000888s ]
INFO: [ app_end ] --END-- [ RunTime:0.001001s ]

[ 2017-05-05T22:22:27+08:00 ] 127.0.0.1 /index.php/Admin/repair/ajaxGetPart?part_id=3
INFO: [ app_begin ] --START--
INFO: Run Behavior\ReadHtmlCacheBehavior [ RunTime:0.000580s ]
INFO: [ app_begin ] --END-- [ RunTime:0.001037s ]
SQL: SHOW COLUMNS FROM `rm_part` [ RunTime:0.0006s ]
SQL: SELECT * FROM `rm_part` WHERE `id` IN ('3')  [ RunTime:0.0004s ]
INFO: [ app_end ] --START--
INFO: Run Behavior\ShowPageTraceBehavior [ RunTime:0.000697s ]
INFO: [ app_end ] --END-- [ RunTime:0.000798s ]

[ 2017-05-05T22:22:28+08:00 ] 127.0.0.1 /index.php/Admin/repair/ajaxGetPart?part_id=2,3
INFO: [ app_begin ] --START--
INFO: Run Behavior\ReadHtmlCacheBehavior [ RunTime:0.000715s ]
INFO: [ app_begin ] --END-- [ RunTime:0.001229s ]
SQL: SHOW COLUMNS FROM `rm_part` [ RunTime:0.0006s ]
SQL: SELECT * FROM `rm_part` WHERE `id` IN ('2','3')  [ RunTime:0.0003s ]
INFO: [ app_end ] --START--
INFO: Run Behavior\ShowPageTraceBehavior [ RunTime:0.000691s ]
INFO: [ app_end ] --END-- [ RunTime:0.000791s ]

[ 2017-05-05T22:23:13+08:00 ] 127.0.0.1 /index.php/Admin/repair/ajaxGetPart?part_id=2
INFO: [ app_begin ] --START--
INFO: Run Behavior\ReadHtmlCacheBehavior [ RunTime:0.000578s ]
INFO: [ app_begin ] --END-- [ RunTime:0.001010s ]
SQL: SHOW COLUMNS FROM `rm_part` [ RunTime:0.0005s ]
SQL: SELECT * FROM `rm_part` WHERE `id` IN ('2')  [ RunTime:0.0003s ]
INFO: [ app_end ] --START--
INFO: Run Behavior\ShowPageTraceBehavior [ RunTime:0.000634s ]
INFO: [ app_end ] --END-- [ RunTime:0.000727s ]

[ 2017-05-05T22:23:13+08:00 ] 127.0.0.1 /index.php/Admin/repair/ajaxGetPart?part_id=2,3
INFO: [ app_begin ] --START--
INFO: Run Behavior\ReadHtmlCacheBehavior [ RunTime:0.000581s ]
INFO: [ app_begin ] --END-- [ RunTime:0.001006s ]
SQL: SHOW COLUMNS FROM `rm_part` [ RunTime:0.0005s ]
SQL: SELECT * FROM `rm_part` WHERE `id` IN ('2','3')  [ RunTime:0.0003s ]
INFO: [ app_end ] --START--
INFO: Run Behavior\ShowPageTraceBehavior [ RunTime:0.000638s ]
INFO: [ app_end ] --END-- [ RunTime:0.000728s ]

[ 2017-05-05T22:24:08+08:00 ] 127.0.0.1 /index.php/Admin/repair/ajaxGetPart?part_id=2
INFO: [ app_begin ] --START--
INFO: Run Behavior\ReadHtmlCacheBehavior [ RunTime:0.000567s ]
INFO: [ app_begin ] --END-- [ RunTime:0.000967s ]
SQL: SHOW COLUMNS FROM `rm_part` [ RunTime:0.0005s ]
SQL: SELECT * FROM `rm_part` WHERE `id` IN ('2')  [ RunTime:0.0003s ]
INFO: [ app_end ] --START--
INFO: Run Behavior\ShowPageTraceBehavior [ RunTime:0.000602s ]
INFO: [ app_end ] --END-- [ RunTime:0.000695s ]

[ 2017-05-05T22:24:08+08:00 ] 127.0.0.1 /index.php/Admin/repair/ajaxGetPart?part_id=2,3
INFO: [ app_begin ] --START--
INFO: Run Behavior\ReadHtmlCacheBehavior [ RunTime:0.000665s ]
INFO: [ app_begin ] --END-- [ RunTime:0.001142s ]
SQL: SHOW COLUMNS FROM `rm_part` [ RunTime:0.0006s ]
SQL: SELECT * FROM `rm_part` WHERE `id` IN ('2','3')  [ RunTime:0.0003s ]
INFO: [ app_end ] --START--
INFO: Run Behavior\ShowPageTraceBehavior [ RunTime:0.000621s ]
INFO: [ app_end ] --END-- [ RunTime:0.000714s ]

[ 2017-05-05T22:29:12+08:00 ] 127.0.0.1 /index.php/Admin/repair/ajaxGetPart?part_id=3
INFO: [ app_begin ] --START--
INFO: Run Behavior\ReadHtmlCacheBehavior [ RunTime:0.000646s ]
INFO: [ app_begin ] --END-- [ RunTime:0.001046s ]
SQL: SHOW COLUMNS FROM `rm_part` [ RunTime:0.0006s ]
SQL: SELECT * FROM `rm_part` WHERE `id` IN ('3')  [ RunTime:0.0003s ]
INFO: [ app_end ] --START--
INFO: Run Behavior\ShowPageTraceBehavior [ RunTime:0.000707s ]
INFO: [ app_end ] --END-- [ RunTime:0.000800s ]

[ 2017-05-05T22:29:12+08:00 ] 127.0.0.1 /index.php/Admin/repair/ajaxGetPart?part_id=1,3
INFO: [ app_begin ] --START--
INFO: Run Behavior\ReadHtmlCacheBehavior [ RunTime:0.000736s ]
INFO: [ app_begin ] --END-- [ RunTime:0.001273s ]
SQL: SHOW COLUMNS FROM `rm_part` [ RunTime:0.0005s ]
SQL: SELECT * FROM `rm_part` WHERE `id` IN ('1','3')  [ RunTime:0.0003s ]
INFO: [ app_end ] --START--
INFO: Run Behavior\ShowPageTraceBehavior [ RunTime:0.000780s ]
INFO: [ app_end ] --END-- [ RunTime:0.000866s ]

[ 2017-05-05T22:29:13+08:00 ] 127.0.0.1 /index.php/Admin/repair/ajaxGetPart?part_id=1,2,3
INFO: [ app_begin ] --START--
INFO: Run Behavior\ReadHtmlCacheBehavior [ RunTime:0.000773s ]
INFO: [ app_begin ] --END-- [ RunTime:0.001243s ]
SQL: SHOW COLUMNS FROM `rm_part` [ RunTime:0.0005s ]
SQL: SELECT * FROM `rm_part` WHERE `id` IN ('1','2','3')  [ RunTime:0.0003s ]
INFO: [ app_end ] --START--
INFO: Run Behavior\ShowPageTraceBehavior [ RunTime:0.000811s ]
INFO: [ app_end ] --END-- [ RunTime:0.000907s ]

