[ 2017-02-21T07:21:58+08:00 ] 127.0.0.1 /index.php/Login/ajaxLogin.html
INFO: [ app_begin ] --START--
INFO: Run Behavior\ReadHtmlCacheBehavior [ RunTime:0.000435s ]
INFO: [ app_begin ] --END-- [ RunTime:0.000812s ]
SQL: SHOW COLUMNS FROM `rm_user` [ RunTime:0.2207s ]
SQL: SELECT * FROM `rm_user` WHERE `username` = 'lishen' LIMIT 1   [ RunTime:0.0234s ]
NOTIC: [8] Undefined variable: pw D:\www\repairMS\Application\Admin\Model\UserModel.class.php 第 33 行.

[ 2017-02-21T07:22:17+08:00 ] 127.0.0.1 /index.php/Admin/Index/overview.html
ERR: 非法操作:overview

[ 2017-02-21T07:27:41+08:00 ] 127.0.0.1 /index.php/Admin/Department/departmentList.html
ERR: Think\Model:search方法不存在！

[ 2017-02-21T07:38:37+08:00 ] 127.0.0.1 /index.php/Admin/Department/departmentList.html
ERR: Think\Model:search方法不存在！

[ 2017-02-21T07:59:14+08:00 ] 127.0.0.1 /index.php/Admin/Department/departmentList.html
ERR: Think\Model:search方法不存在！

[ 2017-02-21T09:41:51+08:00 ] 127.0.0.1 /index.php/Login/ajaxLogin.html
INFO: [ app_begin ] --START--
INFO: Run Behavior\ReadHtmlCacheBehavior [ RunTime:0.000000s ]
INFO: [ app_begin ] --END-- [ RunTime:0.001000s ]
SQL: SHOW COLUMNS FROM `rm_user` [ RunTime:0.2100s ]
SQL: SELECT * FROM `rm_user` WHERE `username` = 'lishen' LIMIT 1   [ RunTime:0.1500s ]
NOTIC: [8] Undefined variable: pw E:\PHP\www\repairMS\Application\Admin\Model\UserModel.class.php 第 33 行.

[ 2017-02-21T09:42:08+08:00 ] 127.0.0.1 /index.php/Login/ajaxLogin.html
INFO: [ app_begin ] --START--
INFO: Run Behavior\ReadHtmlCacheBehavior [ RunTime:0.001000s ]
INFO: [ app_begin ] --END-- [ RunTime:0.002000s ]
SQL: SHOW COLUMNS FROM `rm_user` [ RunTime:0.0040s ]
SQL: SELECT * FROM `rm_user` WHERE `username` = 'lishen' LIMIT 1   [ RunTime:0.0000s ]
NOTIC: [8] Undefined variable: pw E:\PHP\www\repairMS\Application\Admin\Model\UserModel.class.php 第 33 行.

[ 2017-02-21T09:43:38+08:00 ] 127.0.0.1 /index.php/Login/ajaxLogin.html
INFO: [ app_begin ] --START--
INFO: Run Behavior\ReadHtmlCacheBehavior [ RunTime:0.001000s ]
INFO: [ app_begin ] --END-- [ RunTime:0.002000s ]
SQL: SHOW COLUMNS FROM `rm_user` [ RunTime:0.0040s ]
SQL: SELECT * FROM `rm_user` WHERE `username` = 'lishen' LIMIT 1   [ RunTime:0.0000s ]
NOTIC: [8] Undefined variable: pw E:\PHP\www\repairMS\Application\Admin\Model\UserModel.class.php 第 33 行.

[ 2017-02-21T09:43:43+08:00 ] 127.0.0.1 /index.php/Login/ajaxLogin.html
INFO: [ app_begin ] --START--
INFO: Run Behavior\ReadHtmlCacheBehavior [ RunTime:0.001000s ]
INFO: [ app_begin ] --END-- [ RunTime:0.002000s ]
SQL: SHOW COLUMNS FROM `rm_user` [ RunTime:0.0050s ]

[ 2017-02-21T09:44:32+08:00 ] 127.0.0.1 /index.php/Login/ajaxLogin.html
INFO: [ app_begin ] --START--
INFO: Run Behavior\ReadHtmlCacheBehavior [ RunTime:0.001000s ]
INFO: [ app_begin ] --END-- [ RunTime:0.002000s ]
SQL: SHOW COLUMNS FROM `rm_user` [ RunTime:0.0050s ]
SQL: SELECT * FROM `rm_user` WHERE `username` = 'lishen' LIMIT 1   [ RunTime:0.0000s ]
NOTIC: [8] Undefined index: company_id E:\PHP\www\repairMS\Application\Admin\Model\UserModel.class.php 第 42 行.

[ 2017-02-21T10:18:31+08:00 ] 127.0.0.1 /index.php/Department/add.html
ERR: SQLSTATE[42S02]: Base table or view not found: 1146 Table 'repairms.rm_compamy' doesn't exist

[ 2017-02-21T11:35:34+08:00 ] 127.0.0.1 /index.php/Department/edit/id/01.html
ERR: SQLSTATE[HY000]: General error: 1366 Incorrect string value: '\xE8\xBF\x9F\xE6\x9D\xB0' for column 'header' at row 1

[ 2017-02-21T11:35:46+08:00 ] 127.0.0.1 /index.php/Department/edit/id/01.html
ERR: SQLSTATE[HY000]: General error: 1366 Incorrect string value: '\xE8\xBF\x9F\xE6\x9D\xB0' for column 'header' at row 1

[ 2017-02-21T12:22:05+08:00 ] 127.0.0.1 /index.php/Department/add/p/3.html
ERR: SQLSTATE[22001]: String data, right truncated: 1406 Data too long for column 'header' at row 1

[ 2017-02-21T12:22:31+08:00 ] 127.0.0.1 /index.php/Department/add/p/3.html
ERR: SQLSTATE[22001]: String data, right truncated: 1406 Data too long for column 'department_name' at row 1

[ 2017-02-21T14:37:31+08:00 ] 127.0.0.1 /index.php/Admin/Work/workList.html
ERR: 无法加载控制器:Work

[ 2017-02-21T15:37:05+08:00 ] 127.0.0.1 /index.php/Login/ajaxLogin.html
INFO: [ app_begin ] --START--
INFO: Run Behavior\ReadHtmlCacheBehavior [ RunTime:0.001000s ]
INFO: [ app_begin ] --END-- [ RunTime:0.001000s ]
SQL: SHOW COLUMNS FROM `rm_user` [ RunTime:0.0050s ]
SQL: SELECT * FROM `rm_user` WHERE `username` = 'lishen' LIMIT 1   [ RunTime:0.0270s ]

[ 2017-02-21T15:37:58+08:00 ] 127.0.0.1 /index.php/Login/ajaxLogin.html
INFO: [ app_begin ] --START--
INFO: Run Behavior\ReadHtmlCacheBehavior [ RunTime:0.001000s ]
INFO: [ app_begin ] --END-- [ RunTime:0.001000s ]
SQL: SHOW COLUMNS FROM `rm_user` [ RunTime:0.0050s ]
SQL: SELECT * FROM `rm_user` WHERE `username` = 'lishen' LIMIT 1   [ RunTime:0.0000s ]

[ 2017-02-21T16:31:51+08:00 ] 127.0.0.1 /index.php/Login/ajaxLogin.html
INFO: [ app_begin ] --START--
INFO: Run Behavior\ReadHtmlCacheBehavior [ RunTime:0.001000s ]
INFO: [ app_begin ] --END-- [ RunTime:0.001000s ]
SQL: SHOW COLUMNS FROM `rm_user` [ RunTime:0.0050s ]

[ 2017-02-21T16:32:00+08:00 ] 127.0.0.1 /index.php/Login/ajaxLogin.html
INFO: [ app_begin ] --START--
INFO: Run Behavior\ReadHtmlCacheBehavior [ RunTime:0.000000s ]
INFO: [ app_begin ] --END-- [ RunTime:0.002000s ]
SQL: SHOW COLUMNS FROM `rm_user` [ RunTime:0.0040s ]
SQL: SELECT * FROM `rm_user` WHERE `username` = 'lishen' LIMIT 1   [ RunTime:0.0010s ]
SQL: SHOW COLUMNS FROM `rm_company` [ RunTime:0.0050s ]
SQL: SELECT * FROM `rm_company` WHERE `id` = 1 LIMIT 1   [ RunTime:0.0000s ]
SQL: SHOW COLUMNS FROM `rm_department` [ RunTime:0.0050s ]
SQL: SELECT * FROM `rm_department` WHERE `id` = 1 LIMIT 1   [ RunTime:0.0010s ]

[ 2017-02-21T16:46:55+08:00 ] 127.0.0.1 /index.php/Login/ajaxLogin.html
INFO: [ app_begin ] --START--
INFO: Run Behavior\ReadHtmlCacheBehavior [ RunTime:0.001000s ]
INFO: [ app_begin ] --END-- [ RunTime:0.002000s ]
SQL: SHOW COLUMNS FROM `rm_user` [ RunTime:0.0040s ]

[ 2017-02-21T16:47:02+08:00 ] 127.0.0.1 /index.php/Login/ajaxLogin.html
INFO: [ app_begin ] --START--
INFO: Run Behavior\ReadHtmlCacheBehavior [ RunTime:0.001001s ]
INFO: [ app_begin ] --END-- [ RunTime:0.001001s ]
SQL: SHOW COLUMNS FROM `rm_user` [ RunTime:0.0050s ]
SQL: SELECT * FROM `rm_user` WHERE `username` = 'lishen' LIMIT 1   [ RunTime:0.0000s ]
SQL: SHOW COLUMNS FROM `rm_company` [ RunTime:0.0050s ]
SQL: SELECT * FROM `rm_company` WHERE `id` = 1 LIMIT 1   [ RunTime:0.0010s ]
SQL: SHOW COLUMNS FROM `rm_department` [ RunTime:0.0050s ]
SQL: SELECT * FROM `rm_department` WHERE `id` = 1 LIMIT 1   [ RunTime:0.0010s ]

[ 2017-02-21T19:12:38+08:00 ] 127.0.0.1 /index.php/Login/ajaxLogin.html
INFO: [ app_begin ] --START--
INFO: Run Behavior\ReadHtmlCacheBehavior [ RunTime:0.000539s ]
INFO: [ app_begin ] --END-- [ RunTime:0.000978s ]
SQL: SHOW COLUMNS FROM `rm_user` [ RunTime:0.0053s ]

[ 2017-02-21T19:12:46+08:00 ] 127.0.0.1 /index.php/Login/ajaxLogin.html
INFO: [ app_begin ] --START--
INFO: Run Behavior\ReadHtmlCacheBehavior [ RunTime:0.000484s ]
INFO: [ app_begin ] --END-- [ RunTime:0.000957s ]
SQL: SHOW COLUMNS FROM `rm_user` [ RunTime:0.0011s ]
SQL: SELECT * FROM `rm_user` WHERE `username` = 'lishen' LIMIT 1   [ RunTime:0.0004s ]

[ 2017-02-21T19:12:56+08:00 ] 127.0.0.1 /index.php/Login/ajaxLogin.html
INFO: [ app_begin ] --START--
INFO: Run Behavior\ReadHtmlCacheBehavior [ RunTime:0.000503s ]
INFO: [ app_begin ] --END-- [ RunTime:0.000922s ]
SQL: SHOW COLUMNS FROM `rm_user` [ RunTime:0.0012s ]

[ 2017-02-21T19:13:02+08:00 ] 127.0.0.1 /index.php/Login/ajaxLogin.html
INFO: [ app_begin ] --START--
INFO: Run Behavior\ReadHtmlCacheBehavior [ RunTime:0.000421s ]
INFO: [ app_begin ] --END-- [ RunTime:0.000772s ]
SQL: SHOW COLUMNS FROM `rm_user` [ RunTime:0.0011s ]
SQL: SELECT * FROM `rm_user` WHERE `username` = 'lishen' LIMIT 1   [ RunTime:0.0003s ]

[ 2017-02-21T19:14:32+08:00 ] 127.0.0.1 /index.php/Login/ajaxLogin.html
INFO: [ app_begin ] --START--
INFO: Run Behavior\ReadHtmlCacheBehavior [ RunTime:0.000900s ]
INFO: [ app_begin ] --END-- [ RunTime:0.001381s ]
SQL: SHOW COLUMNS FROM `rm_user` [ RunTime:0.0011s ]
SQL: SELECT * FROM `rm_user` WHERE `username` = 'lishen' LIMIT 1   [ RunTime:0.0003s ]

[ 2017-02-21T19:15:24+08:00 ] 127.0.0.1 /index.php/Login/ajaxLogin.html
INFO: [ app_begin ] --START--
INFO: Run Behavior\ReadHtmlCacheBehavior [ RunTime:0.000625s ]
INFO: [ app_begin ] --END-- [ RunTime:0.001100s ]
SQL: SHOW COLUMNS FROM `rm_user` [ RunTime:0.0014s ]
SQL: SELECT * FROM `rm_user` WHERE `username` = 'lishen' LIMIT 1   [ RunTime:0.0002s ]
SQL: SHOW COLUMNS FROM `rm_company` [ RunTime:0.0008s ]
SQL: SELECT * FROM `rm_company` WHERE `id` = 1 LIMIT 1   [ RunTime:0.0002s ]
SQL: SHOW COLUMNS FROM `rm_department` [ RunTime:0.0008s ]
SQL: SELECT * FROM `rm_department` WHERE `id` = 1 LIMIT 1   [ RunTime:0.0002s ]

[ 2017-02-21T20:46:39+08:00 ] 127.0.0.1 /index.php/Admin/Admin/index.html
ERR: 非法操作:index

[ 2017-02-21T22:00:27+08:00 ] 127.0.0.1 /index.php/User/edite.html
ERR: 非法操作:edite

