[ 2017-04-19T07:18:10+08:00 ] 127.0.0.1 /index.php/Login/ajaxLogin.html
INFO: [ app_begin ] --START--
INFO: Run Behavior\ReadHtmlCacheBehavior [ RunTime:0.000542s ]
INFO: [ app_begin ] --END-- [ RunTime:0.000953s ]
SQL: SHOW COLUMNS FROM `rm_user` [ RunTime:0.1045s ]
SQL: SELECT * FROM `rm_user` WHERE `username` = 'lishen' LIMIT 1   [ RunTime:0.0045s ]
SQL: SHOW COLUMNS FROM `rm_company` [ RunTime:0.0309s ]
SQL: SELECT * FROM `rm_company` WHERE `id` = 2 LIMIT 1   [ RunTime:0.0010s ]
SQL: SHOW COLUMNS FROM `rm_department` [ RunTime:0.0139s ]
SQL: SELECT * FROM `rm_department` WHERE `id` = 1 LIMIT 1   [ RunTime:0.0006s ]

[ 2017-04-19T07:31:17+08:00 ] 127.0.0.1 /index.php/Admin/Repair/search?search_name=li
ERR: SQLSTATE[42S22]: Column not found: 1054 Unknown column 'b.project_name' in 'where clause'

[ 2017-04-19T07:33:53+08:00 ] 127.0.0.1 /index.php/Admin/Repair/search?search_name=li
ERR: SQLSTATE[42S22]: Column not found: 1054 Unknown column 'b.project_name' in 'where clause'

[ 2017-04-19T07:34:26+08:00 ] 127.0.0.1 /index.php/Admin/Repair/search?search_name=li
ERR: SQLSTATE[23000]: Integrity constraint violation: 1052 Column 'address' in where clause is ambiguous

[ 2017-04-19T07:36:37+08:00 ] 127.0.0.1 /index.php/Admin/Repair/search?search_name=li
ERR: SQLSTATE[23000]: Integrity constraint violation: 1052 Column 'phone' in where clause is ambiguous

[ 2017-04-19T07:54:23+08:00 ] 127.0.0.1 /index.php/Admin/Equipment/ajaxGetEq/project_id/001
INFO: [ app_begin ] --START--
INFO: Run Behavior\ReadHtmlCacheBehavior [ RunTime:0.000750s ]
INFO: [ app_begin ] --END-- [ RunTime:0.001216s ]
SQL: SHOW COLUMNS FROM `rm_equipment` [ RunTime:0.0006s ]
SQL: SELECT * FROM `rm_equipment` WHERE `project_id` = '001'  [ RunTime:0.0003s ]
INFO: [ app_end ] --START--
INFO: Run Behavior\ShowPageTraceBehavior [ RunTime:0.000797s ]
INFO: [ app_end ] --END-- [ RunTime:0.000882s ]

[ 2017-04-19T07:56:07+08:00 ] 127.0.0.1 /index.php/Admin/Equipment/ajaxGetEq/project_id/001
INFO: [ app_begin ] --START--
INFO: Run Behavior\ReadHtmlCacheBehavior [ RunTime:0.000668s ]
INFO: [ app_begin ] --END-- [ RunTime:0.001111s ]
SQL: SHOW COLUMNS FROM `rm_equipment` [ RunTime:0.0006s ]
SQL: SELECT * FROM `rm_equipment` WHERE `project_id` = '001'  [ RunTime:0.0003s ]
INFO: [ app_end ] --START--
INFO: Run Behavior\ShowPageTraceBehavior [ RunTime:0.000728s ]
INFO: [ app_end ] --END-- [ RunTime:0.000819s ]

[ 2017-04-19T07:58:38+08:00 ] 127.0.0.1 /index.php/Admin/Equipment/ajaxGetEq/project_id/001
INFO: [ app_begin ] --START--
INFO: Run Behavior\ReadHtmlCacheBehavior [ RunTime:0.000685s ]
INFO: [ app_begin ] --END-- [ RunTime:0.001138s ]
SQL: SHOW COLUMNS FROM `rm_equipment` [ RunTime:0.0005s ]
SQL: SELECT * FROM `rm_equipment` WHERE `project_id` = '001'  [ RunTime:0.0003s ]
INFO: [ app_end ] --START--
INFO: Run Behavior\ShowPageTraceBehavior [ RunTime:0.000681s ]
INFO: [ app_end ] --END-- [ RunTime:0.000764s ]

[ 2017-04-19T08:02:28+08:00 ] 127.0.0.1 /index.php/Admin/Equipment/ajaxGetEq/project_id/001
INFO: [ app_begin ] --START--
INFO: Run Behavior\ReadHtmlCacheBehavior [ RunTime:0.000744s ]
INFO: [ app_begin ] --END-- [ RunTime:0.001227s ]
SQL: SHOW COLUMNS FROM `rm_equipment` [ RunTime:0.0006s ]
SQL: SELECT * FROM `rm_equipment` WHERE `project_id` = '001'  [ RunTime:0.0003s ]
INFO: [ app_end ] --START--
INFO: Run Behavior\ShowPageTraceBehavior [ RunTime:0.000734s ]
INFO: [ app_end ] --END-- [ RunTime:0.000819s ]

[ 2017-04-19T08:06:03+08:00 ] 127.0.0.1 /index.php/Repair/search/repair_status/4.html
ERR: SQLSTATE[42000]: Syntax error or access violation: 1064 You have an error in your SQL syntax; check the manual that corresponds to your MySQL server version for the right syntax to use near 'desc LIMIT 0,15' at line 1

