[ 2017-02-18T08:05:55+08:00 ] 127.0.0.1 /index.php/Admin/Index/pages/layout/fixed.html
ERR: 非法操作:pages

[ 2017-02-18T08:47:30+08:00 ] 127.0.0.1 /index.php/Admin/Index/overview.html
ERR: 非法操作:overview

[ 2017-02-18T08:49:44+08:00 ] 127.0.0.1 /index.php/Admin/Index/overview.html
ERR: 非法操作:overview

[ 2017-02-18T11:14:07+08:00 ] 127.0.0.1 /index.php/Admin/Index/undefinedlang/zh-cn/zh-cn.js
ERR: 非法操作:undefinedlang

[ 2017-02-18T11:14:08+08:00 ] 127.0.0.1 /index.php/Admin/Index/undefinedlang/zh-cn/zh-cn.js
ERR: 非法操作:undefinedlang

[ 2017-02-18T11:14:10+08:00 ] 127.0.0.1 /index.php/Admin/Index/undefinedlang/zh-cn/zh-cn.js
ERR: 非法操作:undefinedlang

[ 2017-02-18T11:14:33+08:00 ] 127.0.0.1 /index.php/Admin/Index/undefinedlang/zh-cn/zh-cn.js
ERR: 非法操作:undefinedlang

[ 2017-02-18T11:18:35+08:00 ] 127.0.0.1 /index.php/Admin/Index/overview.html
ERR: 非法操作:overview

[ 2017-02-18T14:19:16+08:00 ] 127.0.0.1 /index.php/Admin/Index/overview.html
ERR: 非法操作:overview

[ 2017-02-18T15:37:38+08:00 ] 127.0.0.1 /index.php/Admin/Admin/overview.html
ERR: 非法操作:overview

[ 2017-02-18T15:40:16+08:00 ] 127.0.0.1 /index.php/Admin/Admin/overview.html
ERR: 非法操作:overview

[ 2017-02-18T16:12:31+08:00 ] 127.0.0.1 /index.php/admin/repair/index.html
ERR: 非法操作:index

[ 2017-02-18T16:23:49+08:00 ] 127.0.0.1 /index.php/admin/repair/index.html
ERR: 非法操作:index

[ 2017-02-18T16:32:09+08:00 ] 127.0.0.1 /index.php/admin/repair/pages/layout/boxed.html
ERR: 非法操作:pages

[ 2017-02-18T18:21:01+08:00 ] 127.0.0.1 /index.php/Login/ajaxLogin.html
INFO: [ app_begin ] --START--
INFO: Run Behavior\ReadHtmlCacheBehavior [ RunTime:0.000678s ]
INFO: [ app_begin ] --END-- [ RunTime:0.001151s ]
ERR: SQLSTATE[42S02]: Base table or view not found: 1146 Table 'repairms.rm_admin' doesn't exist

[ 2017-02-18T18:21:02+08:00 ] 127.0.0.1 /index.php/Login/ajaxLogin.html
INFO: [ app_begin ] --START--
INFO: Run Behavior\ReadHtmlCacheBehavior [ RunTime:0.000596s ]
INFO: [ app_begin ] --END-- [ RunTime:0.000976s ]
ERR: SQLSTATE[42S02]: Base table or view not found: 1146 Table 'repairms.rm_admin' doesn't exist

[ 2017-02-18T18:21:03+08:00 ] 127.0.0.1 /index.php/Login/ajaxLogin.html
INFO: [ app_begin ] --START--
INFO: Run Behavior\ReadHtmlCacheBehavior [ RunTime:0.000589s ]
INFO: [ app_begin ] --END-- [ RunTime:0.000963s ]
ERR: SQLSTATE[42S02]: Base table or view not found: 1146 Table 'repairms.rm_admin' doesn't exist

[ 2017-02-18T18:21:03+08:00 ] 127.0.0.1 /index.php/Login/ajaxLogin.html
INFO: [ app_begin ] --START--
INFO: Run Behavior\ReadHtmlCacheBehavior [ RunTime:0.000597s ]
INFO: [ app_begin ] --END-- [ RunTime:0.000970s ]
ERR: SQLSTATE[42S02]: Base table or view not found: 1146 Table 'repairms.rm_admin' doesn't exist

[ 2017-02-18T18:21:04+08:00 ] 127.0.0.1 /index.php/Login/ajaxLogin.html
INFO: [ app_begin ] --START--
INFO: Run Behavior\ReadHtmlCacheBehavior [ RunTime:0.000641s ]
INFO: [ app_begin ] --END-- [ RunTime:0.001098s ]
ERR: SQLSTATE[42S02]: Base table or view not found: 1146 Table 'repairms.rm_admin' doesn't exist

[ 2017-02-18T18:21:04+08:00 ] 127.0.0.1 /index.php/Login/ajaxLogin.html
INFO: [ app_begin ] --START--
INFO: Run Behavior\ReadHtmlCacheBehavior [ RunTime:0.000672s ]
INFO: [ app_begin ] --END-- [ RunTime:0.001129s ]
ERR: SQLSTATE[42S02]: Base table or view not found: 1146 Table 'repairms.rm_admin' doesn't exist

[ 2017-02-18T18:21:04+08:00 ] 127.0.0.1 /index.php/Login/ajaxLogin.html
INFO: [ app_begin ] --START--
INFO: Run Behavior\ReadHtmlCacheBehavior [ RunTime:0.000589s ]
INFO: [ app_begin ] --END-- [ RunTime:0.000964s ]
ERR: SQLSTATE[42S02]: Base table or view not found: 1146 Table 'repairms.rm_admin' doesn't exist

[ 2017-02-18T18:21:04+08:00 ] 127.0.0.1 /index.php/Login/ajaxLogin.html
INFO: [ app_begin ] --START--
INFO: Run Behavior\ReadHtmlCacheBehavior [ RunTime:0.000683s ]
INFO: [ app_begin ] --END-- [ RunTime:0.001136s ]
ERR: SQLSTATE[42S02]: Base table or view not found: 1146 Table 'repairms.rm_admin' doesn't exist

[ 2017-02-18T18:21:04+08:00 ] 127.0.0.1 /index.php/Login/ajaxLogin.html
INFO: [ app_begin ] --START--
INFO: Run Behavior\ReadHtmlCacheBehavior [ RunTime:0.000608s ]
INFO: [ app_begin ] --END-- [ RunTime:0.000990s ]
ERR: SQLSTATE[42S02]: Base table or view not found: 1146 Table 'repairms.rm_admin' doesn't exist

[ 2017-02-18T18:21:05+08:00 ] 127.0.0.1 /index.php/Login/ajaxLogin.html
INFO: [ app_begin ] --START--
INFO: Run Behavior\ReadHtmlCacheBehavior [ RunTime:0.000674s ]
INFO: [ app_begin ] --END-- [ RunTime:0.001123s ]
ERR: SQLSTATE[42S02]: Base table or view not found: 1146 Table 'repairms.rm_admin' doesn't exist

[ 2017-02-18T18:21:07+08:00 ] 127.0.0.1 /index.php/Login/ajaxLogin.html
INFO: [ app_begin ] --START--
INFO: Run Behavior\ReadHtmlCacheBehavior [ RunTime:0.000682s ]
INFO: [ app_begin ] --END-- [ RunTime:0.001129s ]
ERR: SQLSTATE[42S02]: Base table or view not found: 1146 Table 'repairms.rm_admin' doesn't exist

[ 2017-02-18T18:22:29+08:00 ] 127.0.0.1 /index.php/Login/ajaxLogin.html
INFO: [ app_begin ] --START--
INFO: Run Behavior\ReadHtmlCacheBehavior [ RunTime:0.000547s ]
INFO: [ app_begin ] --END-- [ RunTime:0.000930s ]
ERR: SQLSTATE[42S02]: Base table or view not found: 1146 Table 'repairms.rm_admin' doesn't exist

[ 2017-02-18T18:22:29+08:00 ] 127.0.0.1 /index.php/Login/ajaxLogin.html
INFO: [ app_begin ] --START--
INFO: Run Behavior\ReadHtmlCacheBehavior [ RunTime:0.000623s ]
INFO: [ app_begin ] --END-- [ RunTime:0.001079s ]
ERR: SQLSTATE[42S02]: Base table or view not found: 1146 Table 'repairms.rm_admin' doesn't exist

[ 2017-02-18T18:22:29+08:00 ] 127.0.0.1 /index.php/Login/ajaxLogin.html
INFO: [ app_begin ] --START--
INFO: Run Behavior\ReadHtmlCacheBehavior [ RunTime:0.000625s ]
INFO: [ app_begin ] --END-- [ RunTime:0.001072s ]
ERR: SQLSTATE[42S02]: Base table or view not found: 1146 Table 'repairms.rm_admin' doesn't exist

[ 2017-02-18T18:22:30+08:00 ] 127.0.0.1 /index.php/Login/ajaxLogin.html
INFO: [ app_begin ] --START--
INFO: Run Behavior\ReadHtmlCacheBehavior [ RunTime:0.000629s ]
INFO: [ app_begin ] --END-- [ RunTime:0.001087s ]
ERR: SQLSTATE[42S02]: Base table or view not found: 1146 Table 'repairms.rm_admin' doesn't exist

[ 2017-02-18T18:22:34+08:00 ] 127.0.0.1 /index.php/Login/ajaxLogin.html
INFO: [ app_begin ] --START--
INFO: Run Behavior\ReadHtmlCacheBehavior [ RunTime:0.000553s ]
INFO: [ app_begin ] --END-- [ RunTime:0.000932s ]
ERR: SQLSTATE[42S02]: Base table or view not found: 1146 Table 'repairms.rm_admin' doesn't exist

[ 2017-02-18T18:22:35+08:00 ] 127.0.0.1 /index.php/Login/ajaxLogin.html
INFO: [ app_begin ] --START--
INFO: Run Behavior\ReadHtmlCacheBehavior [ RunTime:0.000590s ]
INFO: [ app_begin ] --END-- [ RunTime:0.000998s ]
ERR: SQLSTATE[42S02]: Base table or view not found: 1146 Table 'repairms.rm_admin' doesn't exist

[ 2017-02-18T18:22:35+08:00 ] 127.0.0.1 /index.php/Login/ajaxLogin.html
INFO: [ app_begin ] --START--
INFO: Run Behavior\ReadHtmlCacheBehavior [ RunTime:0.000546s ]
INFO: [ app_begin ] --END-- [ RunTime:0.000916s ]
ERR: SQLSTATE[42S02]: Base table or view not found: 1146 Table 'repairms.rm_admin' doesn't exist

[ 2017-02-18T18:22:35+08:00 ] 127.0.0.1 /index.php/Login/ajaxLogin.html
INFO: [ app_begin ] --START--
INFO: Run Behavior\ReadHtmlCacheBehavior [ RunTime:0.000545s ]
INFO: [ app_begin ] --END-- [ RunTime:0.000916s ]
ERR: SQLSTATE[42S02]: Base table or view not found: 1146 Table 'repairms.rm_admin' doesn't exist

[ 2017-02-18T18:22:35+08:00 ] 127.0.0.1 /index.php/Login/ajaxLogin.html
INFO: [ app_begin ] --START--
INFO: Run Behavior\ReadHtmlCacheBehavior [ RunTime:0.000550s ]
INFO: [ app_begin ] --END-- [ RunTime:0.000890s ]
ERR: SQLSTATE[42S02]: Base table or view not found: 1146 Table 'repairms.rm_admin' doesn't exist

[ 2017-02-18T18:22:36+08:00 ] 127.0.0.1 /index.php/Login/ajaxLogin.html
INFO: [ app_begin ] --START--
INFO: Run Behavior\ReadHtmlCacheBehavior [ RunTime:0.000626s ]
INFO: [ app_begin ] --END-- [ RunTime:0.001031s ]
ERR: SQLSTATE[42S02]: Base table or view not found: 1146 Table 'repairms.rm_admin' doesn't exist

[ 2017-02-18T18:22:36+08:00 ] 127.0.0.1 /index.php/Login/ajaxLogin.html
INFO: [ app_begin ] --START--
INFO: Run Behavior\ReadHtmlCacheBehavior [ RunTime:0.000580s ]
INFO: [ app_begin ] --END-- [ RunTime:0.000979s ]
ERR: SQLSTATE[42S02]: Base table or view not found: 1146 Table 'repairms.rm_admin' doesn't exist

[ 2017-02-18T18:22:36+08:00 ] 127.0.0.1 /index.php/Login/ajaxLogin.html
INFO: [ app_begin ] --START--
INFO: Run Behavior\ReadHtmlCacheBehavior [ RunTime:0.000685s ]
INFO: [ app_begin ] --END-- [ RunTime:0.001164s ]
ERR: SQLSTATE[42S02]: Base table or view not found: 1146 Table 'repairms.rm_admin' doesn't exist

[ 2017-02-18T18:22:36+08:00 ] 127.0.0.1 /index.php/Login/ajaxLogin.html
INFO: [ app_begin ] --START--
INFO: Run Behavior\ReadHtmlCacheBehavior [ RunTime:0.000581s ]
INFO: [ app_begin ] --END-- [ RunTime:0.000992s ]
ERR: SQLSTATE[42S02]: Base table or view not found: 1146 Table 'repairms.rm_admin' doesn't exist

[ 2017-02-18T18:22:37+08:00 ] 127.0.0.1 /index.php/Login/ajaxLogin.html
INFO: [ app_begin ] --START--
INFO: Run Behavior\ReadHtmlCacheBehavior [ RunTime:0.000620s ]
INFO: [ app_begin ] --END-- [ RunTime:0.001077s ]
ERR: SQLSTATE[42S02]: Base table or view not found: 1146 Table 'repairms.rm_admin' doesn't exist

[ 2017-02-18T18:22:37+08:00 ] 127.0.0.1 /index.php/Login/ajaxLogin.html
INFO: [ app_begin ] --START--
INFO: Run Behavior\ReadHtmlCacheBehavior [ RunTime:0.000585s ]
INFO: [ app_begin ] --END-- [ RunTime:0.001006s ]
ERR: SQLSTATE[42S02]: Base table or view not found: 1146 Table 'repairms.rm_admin' doesn't exist

[ 2017-02-18T18:37:26+08:00 ] 127.0.0.1 /index.php/Login/ajaxLogin.html
INFO: [ app_begin ] --START--
INFO: Run Behavior\ReadHtmlCacheBehavior [ RunTime:0.000644s ]
INFO: [ app_begin ] --END-- [ RunTime:0.001091s ]
ERR: SQLSTATE[42S02]: Base table or view not found: 1146 Table 'repairms.rm_admin' doesn't exist

[ 2017-02-18T18:37:26+08:00 ] 127.0.0.1 /index.php/Login/ajaxLogin.html
INFO: [ app_begin ] --START--
INFO: Run Behavior\ReadHtmlCacheBehavior [ RunTime:0.000627s ]
INFO: [ app_begin ] --END-- [ RunTime:0.001013s ]
ERR: SQLSTATE[42S02]: Base table or view not found: 1146 Table 'repairms.rm_admin' doesn't exist

[ 2017-02-18T18:37:27+08:00 ] 127.0.0.1 /index.php/Login/ajaxLogin.html
INFO: [ app_begin ] --START--
INFO: Run Behavior\ReadHtmlCacheBehavior [ RunTime:0.000623s ]
INFO: [ app_begin ] --END-- [ RunTime:0.001027s ]
ERR: SQLSTATE[42S02]: Base table or view not found: 1146 Table 'repairms.rm_admin' doesn't exist

[ 2017-02-18T18:37:27+08:00 ] 127.0.0.1 /index.php/Login/ajaxLogin.html
INFO: [ app_begin ] --START--
INFO: Run Behavior\ReadHtmlCacheBehavior [ RunTime:0.000601s ]
INFO: [ app_begin ] --END-- [ RunTime:0.000980s ]
ERR: SQLSTATE[42S02]: Base table or view not found: 1146 Table 'repairms.rm_admin' doesn't exist

[ 2017-02-18T18:37:27+08:00 ] 127.0.0.1 /index.php/Login/ajaxLogin.html
INFO: [ app_begin ] --START--
INFO: Run Behavior\ReadHtmlCacheBehavior [ RunTime:0.000632s ]
INFO: [ app_begin ] --END-- [ RunTime:0.001085s ]
ERR: SQLSTATE[42S02]: Base table or view not found: 1146 Table 'repairms.rm_admin' doesn't exist

[ 2017-02-18T18:37:50+08:00 ] 127.0.0.1 /index.php/Login/ajaxLogin.html
INFO: [ app_begin ] --START--
INFO: Run Behavior\ReadHtmlCacheBehavior [ RunTime:0.000600s ]
INFO: [ app_begin ] --END-- [ RunTime:0.000977s ]
ERR: SQLSTATE[42S02]: Base table or view not found: 1146 Table 'repairms.rm_admin' doesn't exist

[ 2017-02-18T18:38:34+08:00 ] 127.0.0.1 /index.php/Admin/Login/ajaxLogin.html
INFO: [ app_begin ] --START--
INFO: Run Behavior\ReadHtmlCacheBehavior [ RunTime:0.000682s ]
INFO: [ app_begin ] --END-- [ RunTime:0.001140s ]
ERR: SQLSTATE[42S02]: Base table or view not found: 1146 Table 'repairms.rm_admin' doesn't exist

[ 2017-02-18T18:39:45+08:00 ] 127.0.0.1 /index.php/Admin/Login/ajaxLogin.html
INFO: [ app_begin ] --START--
INFO: Run Behavior\ReadHtmlCacheBehavior [ RunTime:0.000600s ]
INFO: [ app_begin ] --END-- [ RunTime:0.000980s ]
ERR: SQLSTATE[42S02]: Base table or view not found: 1146 Table 'repairms.rm_admin' doesn't exist

[ 2017-02-18T18:40:10+08:00 ] 127.0.0.1 /index.php/Admin/Login/ajaxLogin.html
INFO: [ app_begin ] --START--
INFO: Run Behavior\ReadHtmlCacheBehavior [ RunTime:0.000689s ]
INFO: [ app_begin ] --END-- [ RunTime:0.001131s ]
SQL: SHOW COLUMNS FROM `rm_user` [ RunTime:0.0013s ]

[ 2017-02-18T18:40:18+08:00 ] 127.0.0.1 /index.php/Admin/Login/ajaxLogin.html
INFO: [ app_begin ] --START--
INFO: Run Behavior\ReadHtmlCacheBehavior [ RunTime:0.000715s ]
INFO: [ app_begin ] --END-- [ RunTime:0.001196s ]
SQL: SHOW COLUMNS FROM `rm_user` [ RunTime:0.0011s ]

[ 2017-02-18T18:40:22+08:00 ] 127.0.0.1 /index.php/Admin/Login/ajaxLogin.html
INFO: [ app_begin ] --START--
INFO: Run Behavior\ReadHtmlCacheBehavior [ RunTime:0.000904s ]
INFO: [ app_begin ] --END-- [ RunTime:0.001416s ]
SQL: SHOW COLUMNS FROM `rm_user` [ RunTime:0.0006s ]

[ 2017-02-18T18:40:24+08:00 ] 127.0.0.1 /index.php/Admin/Login/ajaxLogin.html
INFO: [ app_begin ] --START--
INFO: Run Behavior\ReadHtmlCacheBehavior [ RunTime:0.000659s ]
INFO: [ app_begin ] --END-- [ RunTime:0.001099s ]
SQL: SHOW COLUMNS FROM `rm_user` [ RunTime:0.0013s ]

[ 2017-02-18T18:41:15+08:00 ] 127.0.0.1 /index.php/Admin/Login/ajaxLogin.html
INFO: [ app_begin ] --START--
INFO: Run Behavior\ReadHtmlCacheBehavior [ RunTime:0.000668s ]
INFO: [ app_begin ] --END-- [ RunTime:0.001090s ]
SQL: SHOW COLUMNS FROM `rm_user` [ RunTime:0.0011s ]

[ 2017-02-18T18:41:44+08:00 ] 127.0.0.1 /index.php/Admin/Login/ajaxLogin.html
INFO: [ app_begin ] --START--
INFO: Run Behavior\ReadHtmlCacheBehavior [ RunTime:0.000608s ]
INFO: [ app_begin ] --END-- [ RunTime:0.001003s ]
SQL: SHOW COLUMNS FROM `rm_user` [ RunTime:0.0011s ]

[ 2017-02-18T18:41:46+08:00 ] 127.0.0.1 /index.php/Admin/Login/ajaxLogin.html
INFO: [ app_begin ] --START--
INFO: Run Behavior\ReadHtmlCacheBehavior [ RunTime:0.000693s ]
INFO: [ app_begin ] --END-- [ RunTime:0.001083s ]
SQL: SHOW COLUMNS FROM `rm_user` [ RunTime:0.0011s ]

[ 2017-02-18T18:41:47+08:00 ] 127.0.0.1 /index.php/Admin/Login/ajaxLogin.html
INFO: [ app_begin ] --START--
INFO: Run Behavior\ReadHtmlCacheBehavior [ RunTime:0.000622s ]
INFO: [ app_begin ] --END-- [ RunTime:0.001015s ]
SQL: SHOW COLUMNS FROM `rm_user` [ RunTime:0.0011s ]

[ 2017-02-18T18:43:02+08:00 ] 127.0.0.1 /index.php/Admin/Login/ajaxLogin.html
INFO: [ app_begin ] --START--
INFO: Run Behavior\ReadHtmlCacheBehavior [ RunTime:0.000573s ]
INFO: [ app_begin ] --END-- [ RunTime:0.000925s ]
SQL: SHOW COLUMNS FROM `rm_user` [ RunTime:0.0011s ]

[ 2017-02-18T18:43:45+08:00 ] 127.0.0.1 /index.php/Admin/Login/ajaxLogin.html
INFO: [ app_begin ] --START--
INFO: Run Behavior\ReadHtmlCacheBehavior [ RunTime:0.000641s ]
INFO: [ app_begin ] --END-- [ RunTime:0.001055s ]
SQL: SHOW COLUMNS FROM `rm_user` [ RunTime:0.0011s ]

[ 2017-02-18T18:43:51+08:00 ] 127.0.0.1 /index.php/Admin/Login/ajaxLogin.html
INFO: [ app_begin ] --START--
INFO: Run Behavior\ReadHtmlCacheBehavior [ RunTime:0.000681s ]
INFO: [ app_begin ] --END-- [ RunTime:0.001126s ]
SQL: SHOW COLUMNS FROM `rm_user` [ RunTime:0.0011s ]

[ 2017-02-18T18:44:08+08:00 ] 127.0.0.1 /index.php/Admin/Login/ajaxLogin.html
INFO: [ app_begin ] --START--
INFO: Run Behavior\ReadHtmlCacheBehavior [ RunTime:0.000880s ]
INFO: [ app_begin ] --END-- [ RunTime:0.001386s ]
SQL: SHOW COLUMNS FROM `rm_user` [ RunTime:0.0012s ]

[ 2017-02-18T18:44:18+08:00 ] 127.0.0.1 /index.php/Admin/Login/ajaxLogin.html
INFO: [ app_begin ] --START--
INFO: Run Behavior\ReadHtmlCacheBehavior [ RunTime:0.000638s ]
INFO: [ app_begin ] --END-- [ RunTime:0.001087s ]
SQL: SHOW COLUMNS FROM `rm_user` [ RunTime:0.0011s ]

[ 2017-02-18T18:44:27+08:00 ] 127.0.0.1 /index.php/Admin/Login/ajaxLogin.html
INFO: [ app_begin ] --START--
INFO: Run Behavior\ReadHtmlCacheBehavior [ RunTime:0.000602s ]
INFO: [ app_begin ] --END-- [ RunTime:0.000985s ]
SQL: SHOW COLUMNS FROM `rm_user` [ RunTime:0.0011s ]

[ 2017-02-18T18:44:58+08:00 ] 127.0.0.1 /index.php/Admin/Login/ajaxLogin.html
INFO: [ app_begin ] --START--
INFO: Run Behavior\ReadHtmlCacheBehavior [ RunTime:0.000611s ]
INFO: [ app_begin ] --END-- [ RunTime:0.000974s ]
SQL: SHOW COLUMNS FROM `rm_user` [ RunTime:0.0005s ]

[ 2017-02-18T18:45:10+08:00 ] 127.0.0.1 /index.php/Admin/Login/ajaxLogin.html
INFO: [ app_begin ] --START--
INFO: Run Behavior\ReadHtmlCacheBehavior [ RunTime:0.000688s ]
INFO: [ app_begin ] --END-- [ RunTime:0.001139s ]
SQL: SHOW COLUMNS FROM `rm_user` [ RunTime:0.0011s ]

[ 2017-02-18T18:45:20+08:00 ] 127.0.0.1 /index.php/Login/ajaxLogin.html
INFO: [ app_begin ] --START--
INFO: Run Behavior\ReadHtmlCacheBehavior [ RunTime:0.000683s ]
INFO: [ app_begin ] --END-- [ RunTime:0.001086s ]
SQL: SHOW COLUMNS FROM `rm_user` [ RunTime:0.0006s ]

[ 2017-02-18T18:56:17+08:00 ] 127.0.0.1 /index.php/Login/ajaxLogin.html
INFO: [ app_begin ] --START--
INFO: Run Behavior\ReadHtmlCacheBehavior [ RunTime:0.000562s ]
INFO: [ app_begin ] --END-- [ RunTime:0.000975s ]
SQL: SHOW COLUMNS FROM `rm_user` [ RunTime:0.0006s ]

[ 2017-02-18T18:56:55+08:00 ] 127.0.0.1 /index.php/Login/ajaxLogin.html
INFO: [ app_begin ] --START--
INFO: Run Behavior\ReadHtmlCacheBehavior [ RunTime:0.000598s ]
INFO: [ app_begin ] --END-- [ RunTime:0.001005s ]
SQL: SHOW COLUMNS FROM `rm_user` [ RunTime:0.0005s ]
NOTIC: [8] Undefined index: pwd D:\www\repairMS\ThinkPHP\Library\Think\Model.class.php 第 1294 行.

[ 2017-02-18T18:57:37+08:00 ] 127.0.0.1 /index.php/Login/ajaxLogin.html
INFO: [ app_begin ] --START--
INFO: Run Behavior\ReadHtmlCacheBehavior [ RunTime:0.000624s ]
INFO: [ app_begin ] --END-- [ RunTime:0.001047s ]
SQL: SHOW COLUMNS FROM `rm_user` [ RunTime:0.0005s ]
NOTIC: [8] Undefined index: pwd D:\www\repairMS\ThinkPHP\Library\Think\Model.class.php 第 1294 行.

[ 2017-02-18T18:57:37+08:00 ] 127.0.0.1 /index.php/Login/ajaxLogin.html
INFO: [ app_begin ] --START--
INFO: Run Behavior\ReadHtmlCacheBehavior [ RunTime:0.000604s ]
INFO: [ app_begin ] --END-- [ RunTime:0.001014s ]
SQL: SHOW COLUMNS FROM `rm_user` [ RunTime:0.0005s ]
NOTIC: [8] Undefined index: pwd D:\www\repairMS\ThinkPHP\Library\Think\Model.class.php 第 1294 行.

[ 2017-02-18T18:57:47+08:00 ] 127.0.0.1 /index.php/Login/ajaxLogin.html
INFO: [ app_begin ] --START--
INFO: Run Behavior\ReadHtmlCacheBehavior [ RunTime:0.000631s ]
INFO: [ app_begin ] --END-- [ RunTime:0.001114s ]
SQL: SHOW COLUMNS FROM `rm_user` [ RunTime:0.0005s ]
NOTIC: [8] Undefined index: pwd D:\www\repairMS\ThinkPHP\Library\Think\Model.class.php 第 1294 行.

[ 2017-02-18T18:58:34+08:00 ] 127.0.0.1 /index.php/Login/ajaxLogin.html
INFO: [ app_begin ] --START--
INFO: Run Behavior\ReadHtmlCacheBehavior [ RunTime:0.000613s ]
INFO: [ app_begin ] --END-- [ RunTime:0.001089s ]
SQL: SHOW COLUMNS FROM `rm_user` [ RunTime:0.0005s ]
SQL: SELECT * FROM `rm_user` WHERE `username` = 'admin' LIMIT 1   [ RunTime:0.0008s ]
NOTIC: [8] Undefined variable: pw D:\www\repairMS\Application\Admin\Model\UserModel.class.php 第 33 行.

[ 2017-02-18T18:58:40+08:00 ] 127.0.0.1 /index.php/Login/ajaxLogin.html
INFO: [ app_begin ] --START--
INFO: Run Behavior\ReadHtmlCacheBehavior [ RunTime:0.000612s ]
INFO: [ app_begin ] --END-- [ RunTime:0.001090s ]
SQL: SHOW COLUMNS FROM `rm_user` [ RunTime:0.0006s ]

[ 2017-02-18T18:58:53+08:00 ] 127.0.0.1 /index.php/Login/ajaxLogin.html
INFO: [ app_begin ] --START--
INFO: Run Behavior\ReadHtmlCacheBehavior [ RunTime:0.000612s ]
INFO: [ app_begin ] --END-- [ RunTime:0.001082s ]
SQL: SHOW COLUMNS FROM `rm_user` [ RunTime:0.0005s ]
SQL: SELECT * FROM `rm_user` WHERE `username` = 'admin' LIMIT 1   [ RunTime:0.0003s ]
NOTIC: [8] Undefined variable: pw D:\www\repairMS\Application\Admin\Model\UserModel.class.php 第 33 行.

[ 2017-02-18T19:01:03+08:00 ] 127.0.0.1 /index.php/Login/ajaxLogin.html
INFO: [ app_begin ] --START--
INFO: Run Behavior\ReadHtmlCacheBehavior [ RunTime:0.000680s ]
INFO: [ app_begin ] --END-- [ RunTime:0.001151s ]
SQL: SHOW COLUMNS FROM `rm_user` [ RunTime:0.0006s ]
SQL: SELECT * FROM `rm_user` WHERE `username` = 'admin' LIMIT 1   [ RunTime:0.0003s ]
NOTIC: [8] Undefined variable: pw D:\www\repairMS\Application\Admin\Model\UserModel.class.php 第 33 行.
NOTIC: [8] Undefined variable: pw D:\www\repairMS\Application\Admin\Model\UserModel.class.php 第 39 行.

[ 2017-02-18T19:01:56+08:00 ] 127.0.0.1 /index.php/Login/ajaxLogin.html
INFO: [ app_begin ] --START--
INFO: Run Behavior\ReadHtmlCacheBehavior [ RunTime:0.000535s ]
INFO: [ app_begin ] --END-- [ RunTime:0.000937s ]
SQL: SHOW COLUMNS FROM `rm_user` [ RunTime:0.0005s ]
SQL: SELECT * FROM `rm_user` WHERE `username` = 'admin' LIMIT 1   [ RunTime:0.0003s ]
NOTIC: [8] Undefined variable: pw D:\www\repairMS\Application\Admin\Model\UserModel.class.php 第 33 行.

[ 2017-02-18T19:01:56+08:00 ] 127.0.0.1 /index.php/index.php/Index/index.html.html
INFO: [ app_begin ] --START--
INFO: Run Behavior\ReadHtmlCacheBehavior [ RunTime:0.000482s ]
INFO: [ app_begin ] --END-- [ RunTime:0.000846s ]
ERR: 无法加载控制器:Index.php

[ 2017-02-18T19:02:32+08:00 ] 127.0.0.1 /index.php/Login/ajaxLogin.html
INFO: [ app_begin ] --START--
INFO: Run Behavior\ReadHtmlCacheBehavior [ RunTime:0.000687s ]
INFO: [ app_begin ] --END-- [ RunTime:0.001161s ]
SQL: SHOW COLUMNS FROM `rm_user` [ RunTime:0.0005s ]
SQL: SELECT * FROM `rm_user` WHERE `username` = 'admin' LIMIT 1   [ RunTime:0.0003s ]
NOTIC: [8] Undefined variable: pw D:\www\repairMS\Application\Admin\Model\UserModel.class.php 第 33 行.

[ 2017-02-18T19:02:32+08:00 ] 127.0.0.1 /index.php/index.php/Admin/Index/index.html.html
INFO: [ app_begin ] --START--
INFO: Run Behavior\ReadHtmlCacheBehavior [ RunTime:0.000544s ]
INFO: [ app_begin ] --END-- [ RunTime:0.000905s ]
ERR: 无法加载控制器:Index.php

[ 2017-02-18T19:03:09+08:00 ] 127.0.0.1 /index.php/Login/ajaxLogin.html
INFO: [ app_begin ] --START--
INFO: Run Behavior\ReadHtmlCacheBehavior [ RunTime:0.000593s ]
INFO: [ app_begin ] --END-- [ RunTime:0.000989s ]
SQL: SHOW COLUMNS FROM `rm_user` [ RunTime:0.0005s ]

[ 2017-02-18T19:03:11+08:00 ] 127.0.0.1 /index.php/Login/ajaxLogin.html
INFO: [ app_begin ] --START--
INFO: Run Behavior\ReadHtmlCacheBehavior [ RunTime:0.000630s ]
INFO: [ app_begin ] --END-- [ RunTime:0.001057s ]
SQL: SHOW COLUMNS FROM `rm_user` [ RunTime:0.0005s ]

[ 2017-02-18T19:03:12+08:00 ] 127.0.0.1 /index.php/Login/ajaxLogin.html
INFO: [ app_begin ] --START--
INFO: Run Behavior\ReadHtmlCacheBehavior [ RunTime:0.000599s ]
INFO: [ app_begin ] --END-- [ RunTime:0.000993s ]
SQL: SHOW COLUMNS FROM `rm_user` [ RunTime:0.0005s ]

[ 2017-02-18T19:03:13+08:00 ] 127.0.0.1 /index.php/Login/ajaxLogin.html
INFO: [ app_begin ] --START--
INFO: Run Behavior\ReadHtmlCacheBehavior [ RunTime:0.000691s ]
INFO: [ app_begin ] --END-- [ RunTime:0.001184s ]
SQL: SHOW COLUMNS FROM `rm_user` [ RunTime:0.0005s ]

[ 2017-02-18T19:03:24+08:00 ] 127.0.0.1 /index.php/Login/ajaxLogin.html
INFO: [ app_begin ] --START--
INFO: Run Behavior\ReadHtmlCacheBehavior [ RunTime:0.000558s ]
INFO: [ app_begin ] --END-- [ RunTime:0.000969s ]
SQL: SHOW COLUMNS FROM `rm_user` [ RunTime:0.0005s ]
SQL: SELECT * FROM `rm_user` WHERE `username` = 'admin' LIMIT 1   [ RunTime:0.0003s ]
NOTIC: [8] Undefined variable: pw D:\www\repairMS\Application\Admin\Model\UserModel.class.php 第 33 行.

[ 2017-02-18T19:03:24+08:00 ] 127.0.0.1 /index.php/Admin/Index/index.html
INFO: [ app_begin ] --START--
INFO: Run Behavior\ReadHtmlCacheBehavior [ RunTime:0.000624s ]
INFO: [ app_begin ] --END-- [ RunTime:0.001108s ]
INFO: [ view_parse ] --START--
INFO: [ template_filter ] --START--
INFO: Run Behavior\ContentReplaceBehavior [ RunTime:0.000300s ]
INFO: [ template_filter ] --END-- [ RunTime:0.000382s ]
INFO: Run Behavior\ParseTemplateBehavior [ RunTime:0.014999s ]
INFO: [ view_parse ] --END-- [ RunTime:0.015075s ]
INFO: [ view_filter ] --START--
INFO: Run Behavior\WriteHtmlCacheBehavior [ RunTime:0.000403s ]
INFO: [ view_filter ] --END-- [ RunTime:0.000470s ]
INFO: [ app_end ] --START--
INFO: Run Behavior\ShowPageTraceBehavior [ RunTime:0.000631s ]
INFO: [ app_end ] --END-- [ RunTime:0.000775s ]

[ 2017-02-18T19:03:28+08:00 ] 127.0.0.1 /index.php/Login/ajaxLogin.html
INFO: [ app_begin ] --START--
INFO: Run Behavior\ReadHtmlCacheBehavior [ RunTime:0.000539s ]
INFO: [ app_begin ] --END-- [ RunTime:0.000937s ]
SQL: SHOW COLUMNS FROM `rm_user` [ RunTime:0.0005s ]

[ 2017-02-18T19:03:30+08:00 ] 127.0.0.1 /index.php/Login/ajaxLogin.html
INFO: [ app_begin ] --START--
INFO: Run Behavior\ReadHtmlCacheBehavior [ RunTime:0.000613s ]
INFO: [ app_begin ] --END-- [ RunTime:0.001108s ]
SQL: SHOW COLUMNS FROM `rm_user` [ RunTime:0.0005s ]

[ 2017-02-18T19:03:31+08:00 ] 127.0.0.1 /index.php/Login/ajaxLogin.html
INFO: [ app_begin ] --START--
INFO: Run Behavior\ReadHtmlCacheBehavior [ RunTime:0.000524s ]
INFO: [ app_begin ] --END-- [ RunTime:0.000919s ]
SQL: SHOW COLUMNS FROM `rm_user` [ RunTime:0.0005s ]

[ 2017-02-18T19:04:22+08:00 ] 127.0.0.1 /index.php/Login/ajaxLogin.html
INFO: [ app_begin ] --START--
INFO: Run Behavior\ReadHtmlCacheBehavior [ RunTime:0.000547s ]
INFO: [ app_begin ] --END-- [ RunTime:0.000919s ]
SQL: SHOW COLUMNS FROM `rm_user` [ RunTime:0.0007s ]
SQL: SELECT * FROM `rm_user` WHERE `username` = 'admin' LIMIT 1   [ RunTime:0.0003s ]
NOTIC: [8] Undefined variable: pw D:\www\repairMS\Application\Admin\Model\UserModel.class.php 第 33 行.

[ 2017-02-18T19:04:22+08:00 ] 127.0.0.1 /index.php/Admin/Index/index.html
INFO: [ app_begin ] --START--
INFO: Run Behavior\ReadHtmlCacheBehavior [ RunTime:0.000780s ]
INFO: [ app_begin ] --END-- [ RunTime:0.001370s ]
INFO: [ view_parse ] --START--
INFO: [ template_filter ] --START--
INFO: Run Behavior\ContentReplaceBehavior [ RunTime:0.000220s ]
INFO: [ template_filter ] --END-- [ RunTime:0.000301s ]
INFO: Run Behavior\ParseTemplateBehavior [ RunTime:0.013434s ]
INFO: [ view_parse ] --END-- [ RunTime:0.013511s ]
INFO: [ view_filter ] --START--
INFO: Run Behavior\WriteHtmlCacheBehavior [ RunTime:0.000358s ]
INFO: [ view_filter ] --END-- [ RunTime:0.000429s ]
INFO: [ app_end ] --START--
INFO: Run Behavior\ShowPageTraceBehavior [ RunTime:0.000534s ]
INFO: [ app_end ] --END-- [ RunTime:0.000614s ]

[ 2017-02-18T19:07:17+08:00 ] 127.0.0.1 /index.php/Login/ajaxLogin.html
INFO: [ app_begin ] --START--
INFO: Run Behavior\ReadHtmlCacheBehavior [ RunTime:0.000642s ]
INFO: [ app_begin ] --END-- [ RunTime:0.001064s ]
SQL: SHOW COLUMNS FROM `rm_user` [ RunTime:0.0007s ]
SQL: SELECT * FROM `rm_user` WHERE `username` = 'admin' LIMIT 1   [ RunTime:0.0003s ]
NOTIC: [8] Undefined variable: pw D:\www\repairMS\Application\Admin\Model\UserModel.class.php 第 33 行.

[ 2017-02-18T19:07:17+08:00 ] 127.0.0.1 /index.php/Index/index.html
INFO: [ app_begin ] --START--
INFO: Run Behavior\ReadHtmlCacheBehavior [ RunTime:0.000655s ]
INFO: [ app_begin ] --END-- [ RunTime:0.001117s ]
INFO: [ view_parse ] --START--
INFO: [ template_filter ] --START--
INFO: Run Behavior\ContentReplaceBehavior [ RunTime:0.000432s ]
INFO: [ template_filter ] --END-- [ RunTime:0.000571s ]
INFO: Run Behavior\ParseTemplateBehavior [ RunTime:0.014725s ]
INFO: [ view_parse ] --END-- [ RunTime:0.014804s ]
INFO: [ view_filter ] --START--
INFO: Run Behavior\WriteHtmlCacheBehavior [ RunTime:0.000405s ]
INFO: [ view_filter ] --END-- [ RunTime:0.000473s ]
INFO: [ app_end ] --START--
INFO: Run Behavior\ShowPageTraceBehavior [ RunTime:0.000599s ]
INFO: [ app_end ] --END-- [ RunTime:0.000678s ]

[ 2017-02-18T19:10:57+08:00 ] 127.0.0.1 /index.php/Login/ajaxLogin.html
INFO: [ app_begin ] --START--
INFO: Run Behavior\ReadHtmlCacheBehavior [ RunTime:0.000589s ]
INFO: [ app_begin ] --END-- [ RunTime:0.000986s ]
SQL: SHOW COLUMNS FROM `rm_user` [ RunTime:0.0006s ]
SQL: SELECT * FROM `rm_user` WHERE `username` = 'admin' LIMIT 1   [ RunTime:0.0003s ]
NOTIC: [8] Undefined variable: pw D:\www\repairMS\Application\Admin\Model\UserModel.class.php 第 33 行.

[ 2017-02-18T19:12:06+08:00 ] 127.0.0.1 /index.php/Login/ajaxLogin.html
INFO: [ app_begin ] --START--
INFO: Run Behavior\ReadHtmlCacheBehavior [ RunTime:0.000682s ]
INFO: [ app_begin ] --END-- [ RunTime:0.001232s ]
SQL: SHOW COLUMNS FROM `rm_user` [ RunTime:0.0006s ]

[ 2017-02-18T19:12:14+08:00 ] 127.0.0.1 /index.php/Login/ajaxLogin.html
INFO: [ app_begin ] --START--
INFO: Run Behavior\ReadHtmlCacheBehavior [ RunTime:0.000594s ]
INFO: [ app_begin ] --END-- [ RunTime:0.001063s ]
SQL: SHOW COLUMNS FROM `rm_user` [ RunTime:0.0005s ]
SQL: SELECT * FROM `rm_user` WHERE `username` = 'admin' LIMIT 1   [ RunTime:0.0003s ]
NOTIC: [8] Undefined variable: pw D:\www\repairMS\Application\Admin\Model\UserModel.class.php 第 33 行.

[ 2017-02-18T19:14:36+08:00 ] 127.0.0.1 /index.php/Login/ajaxLogin.html
INFO: [ app_begin ] --START--
INFO: Run Behavior\ReadHtmlCacheBehavior [ RunTime:0.000586s ]
INFO: [ app_begin ] --END-- [ RunTime:0.001009s ]
SQL: SHOW COLUMNS FROM `rm_user` [ RunTime:0.0005s ]
SQL: SELECT * FROM `rm_user` WHERE `username` = 'admin' LIMIT 1   [ RunTime:0.0002s ]
NOTIC: [8] Undefined variable: pw D:\www\repairMS\Application\Admin\Model\UserModel.class.php 第 33 行.

[ 2017-02-18T19:14:58+08:00 ] 127.0.0.1 /index.php/Login/ajaxLogin.html
INFO: [ app_begin ] --START--
INFO: Run Behavior\ReadHtmlCacheBehavior [ RunTime:0.000536s ]
INFO: [ app_begin ] --END-- [ RunTime:0.000927s ]
SQL: SHOW COLUMNS FROM `rm_user` [ RunTime:0.0005s ]
SQL: SELECT * FROM `rm_user` WHERE `username` = 'admin' LIMIT 1   [ RunTime:0.0003s ]
NOTIC: [8] Undefined variable: pw D:\www\repairMS\Application\Admin\Model\UserModel.class.php 第 33 行.

[ 2017-02-18T19:15:34+08:00 ] 127.0.0.1 /index.php/Login/ajaxLogin.html
INFO: [ app_begin ] --START--
INFO: Run Behavior\ReadHtmlCacheBehavior [ RunTime:0.000625s ]
INFO: [ app_begin ] --END-- [ RunTime:0.001032s ]
SQL: SHOW COLUMNS FROM `rm_user` [ RunTime:0.0006s ]
SQL: SELECT * FROM `rm_user` WHERE `username` = 'admin' LIMIT 1   [ RunTime:0.0003s ]
NOTIC: [8] Undefined variable: pw D:\www\repairMS\Application\Admin\Model\UserModel.class.php 第 33 行.

[ 2017-02-18T19:15:34+08:00 ] 127.0.0.1 /index.php/Login/%E7%99%BB%E5%BD%95%E6%88%90%E5%8A%9F%EF%BC%81.html
INFO: [ app_begin ] --START--
INFO: Run Behavior\ReadHtmlCacheBehavior [ RunTime:0.000615s ]
INFO: [ app_begin ] --END-- [ RunTime:0.001016s ]
ERR: 非法操作:登录成功！

[ 2017-02-18T19:16:04+08:00 ] 127.0.0.1 /index.php/Login/ajaxLogin.html
INFO: [ app_begin ] --START--
INFO: Run Behavior\ReadHtmlCacheBehavior [ RunTime:0.000626s ]
INFO: [ app_begin ] --END-- [ RunTime:0.001099s ]
SQL: SHOW COLUMNS FROM `rm_user` [ RunTime:0.0006s ]
SQL: SELECT * FROM `rm_user` WHERE `username` = 'admin' LIMIT 1   [ RunTime:0.0006s ]
NOTIC: [8] Undefined variable: pw D:\www\repairMS\Application\Admin\Model\UserModel.class.php 第 33 行.

[ 2017-02-18T19:16:04+08:00 ] 127.0.0.1 /index.php/index.php/Index/index.html.html
INFO: [ app_begin ] --START--
INFO: Run Behavior\ReadHtmlCacheBehavior [ RunTime:0.000529s ]
INFO: [ app_begin ] --END-- [ RunTime:0.000966s ]
ERR: 无法加载控制器:Index.php

[ 2017-02-18T19:24:46+08:00 ] 127.0.0.1 /index.php/Login/ajaxLogin.html
INFO: [ app_begin ] --START--
INFO: Run Behavior\ReadHtmlCacheBehavior [ RunTime:0.000589s ]
INFO: [ app_begin ] --END-- [ RunTime:0.001008s ]
SQL: SHOW COLUMNS FROM `rm_user` [ RunTime:0.0006s ]

[ 2017-02-18T19:24:54+08:00 ] 127.0.0.1 /index.php/Login/ajaxLogin.html
INFO: [ app_begin ] --START--
INFO: Run Behavior\ReadHtmlCacheBehavior [ RunTime:0.000607s ]
INFO: [ app_begin ] --END-- [ RunTime:0.001029s ]
SQL: SHOW COLUMNS FROM `rm_user` [ RunTime:0.0005s ]
SQL: SELECT * FROM `rm_user` WHERE `username` = 'admin' LIMIT 1   [ RunTime:0.0003s ]
NOTIC: [8] Undefined variable: pw D:\www\repairMS\Application\Admin\Model\UserModel.class.php 第 33 行.

[ 2017-02-18T19:28:47+08:00 ] 127.0.0.1 /index.php/Login/ajaxLogin.html
INFO: [ app_begin ] --START--
INFO: Run Behavior\ReadHtmlCacheBehavior [ RunTime:0.000559s ]
INFO: [ app_begin ] --END-- [ RunTime:0.000967s ]
SQL: SHOW COLUMNS FROM `rm_user` [ RunTime:0.0006s ]
SQL: SELECT * FROM `rm_user` WHERE `username` = 'admin' LIMIT 1   [ RunTime:0.0003s ]
NOTIC: [8] Undefined variable: pw D:\www\repairMS\Application\Admin\Model\UserModel.class.php 第 33 行.

[ 2017-02-18T19:28:52+08:00 ] 127.0.0.1 /index.php/Login/ajaxLogin.html
INFO: [ app_begin ] --START--
INFO: Run Behavior\ReadHtmlCacheBehavior [ RunTime:0.000555s ]
INFO: [ app_begin ] --END-- [ RunTime:0.000956s ]
SQL: SHOW COLUMNS FROM `rm_user` [ RunTime:0.0005s ]

[ 2017-02-18T19:29:01+08:00 ] 127.0.0.1 /index.php/Login/ajaxLogin.html
INFO: [ app_begin ] --START--
INFO: Run Behavior\ReadHtmlCacheBehavior [ RunTime:0.000583s ]
INFO: [ app_begin ] --END-- [ RunTime:0.001011s ]
SQL: SHOW COLUMNS FROM `rm_user` [ RunTime:0.0005s ]
SQL: SELECT * FROM `rm_user` WHERE `username` = 'admin' LIMIT 1   [ RunTime:0.0003s ]
NOTIC: [8] Undefined variable: pw D:\www\repairMS\Application\Admin\Model\UserModel.class.php 第 33 行.

[ 2017-02-18T19:29:10+08:00 ] 127.0.0.1 /index.php/Login/ajaxLogin.html
INFO: [ app_begin ] --START--
INFO: Run Behavior\ReadHtmlCacheBehavior [ RunTime:0.000554s ]
INFO: [ app_begin ] --END-- [ RunTime:0.001030s ]
SQL: SHOW COLUMNS FROM `rm_user` [ RunTime:0.0005s ]
SQL: SELECT * FROM `rm_user` WHERE `username` = 'admin' LIMIT 1   [ RunTime:0.0003s ]
NOTIC: [8] Undefined variable: pw D:\www\repairMS\Application\Admin\Model\UserModel.class.php 第 33 行.

[ 2017-02-18T19:29:11+08:00 ] 127.0.0.1 /index.php/Login/ajaxLogin.html
INFO: [ app_begin ] --START--
INFO: Run Behavior\ReadHtmlCacheBehavior [ RunTime:0.000596s ]
INFO: [ app_begin ] --END-- [ RunTime:0.001060s ]
SQL: SHOW COLUMNS FROM `rm_user` [ RunTime:0.0005s ]

[ 2017-02-18T19:29:11+08:00 ] 127.0.0.1 /index.php/Login/ajaxLogin.html
INFO: [ app_begin ] --START--
INFO: Run Behavior\ReadHtmlCacheBehavior [ RunTime:0.000571s ]
INFO: [ app_begin ] --END-- [ RunTime:0.001039s ]
SQL: SHOW COLUMNS FROM `rm_user` [ RunTime:0.0005s ]

[ 2017-02-18T19:29:11+08:00 ] 127.0.0.1 /index.php/Login/ajaxLogin.html
INFO: [ app_begin ] --START--
INFO: Run Behavior\ReadHtmlCacheBehavior [ RunTime:0.000535s ]
INFO: [ app_begin ] --END-- [ RunTime:0.000949s ]
SQL: SHOW COLUMNS FROM `rm_user` [ RunTime:0.0004s ]

[ 2017-02-18T19:29:11+08:00 ] 127.0.0.1 /index.php/Login/ajaxLogin.html
INFO: [ app_begin ] --START--
INFO: Run Behavior\ReadHtmlCacheBehavior [ RunTime:0.000548s ]
INFO: [ app_begin ] --END-- [ RunTime:0.000938s ]
SQL: SHOW COLUMNS FROM `rm_user` [ RunTime:0.0005s ]

[ 2017-02-18T19:29:12+08:00 ] 127.0.0.1 /index.php/Login/ajaxLogin.html
INFO: [ app_begin ] --START--
INFO: Run Behavior\ReadHtmlCacheBehavior [ RunTime:0.000522s ]
INFO: [ app_begin ] --END-- [ RunTime:0.000934s ]
SQL: SHOW COLUMNS FROM `rm_user` [ RunTime:0.0005s ]

[ 2017-02-18T19:29:51+08:00 ] 127.0.0.1 /index.php/Login/ajaxLogin.html
INFO: [ app_begin ] --START--
INFO: Run Behavior\ReadHtmlCacheBehavior [ RunTime:0.001066s ]
INFO: [ app_begin ] --END-- [ RunTime:0.001624s ]
SQL: SHOW COLUMNS FROM `rm_user` [ RunTime:0.0007s ]
SQL: SELECT * FROM `rm_user` WHERE `username` = 'admin' LIMIT 1   [ RunTime:0.0004s ]
NOTIC: [8] Undefined variable: pw D:\www\repairMS\Application\Admin\Model\UserModel.class.php 第 33 行.

[ 2017-02-18T19:29:55+08:00 ] 127.0.0.1 /index.php/Login/ajaxLogin.html
INFO: [ app_begin ] --START--
INFO: Run Behavior\ReadHtmlCacheBehavior [ RunTime:0.000684s ]
INFO: [ app_begin ] --END-- [ RunTime:0.001149s ]
SQL: SHOW COLUMNS FROM `rm_user` [ RunTime:0.0005s ]

[ 2017-02-18T19:33:26+08:00 ] 127.0.0.1 /index.php/Login/ajaxLogin.html
INFO: [ app_begin ] --START--
INFO: Run Behavior\ReadHtmlCacheBehavior [ RunTime:0.000727s ]
INFO: [ app_begin ] --END-- [ RunTime:0.001309s ]
SQL: SHOW COLUMNS FROM `rm_user` [ RunTime:0.0006s ]
SQL: SELECT * FROM `rm_user` WHERE `username` = 'admin' LIMIT 1   [ RunTime:0.0003s ]
NOTIC: [8] Undefined variable: pw D:\www\repairMS\Application\Admin\Model\UserModel.class.php 第 33 行.

[ 2017-02-18T19:33:49+08:00 ] 127.0.0.1 /index.php/Login/ajaxLogin.html
INFO: [ app_begin ] --START--
INFO: Run Behavior\ReadHtmlCacheBehavior [ RunTime:0.000530s ]
INFO: [ app_begin ] --END-- [ RunTime:0.000911s ]
SQL: SHOW COLUMNS FROM `rm_user` [ RunTime:0.0005s ]

[ 2017-02-18T19:33:57+08:00 ] 127.0.0.1 /index.php/Login/ajaxLogin.html
INFO: [ app_begin ] --START--
INFO: Run Behavior\ReadHtmlCacheBehavior [ RunTime:0.000619s ]
INFO: [ app_begin ] --END-- [ RunTime:0.001061s ]
SQL: SHOW COLUMNS FROM `rm_user` [ RunTime:0.0008s ]
SQL: SELECT * FROM `rm_user` WHERE `username` = 'admin' LIMIT 1   [ RunTime:0.0003s ]
NOTIC: [8] Undefined variable: pw D:\www\repairMS\Application\Admin\Model\UserModel.class.php 第 33 行.

[ 2017-02-18T19:34:58+08:00 ] 127.0.0.1 /index.php/Login/ajaxLogin.html
INFO: [ app_begin ] --START--
INFO: Run Behavior\ReadHtmlCacheBehavior [ RunTime:0.000647s ]
INFO: [ app_begin ] --END-- [ RunTime:0.001066s ]
SQL: SHOW COLUMNS FROM `rm_user` [ RunTime:0.0005s ]
SQL: SELECT * FROM `rm_user` WHERE `username` = 'admin' LIMIT 1   [ RunTime:0.0003s ]
NOTIC: [8] Undefined variable: pw D:\www\repairMS\Application\Admin\Model\UserModel.class.php 第 33 行.

[ 2017-02-18T19:35:41+08:00 ] 127.0.0.1 /index.php/Login/ajaxLogin.html
INFO: [ app_begin ] --START--
INFO: Run Behavior\ReadHtmlCacheBehavior [ RunTime:0.000631s ]
INFO: [ app_begin ] --END-- [ RunTime:0.001052s ]
SQL: SHOW COLUMNS FROM `rm_user` [ RunTime:0.0009s ]
SQL: SELECT * FROM `rm_user` WHERE `username` = 'admin' LIMIT 1   [ RunTime:0.0003s ]
NOTIC: [8] Undefined variable: pw D:\www\repairMS\Application\Admin\Model\UserModel.class.php 第 33 行.

[ 2017-02-18T19:36:38+08:00 ] 127.0.0.1 /index.php/Login/ajaxLogin.html
INFO: [ app_begin ] --START--
INFO: Run Behavior\ReadHtmlCacheBehavior [ RunTime:0.000670s ]
INFO: [ app_begin ] --END-- [ RunTime:0.001076s ]
SQL: SHOW COLUMNS FROM `rm_user` [ RunTime:0.0008s ]
SQL: SELECT * FROM `rm_user` WHERE `username` = 'admin' LIMIT 1   [ RunTime:0.0004s ]
NOTIC: [8] Undefined variable: pw D:\www\repairMS\Application\Admin\Model\UserModel.class.php 第 33 行.

[ 2017-02-18T19:37:39+08:00 ] 127.0.0.1 /index.php/Login/ajaxLogin.html
INFO: [ app_begin ] --START--
INFO: Run Behavior\ReadHtmlCacheBehavior [ RunTime:0.000620s ]
INFO: [ app_begin ] --END-- [ RunTime:0.001026s ]
SQL: SHOW COLUMNS FROM `rm_user` [ RunTime:0.0006s ]
SQL: SELECT * FROM `rm_user` WHERE `username` = 'admin' LIMIT 1   [ RunTime:0.0003s ]
NOTIC: [8] Undefined variable: pw D:\www\repairMS\Application\Admin\Model\UserModel.class.php 第 33 行.

[ 2017-02-18T19:41:52+08:00 ] 127.0.0.1 /index.php/Login/ajaxLogin.html
INFO: [ app_begin ] --START--
INFO: Run Behavior\ReadHtmlCacheBehavior [ RunTime:0.000690s ]
INFO: [ app_begin ] --END-- [ RunTime:0.001193s ]
SQL: SHOW COLUMNS FROM `rm_user` [ RunTime:0.0006s ]
SQL: SELECT * FROM `rm_user` WHERE `username` = 'admin' LIMIT 1   [ RunTime:0.0003s ]
NOTIC: [8] Undefined variable: pw D:\www\repairMS\Application\Admin\Model\UserModel.class.php 第 33 行.

[ 2017-02-18T19:41:52+08:00 ] 127.0.0.1 /index.php/admin/Login/Admin/Index/index
ERR: 非法操作:Admin

[ 2017-02-18T19:43:14+08:00 ] 127.0.0.1 /index.php/admin/Login/Admin/Index/index
ERR: 非法操作:Admin

[ 2017-02-18T19:43:26+08:00 ] 127.0.0.1 /index.php/Login/ajaxLogin.html
INFO: [ app_begin ] --START--
INFO: Run Behavior\ReadHtmlCacheBehavior [ RunTime:0.000690s ]
INFO: [ app_begin ] --END-- [ RunTime:0.001153s ]
SQL: SHOW COLUMNS FROM `rm_user` [ RunTime:0.0006s ]
SQL: SELECT * FROM `rm_user` WHERE `username` = 'admin' LIMIT 1   [ RunTime:0.0003s ]
NOTIC: [8] Undefined variable: pw D:\www\repairMS\Application\Admin\Model\UserModel.class.php 第 33 行.

[ 2017-02-18T19:43:26+08:00 ] 127.0.0.1 /index.php/admin/Login/www.repairMS.com/index.php/Admin/Index/index
ERR: 非法操作:www.repairMS.com

[ 2017-02-18T19:49:04+08:00 ] 127.0.0.1 /index.php/admin/Login/www.repairMS.com/index.php/Admin/Index/index
ERR: 非法操作:www.repairMS.com

[ 2017-02-18T19:49:17+08:00 ] 127.0.0.1 /index.php/Login/ajaxLogin.html
INFO: [ app_begin ] --START--
INFO: Run Behavior\ReadHtmlCacheBehavior [ RunTime:0.000648s ]
INFO: [ app_begin ] --END-- [ RunTime:0.001067s ]
SQL: SHOW COLUMNS FROM `rm_user` [ RunTime:0.0007s ]
SQL: SELECT * FROM `rm_user` WHERE `username` = 'admin' LIMIT 1   [ RunTime:0.0003s ]
NOTIC: [8] Undefined variable: pw D:\www\repairMS\Application\Admin\Model\UserModel.class.php 第 33 行.

[ 2017-02-18T19:50:42+08:00 ] 127.0.0.1 /index.php/Login/ajaxLogin.html
INFO: [ app_begin ] --START--
INFO: Run Behavior\ReadHtmlCacheBehavior [ RunTime:0.000659s ]
INFO: [ app_begin ] --END-- [ RunTime:0.001166s ]
SQL: SHOW COLUMNS FROM `rm_user` [ RunTime:0.0006s ]
SQL: SELECT * FROM `rm_user` WHERE `username` = 'admin' LIMIT 1   [ RunTime:0.0003s ]
NOTIC: [8] Undefined variable: pw D:\www\repairMS\Application\Admin\Model\UserModel.class.php 第 33 行.

[ 2017-02-18T19:50:42+08:00 ] 127.0.0.1 /index.php/index.php/Admin/Index/index
ERR: 无法加载控制器:Index.php

[ 2017-02-18T19:52:06+08:00 ] 127.0.0.1 /index.php/Login/ajaxLogin.html
INFO: [ app_begin ] --START--
INFO: Run Behavior\ReadHtmlCacheBehavior [ RunTime:0.000722s ]
INFO: [ app_begin ] --END-- [ RunTime:0.001183s ]
SQL: SHOW COLUMNS FROM `rm_user` [ RunTime:0.0007s ]
SQL: SELECT * FROM `rm_user` WHERE `username` = 'admin' LIMIT 1   [ RunTime:0.0003s ]
NOTIC: [8] Undefined variable: pw D:\www\repairMS\Application\Admin\Model\UserModel.class.php 第 33 行.

[ 2017-02-18T20:02:48+08:00 ] 127.0.0.1 /index.php/Login/ajaxLogin.html
INFO: [ app_begin ] --START--
INFO: Run Behavior\ReadHtmlCacheBehavior [ RunTime:0.000551s ]
INFO: [ app_begin ] --END-- [ RunTime:0.000969s ]
SQL: SHOW COLUMNS FROM `rm_user` [ RunTime:0.0007s ]
SQL: SELECT * FROM `rm_user` WHERE `username` = 'admin' LIMIT 1   [ RunTime:0.0005s ]

[ 2017-02-18T20:02:54+08:00 ] 127.0.0.1 /index.php/Login/ajaxLogin.html
INFO: [ app_begin ] --START--
INFO: Run Behavior\ReadHtmlCacheBehavior [ RunTime:0.000633s ]
INFO: [ app_begin ] --END-- [ RunTime:0.001092s ]
SQL: SHOW COLUMNS FROM `rm_user` [ RunTime:0.0007s ]

[ 2017-02-18T20:03:03+08:00 ] 127.0.0.1 /index.php/Login/ajaxLogin.html
INFO: [ app_begin ] --START--
INFO: Run Behavior\ReadHtmlCacheBehavior [ RunTime:0.000600s ]
INFO: [ app_begin ] --END-- [ RunTime:0.001017s ]
SQL: SHOW COLUMNS FROM `rm_user` [ RunTime:0.0005s ]

[ 2017-02-18T20:03:09+08:00 ] 127.0.0.1 /index.php/Login/ajaxLogin.html
INFO: [ app_begin ] --START--
INFO: Run Behavior\ReadHtmlCacheBehavior [ RunTime:0.000630s ]
INFO: [ app_begin ] --END-- [ RunTime:0.001112s ]
SQL: SHOW COLUMNS FROM `rm_user` [ RunTime:0.0005s ]
SQL: SELECT * FROM `rm_user` WHERE `username` = 'admin' LIMIT 1   [ RunTime:0.0003s ]

[ 2017-02-18T20:03:26+08:00 ] 127.0.0.1 /index.php/Login/ajaxLogin.html
INFO: [ app_begin ] --START--
INFO: Run Behavior\ReadHtmlCacheBehavior [ RunTime:0.000613s ]
INFO: [ app_begin ] --END-- [ RunTime:0.001051s ]
SQL: SHOW COLUMNS FROM `rm_user` [ RunTime:0.0005s ]
SQL: SELECT * FROM `rm_user` WHERE `username` = 'lishen' LIMIT 1   [ RunTime:0.0004s ]
NOTIC: [8] Undefined variable: pw D:\www\repairMS\Application\Admin\Model\UserModel.class.php 第 33 行.

[ 2017-02-18T21:41:02+08:00 ] 127.0.0.1 /index.php/Admin/Conpany/companyList.html
ERR: 无法加载控制器:Conpany

