[ 2017-02-23T15:11:49+08:00 ] 127.0.0.1 /index.php/Login/ajaxLogin.html
INFO: [ app_begin ] --START--
INFO: Run Behavior\ReadHtmlCacheBehavior [ RunTime:0.000601s ]
INFO: [ app_begin ] --END-- [ RunTime:0.000998s ]
SQL: SHOW COLUMNS FROM `rm_user` [ RunTime:0.0184s ]
SQL: SELECT * FROM `rm_user` WHERE `username` = 'lishen' LIMIT 1   [ RunTime:0.0012s ]
SQL: SHOW COLUMNS FROM `rm_company` [ RunTime:0.0016s ]
SQL: SELECT * FROM `rm_company` WHERE `id` = 2 LIMIT 1   [ RunTime:0.0010s ]
SQL: SHOW COLUMNS FROM `rm_department` [ RunTime:0.0016s ]
SQL: SELECT * FROM `rm_department` WHERE `id` = 1 LIMIT 1   [ RunTime:0.0009s ]

[ 2017-02-23T15:31:20+08:00 ] 127.0.0.1 /index.php/Login/ajaxLogin.html
INFO: [ app_begin ] --START--
INFO: Run Behavior\ReadHtmlCacheBehavior [ RunTime:0.000606s ]
INFO: [ app_begin ] --END-- [ RunTime:0.001088s ]
SQL: SHOW COLUMNS FROM `rm_user` [ RunTime:0.0006s ]
SQL: SELECT * FROM `rm_user` WHERE `username` = 'lishen' LIMIT 1   [ RunTime:0.0004s ]
SQL: SHOW COLUMNS FROM `rm_company` [ RunTime:0.0004s ]
SQL: SELECT * FROM `rm_company` WHERE `id` = 2 LIMIT 1   [ RunTime:0.0002s ]
SQL: SHOW COLUMNS FROM `rm_department` [ RunTime:0.0004s ]
SQL: SELECT * FROM `rm_department` WHERE `id` = 1 LIMIT 1   [ RunTime:0.0002s ]

[ 2017-02-23T15:36:28+08:00 ] 127.0.0.1 /index.php/User/ajaxGetDep/company_id/003
INFO: [ app_begin ] --START--
INFO: Run Behavior\ReadHtmlCacheBehavior [ RunTime:0.000651s ]
INFO: [ app_begin ] --END-- [ RunTime:0.001206s ]
SQL: SHOW COLUMNS FROM `rm_department` [ RunTime:0.0005s ]
NOTIC: [8] Undefined variable: 003 D:\www\repairMS\Application\Admin\Controller\UserController.class.php 第 60 行.
INFO: [ app_end ] --START--
INFO: Run Behavior\ShowPageTraceBehavior [ RunTime:0.000670s ]
INFO: [ app_end ] --END-- [ RunTime:0.000755s ]

[ 2017-02-23T15:36:58+08:00 ] 127.0.0.1 /index.php/User/ajaxGetDep/company_id/005
INFO: [ app_begin ] --START--
INFO: Run Behavior\ReadHtmlCacheBehavior [ RunTime:0.000615s ]
INFO: [ app_begin ] --END-- [ RunTime:0.001029s ]
SQL: SHOW COLUMNS FROM `rm_department` [ RunTime:0.0005s ]
NOTIC: [8] Undefined variable: 005 D:\www\repairMS\Application\Admin\Controller\UserController.class.php 第 60 行.
INFO: [ app_end ] --START--
INFO: Run Behavior\ShowPageTraceBehavior [ RunTime:0.000612s ]
INFO: [ app_end ] --END-- [ RunTime:0.000702s ]

[ 2017-02-23T15:39:40+08:00 ] 127.0.0.1 /index.php/User/ajaxGetDep?company_id/005
INFO: [ app_begin ] --START--
INFO: Run Behavior\ReadHtmlCacheBehavior [ RunTime:0.000552s ]
INFO: [ app_begin ] --END-- [ RunTime:0.000964s ]
SQL: SHOW COLUMNS FROM `rm_department` [ RunTime:0.0005s ]
NOTIC: [8] Undefined variable:  D:\www\repairMS\Application\Admin\Controller\UserController.class.php 第 60 行.
INFO: [ app_end ] --START--
INFO: Run Behavior\ShowPageTraceBehavior [ RunTime:0.000592s ]
INFO: [ app_end ] --END-- [ RunTime:0.000677s ]

[ 2017-02-23T15:41:49+08:00 ] 127.0.0.1 /index.php/User/ajaxGetDep?company_id=005
INFO: [ app_begin ] --START--
INFO: Run Behavior\ReadHtmlCacheBehavior [ RunTime:0.000598s ]
INFO: [ app_begin ] --END-- [ RunTime:0.000990s ]
SQL: SHOW COLUMNS FROM `rm_department` [ RunTime:0.0005s ]
NOTIC: [8] Undefined variable: 005 D:\www\repairMS\Application\Admin\Controller\UserController.class.php 第 60 行.
INFO: [ app_end ] --START--
INFO: Run Behavior\ShowPageTraceBehavior [ RunTime:0.000699s ]
INFO: [ app_end ] --END-- [ RunTime:0.000786s ]

[ 2017-02-23T15:43:59+08:00 ] 127.0.0.1 /index.php/User/ajaxGetDep?company_id=005
INFO: [ app_begin ] --START--
INFO: Run Behavior\ReadHtmlCacheBehavior [ RunTime:0.000575s ]
INFO: [ app_begin ] --END-- [ RunTime:0.000975s ]
SQL: SHOW COLUMNS FROM `rm_department` [ RunTime:0.0005s ]
NOTIC: [8] Undefined variable: 005 D:\www\repairMS\Application\Admin\Controller\UserController.class.php 第 60 行.
INFO: [ app_end ] --START--
INFO: Run Behavior\ShowPageTraceBehavior [ RunTime:0.000632s ]
INFO: [ app_end ] --END-- [ RunTime:0.000727s ]

[ 2017-02-23T15:44:04+08:00 ] 127.0.0.1 /index.php/User/ajaxGetDep/company_id/006
INFO: [ app_begin ] --START--
INFO: Run Behavior\ReadHtmlCacheBehavior [ RunTime:0.000554s ]
INFO: [ app_begin ] --END-- [ RunTime:0.000962s ]
SQL: SHOW COLUMNS FROM `rm_department` [ RunTime:0.0005s ]
NOTIC: [8] Undefined variable: 006 D:\www\repairMS\Application\Admin\Controller\UserController.class.php 第 60 行.
INFO: [ app_end ] --START--
INFO: Run Behavior\ShowPageTraceBehavior [ RunTime:0.000662s ]
INFO: [ app_end ] --END-- [ RunTime:0.000750s ]

[ 2017-02-23T15:45:00+08:00 ] 127.0.0.1 /index.php/Admin/User/ajaxGetDep/company_id/006
INFO: [ app_begin ] --START--
INFO: Run Behavior\ReadHtmlCacheBehavior [ RunTime:0.000565s ]
INFO: [ app_begin ] --END-- [ RunTime:0.000982s ]
SQL: SHOW COLUMNS FROM `rm_department` [ RunTime:0.0005s ]
NOTIC: [8] Undefined variable: 006 D:\www\repairMS\Application\Admin\Controller\UserController.class.php 第 60 行.
INFO: [ app_end ] --START--
INFO: Run Behavior\ShowPageTraceBehavior [ RunTime:0.000614s ]
INFO: [ app_end ] --END-- [ RunTime:0.000701s ]

[ 2017-02-23T15:50:04+08:00 ] 127.0.0.1 /index.php/Admin/User/ajaxGetDep/company_id/003
INFO: [ app_begin ] --START--
INFO: Run Behavior\ReadHtmlCacheBehavior [ RunTime:0.000558s ]
INFO: [ app_begin ] --END-- [ RunTime:0.000954s ]
SQL: SHOW COLUMNS FROM `rm_department` [ RunTime:0.0005s ]
SQL: SELECT * FROM `rm_department` WHERE `company_id` = '003'  [ RunTime:0.0003s ]
INFO: [ app_end ] --START--
INFO: Run Behavior\ShowPageTraceBehavior [ RunTime:0.000726s ]
INFO: [ app_end ] --END-- [ RunTime:0.000810s ]

[ 2017-02-23T15:50:07+08:00 ] 127.0.0.1 /index.php/Admin/User/ajaxGetDep/company_id/002
INFO: [ app_begin ] --START--
INFO: Run Behavior\ReadHtmlCacheBehavior [ RunTime:0.000518s ]
INFO: [ app_begin ] --END-- [ RunTime:0.000892s ]
SQL: SHOW COLUMNS FROM `rm_department` [ RunTime:0.0005s ]
SQL: SELECT * FROM `rm_department` WHERE `company_id` = '002'  [ RunTime:0.0002s ]
INFO: [ app_end ] --START--
INFO: Run Behavior\ShowPageTraceBehavior [ RunTime:0.000644s ]
INFO: [ app_end ] --END-- [ RunTime:0.000717s ]

[ 2017-02-23T17:51:06+08:00 ] 127.0.0.1 /index.php/Admin/User/ajaxGetDep/company_id/004
INFO: [ app_begin ] --START--
INFO: Run Behavior\ReadHtmlCacheBehavior [ RunTime:0.000664s ]
INFO: [ app_begin ] --END-- [ RunTime:0.001094s ]
SQL: SHOW COLUMNS FROM `rm_department` [ RunTime:0.0005s ]
SQL: SELECT * FROM `rm_department` WHERE `company_id` = '004'  [ RunTime:0.0003s ]
INFO: [ app_end ] --START--
INFO: Run Behavior\ShowPageTraceBehavior [ RunTime:0.000631s ]
INFO: [ app_end ] --END-- [ RunTime:0.000716s ]

[ 2017-02-23T17:52:21+08:00 ] 127.0.0.1 /index.php/Admin/User/ajaxGetDep/company_id/004
INFO: [ app_begin ] --START--
INFO: Run Behavior\ReadHtmlCacheBehavior [ RunTime:0.000540s ]
INFO: [ app_begin ] --END-- [ RunTime:0.000906s ]
SQL: SHOW COLUMNS FROM `rm_department` [ RunTime:0.0006s ]
SQL: SELECT * FROM `rm_department` WHERE `company_id` = '004'  [ RunTime:0.0003s ]
INFO: [ app_end ] --START--
INFO: Run Behavior\ShowPageTraceBehavior [ RunTime:0.000609s ]
INFO: [ app_end ] --END-- [ RunTime:0.000685s ]

[ 2017-02-23T17:52:59+08:00 ] 127.0.0.1 /index.php/Admin/User/ajaxGetDep/company_id/003
INFO: [ app_begin ] --START--
INFO: Run Behavior\ReadHtmlCacheBehavior [ RunTime:0.000582s ]
INFO: [ app_begin ] --END-- [ RunTime:0.000968s ]
SQL: SHOW COLUMNS FROM `rm_department` [ RunTime:0.0005s ]
SQL: SELECT * FROM `rm_department` WHERE `company_id` = '003'  [ RunTime:0.0003s ]
INFO: [ app_end ] --START--
INFO: Run Behavior\ShowPageTraceBehavior [ RunTime:0.000617s ]
INFO: [ app_end ] --END-- [ RunTime:0.000705s ]

[ 2017-02-23T17:53:20+08:00 ] 127.0.0.1 /index.php/Admin/User/ajaxGetDep/company_id/004
INFO: [ app_begin ] --START--
INFO: Run Behavior\ReadHtmlCacheBehavior [ RunTime:0.000834s ]
INFO: [ app_begin ] --END-- [ RunTime:0.001541s ]
SQL: SHOW COLUMNS FROM `rm_department` [ RunTime:0.0005s ]
SQL: SELECT * FROM `rm_department` WHERE `company_id` = '004'  [ RunTime:0.0003s ]
INFO: [ app_end ] --START--
INFO: Run Behavior\ShowPageTraceBehavior [ RunTime:0.000626s ]
INFO: [ app_end ] --END-- [ RunTime:0.000724s ]

[ 2017-02-23T17:54:50+08:00 ] 127.0.0.1 /index.php/Admin/User/ajaxGetDep/company_id/003
INFO: [ app_begin ] --START--
INFO: Run Behavior\ReadHtmlCacheBehavior [ RunTime:0.000590s ]
INFO: [ app_begin ] --END-- [ RunTime:0.001019s ]
SQL: SHOW COLUMNS FROM `rm_department` [ RunTime:0.0005s ]
SQL: SELECT * FROM `rm_department` WHERE `company_id` = '003'  [ RunTime:0.0003s ]
INFO: [ app_end ] --START--
INFO: Run Behavior\ShowPageTraceBehavior [ RunTime:0.000654s ]
INFO: [ app_end ] --END-- [ RunTime:0.000771s ]

[ 2017-02-23T17:55:09+08:00 ] 127.0.0.1 /index.php/Admin/User/ajaxGetDep/company_id/002
INFO: [ app_begin ] --START--
INFO: Run Behavior\ReadHtmlCacheBehavior [ RunTime:0.000534s ]
INFO: [ app_begin ] --END-- [ RunTime:0.000920s ]
SQL: SHOW COLUMNS FROM `rm_department` [ RunTime:0.0005s ]
SQL: SELECT * FROM `rm_department` WHERE `company_id` = '002'  [ RunTime:0.0003s ]
INFO: [ app_end ] --START--
INFO: Run Behavior\ShowPageTraceBehavior [ RunTime:0.000618s ]
INFO: [ app_end ] --END-- [ RunTime:0.000711s ]

[ 2017-02-23T17:57:37+08:00 ] 127.0.0.1 /index.php/Admin/User/ajaxGetDep/company_id/003
INFO: [ app_begin ] --START--
INFO: Run Behavior\ReadHtmlCacheBehavior [ RunTime:0.000530s ]
INFO: [ app_begin ] --END-- [ RunTime:0.000910s ]
SQL: SHOW COLUMNS FROM `rm_department` [ RunTime:0.0005s ]
SQL: SELECT * FROM `rm_department` WHERE `company_id` = '003'  [ RunTime:0.0002s ]
INFO: [ app_end ] --START--
INFO: Run Behavior\ShowPageTraceBehavior [ RunTime:0.000598s ]
INFO: [ app_end ] --END-- [ RunTime:0.000686s ]

[ 2017-02-23T17:57:44+08:00 ] 127.0.0.1 /index.php/Admin/User/ajaxGetDep/company_id/002
INFO: [ app_begin ] --START--
INFO: Run Behavior\ReadHtmlCacheBehavior [ RunTime:0.000612s ]
INFO: [ app_begin ] --END-- [ RunTime:0.001063s ]
SQL: SHOW COLUMNS FROM `rm_department` [ RunTime:0.0005s ]
SQL: SELECT * FROM `rm_department` WHERE `company_id` = '002'  [ RunTime:0.0003s ]
INFO: [ app_end ] --START--
INFO: Run Behavior\ShowPageTraceBehavior [ RunTime:0.000641s ]
INFO: [ app_end ] --END-- [ RunTime:0.000734s ]

[ 2017-02-23T17:59:42+08:00 ] 127.0.0.1 /index.php/Admin/User/ajaxGetDep/company_id/004
INFO: [ app_begin ] --START--
INFO: Run Behavior\ReadHtmlCacheBehavior [ RunTime:0.000531s ]
INFO: [ app_begin ] --END-- [ RunTime:0.000910s ]
SQL: SHOW COLUMNS FROM `rm_department` [ RunTime:0.0005s ]
SQL: SELECT * FROM `rm_department` WHERE `company_id` = '004'  [ RunTime:0.0003s ]
INFO: [ app_end ] --START--
INFO: Run Behavior\ShowPageTraceBehavior [ RunTime:0.000698s ]
INFO: [ app_end ] --END-- [ RunTime:0.000789s ]

[ 2017-02-23T17:59:46+08:00 ] 127.0.0.1 /index.php/Admin/User/ajaxGetDep/company_id/002
INFO: [ app_begin ] --START--
INFO: Run Behavior\ReadHtmlCacheBehavior [ RunTime:0.000538s ]
INFO: [ app_begin ] --END-- [ RunTime:0.000914s ]
SQL: SHOW COLUMNS FROM `rm_department` [ RunTime:0.0005s ]
SQL: SELECT * FROM `rm_department` WHERE `company_id` = '002'  [ RunTime:0.0003s ]
INFO: [ app_end ] --START--
INFO: Run Behavior\ShowPageTraceBehavior [ RunTime:0.000841s ]
INFO: [ app_end ] --END-- [ RunTime:0.000922s ]

[ 2017-02-23T17:59:53+08:00 ] 127.0.0.1 /index.php/Admin/User/ajaxGetDep/company_id/003
INFO: [ app_begin ] --START--
INFO: Run Behavior\ReadHtmlCacheBehavior [ RunTime:0.000564s ]
INFO: [ app_begin ] --END-- [ RunTime:0.001064s ]
SQL: SHOW COLUMNS FROM `rm_department` [ RunTime:0.0005s ]
SQL: SELECT * FROM `rm_department` WHERE `company_id` = '003'  [ RunTime:0.0003s ]
INFO: [ app_end ] --START--
INFO: Run Behavior\ShowPageTraceBehavior [ RunTime:0.000592s ]
INFO: [ app_end ] --END-- [ RunTime:0.000680s ]

[ 2017-02-23T17:59:56+08:00 ] 127.0.0.1 /index.php/Admin/User/ajaxGetDep/company_id/012
INFO: [ app_begin ] --START--
INFO: Run Behavior\ReadHtmlCacheBehavior [ RunTime:0.000574s ]
INFO: [ app_begin ] --END-- [ RunTime:0.000981s ]
SQL: SHOW COLUMNS FROM `rm_department` [ RunTime:0.0005s ]
SQL: SELECT * FROM `rm_department` WHERE `company_id` = '012'  [ RunTime:0.0003s ]
INFO: [ app_end ] --START--
INFO: Run Behavior\ShowPageTraceBehavior [ RunTime:0.000704s ]
INFO: [ app_end ] --END-- [ RunTime:0.000793s ]

[ 2017-02-23T17:59:58+08:00 ] 127.0.0.1 /index.php/Admin/User/ajaxGetDep/company_id/002
INFO: [ app_begin ] --START--
INFO: Run Behavior\ReadHtmlCacheBehavior [ RunTime:0.000584s ]
INFO: [ app_begin ] --END-- [ RunTime:0.000988s ]
SQL: SHOW COLUMNS FROM `rm_department` [ RunTime:0.0005s ]
SQL: SELECT * FROM `rm_department` WHERE `company_id` = '002'  [ RunTime:0.0003s ]
INFO: [ app_end ] --START--
INFO: Run Behavior\ShowPageTraceBehavior [ RunTime:0.000560s ]
INFO: [ app_end ] --END-- [ RunTime:0.000649s ]

[ 2017-02-23T18:00:21+08:00 ] 127.0.0.1 /index.php/Admin/User/ajaxGetDep/company_id/003
INFO: [ app_begin ] --START--
INFO: Run Behavior\ReadHtmlCacheBehavior [ RunTime:0.000512s ]
INFO: [ app_begin ] --END-- [ RunTime:0.000923s ]
SQL: SHOW COLUMNS FROM `rm_department` [ RunTime:0.0005s ]
SQL: SELECT * FROM `rm_department` WHERE `company_id` = '003'  [ RunTime:0.0005s ]
INFO: [ app_end ] --START--
INFO: Run Behavior\ShowPageTraceBehavior [ RunTime:0.000722s ]
INFO: [ app_end ] --END-- [ RunTime:0.000833s ]

[ 2017-02-23T18:00:23+08:00 ] 127.0.0.1 /index.php/Admin/User/ajaxGetDep/company_id/012
INFO: [ app_begin ] --START--
INFO: Run Behavior\ReadHtmlCacheBehavior [ RunTime:0.000544s ]
INFO: [ app_begin ] --END-- [ RunTime:0.000920s ]
SQL: SHOW COLUMNS FROM `rm_department` [ RunTime:0.0005s ]
SQL: SELECT * FROM `rm_department` WHERE `company_id` = '012'  [ RunTime:0.0003s ]
INFO: [ app_end ] --START--
INFO: Run Behavior\ShowPageTraceBehavior [ RunTime:0.000698s ]
INFO: [ app_end ] --END-- [ RunTime:0.000793s ]

[ 2017-02-23T18:00:24+08:00 ] 127.0.0.1 /index.php/Admin/User/ajaxGetDep/company_id/002
INFO: [ app_begin ] --START--
INFO: Run Behavior\ReadHtmlCacheBehavior [ RunTime:0.000529s ]
INFO: [ app_begin ] --END-- [ RunTime:0.000907s ]
SQL: SHOW COLUMNS FROM `rm_department` [ RunTime:0.0005s ]
SQL: SELECT * FROM `rm_department` WHERE `company_id` = '002'  [ RunTime:0.0003s ]
INFO: [ app_end ] --START--
INFO: Run Behavior\ShowPageTraceBehavior [ RunTime:0.000611s ]
INFO: [ app_end ] --END-- [ RunTime:0.000704s ]

[ 2017-02-23T18:00:33+08:00 ] 127.0.0.1 /index.php/Admin/User/ajaxGetDep/company_id/003
INFO: [ app_begin ] --START--
INFO: Run Behavior\ReadHtmlCacheBehavior [ RunTime:0.000585s ]
INFO: [ app_begin ] --END-- [ RunTime:0.001019s ]
SQL: SHOW COLUMNS FROM `rm_department` [ RunTime:0.0005s ]
SQL: SELECT * FROM `rm_department` WHERE `company_id` = '003'  [ RunTime:0.0003s ]
INFO: [ app_end ] --START--
INFO: Run Behavior\ShowPageTraceBehavior [ RunTime:0.000537s ]
INFO: [ app_end ] --END-- [ RunTime:0.000618s ]

[ 2017-02-23T18:00:35+08:00 ] 127.0.0.1 /index.php/Admin/User/ajaxGetDep/company_id/002
INFO: [ app_begin ] --START--
INFO: Run Behavior\ReadHtmlCacheBehavior [ RunTime:0.000543s ]
INFO: [ app_begin ] --END-- [ RunTime:0.000931s ]
SQL: SHOW COLUMNS FROM `rm_department` [ RunTime:0.0005s ]
SQL: SELECT * FROM `rm_department` WHERE `company_id` = '002'  [ RunTime:0.0003s ]
INFO: [ app_end ] --START--
INFO: Run Behavior\ShowPageTraceBehavior [ RunTime:0.000568s ]
INFO: [ app_end ] --END-- [ RunTime:0.000660s ]

[ 2017-02-23T18:01:08+08:00 ] 127.0.0.1 /index.php/Admin/User/ajaxGetDep/company_id/003
INFO: [ app_begin ] --START--
INFO: Run Behavior\ReadHtmlCacheBehavior [ RunTime:0.000574s ]
INFO: [ app_begin ] --END-- [ RunTime:0.000986s ]
SQL: SHOW COLUMNS FROM `rm_department` [ RunTime:0.0006s ]
SQL: SELECT * FROM `rm_department` WHERE `company_id` = '003'  [ RunTime:0.0004s ]
INFO: [ app_end ] --START--
INFO: Run Behavior\ShowPageTraceBehavior [ RunTime:0.000977s ]
INFO: [ app_end ] --END-- [ RunTime:0.001115s ]

[ 2017-02-23T18:01:11+08:00 ] 127.0.0.1 /index.php/Admin/User/ajaxGetDep/company_id/002
INFO: [ app_begin ] --START--
INFO: Run Behavior\ReadHtmlCacheBehavior [ RunTime:0.000544s ]
INFO: [ app_begin ] --END-- [ RunTime:0.000931s ]
SQL: SHOW COLUMNS FROM `rm_department` [ RunTime:0.0005s ]
SQL: SELECT * FROM `rm_department` WHERE `company_id` = '002'  [ RunTime:0.0003s ]
INFO: [ app_end ] --START--
INFO: Run Behavior\ShowPageTraceBehavior [ RunTime:0.000566s ]
INFO: [ app_end ] --END-- [ RunTime:0.000642s ]

[ 2017-02-23T18:01:31+08:00 ] 127.0.0.1 /index.php/Admin/User/ajaxGetDep/company_id/003
INFO: [ app_begin ] --START--
INFO: Run Behavior\ReadHtmlCacheBehavior [ RunTime:0.000649s ]
INFO: [ app_begin ] --END-- [ RunTime:0.001074s ]
SQL: SHOW COLUMNS FROM `rm_department` [ RunTime:0.0005s ]
SQL: SELECT * FROM `rm_department` WHERE `company_id` = '003'  [ RunTime:0.0002s ]
INFO: [ app_end ] --START--
INFO: Run Behavior\ShowPageTraceBehavior [ RunTime:0.000563s ]
INFO: [ app_end ] --END-- [ RunTime:0.000661s ]

[ 2017-02-23T18:01:32+08:00 ] 127.0.0.1 /index.php/Admin/User/ajaxGetDep/company_id/002
INFO: [ app_begin ] --START--
INFO: Run Behavior\ReadHtmlCacheBehavior [ RunTime:0.000547s ]
INFO: [ app_begin ] --END-- [ RunTime:0.000923s ]
SQL: SHOW COLUMNS FROM `rm_department` [ RunTime:0.0006s ]
SQL: SELECT * FROM `rm_department` WHERE `company_id` = '002'  [ RunTime:0.0003s ]
INFO: [ app_end ] --START--
INFO: Run Behavior\ShowPageTraceBehavior [ RunTime:0.000644s ]
INFO: [ app_end ] --END-- [ RunTime:0.000740s ]

[ 2017-02-23T18:01:40+08:00 ] 127.0.0.1 /index.php/Admin/User/ajaxGetDep/company_id/010
INFO: [ app_begin ] --START--
INFO: Run Behavior\ReadHtmlCacheBehavior [ RunTime:0.000564s ]
INFO: [ app_begin ] --END-- [ RunTime:0.000964s ]
SQL: SHOW COLUMNS FROM `rm_department` [ RunTime:0.0005s ]
SQL: SELECT * FROM `rm_department` WHERE `company_id` = '010'  [ RunTime:0.0003s ]
INFO: [ app_end ] --START--
INFO: Run Behavior\ShowPageTraceBehavior [ RunTime:0.000633s ]
INFO: [ app_end ] --END-- [ RunTime:0.000726s ]

[ 2017-02-23T18:01:41+08:00 ] 127.0.0.1 /index.php/Admin/User/ajaxGetDep/company_id/002
INFO: [ app_begin ] --START--
INFO: Run Behavior\ReadHtmlCacheBehavior [ RunTime:0.000576s ]
INFO: [ app_begin ] --END-- [ RunTime:0.000981s ]
SQL: SHOW COLUMNS FROM `rm_department` [ RunTime:0.0005s ]
SQL: SELECT * FROM `rm_department` WHERE `company_id` = '002'  [ RunTime:0.0003s ]
INFO: [ app_end ] --START--
INFO: Run Behavior\ShowPageTraceBehavior [ RunTime:0.000647s ]
INFO: [ app_end ] --END-- [ RunTime:0.000727s ]

[ 2017-02-23T18:04:53+08:00 ] 127.0.0.1 /index.php/Admin/User/ajaxGetDep/company_id/003
INFO: [ app_begin ] --START--
INFO: Run Behavior\ReadHtmlCacheBehavior [ RunTime:0.000582s ]
INFO: [ app_begin ] --END-- [ RunTime:0.000985s ]
SQL: SHOW COLUMNS FROM `rm_department` [ RunTime:0.0005s ]
SQL: SELECT * FROM `rm_department` WHERE `company_id` = '003'  [ RunTime:0.0003s ]
INFO: [ app_end ] --START--
INFO: Run Behavior\ShowPageTraceBehavior [ RunTime:0.000609s ]
INFO: [ app_end ] --END-- [ RunTime:0.000698s ]

[ 2017-02-23T18:04:54+08:00 ] 127.0.0.1 /index.php/Admin/User/ajaxGetDep/company_id/006
INFO: [ app_begin ] --START--
INFO: Run Behavior\ReadHtmlCacheBehavior [ RunTime:0.000540s ]
INFO: [ app_begin ] --END-- [ RunTime:0.000934s ]
SQL: SHOW COLUMNS FROM `rm_department` [ RunTime:0.0005s ]
SQL: SELECT * FROM `rm_department` WHERE `company_id` = '006'  [ RunTime:0.0003s ]
INFO: [ app_end ] --START--
INFO: Run Behavior\ShowPageTraceBehavior [ RunTime:0.000623s ]
INFO: [ app_end ] --END-- [ RunTime:0.000727s ]

[ 2017-02-23T18:04:59+08:00 ] 127.0.0.1 /index.php/Admin/User/ajaxGetDep/company_id/002
INFO: [ app_begin ] --START--
INFO: Run Behavior\ReadHtmlCacheBehavior [ RunTime:0.000551s ]
INFO: [ app_begin ] --END-- [ RunTime:0.000979s ]
SQL: SHOW COLUMNS FROM `rm_department` [ RunTime:0.0005s ]
SQL: SELECT * FROM `rm_department` WHERE `company_id` = '002'  [ RunTime:0.0003s ]
INFO: [ app_end ] --START--
INFO: Run Behavior\ShowPageTraceBehavior [ RunTime:0.000595s ]
INFO: [ app_end ] --END-- [ RunTime:0.000692s ]

[ 2017-02-23T18:05:22+08:00 ] 127.0.0.1 /index.php/Admin/User/ajaxGetDep/company_id/004
INFO: [ app_begin ] --START--
INFO: Run Behavior\ReadHtmlCacheBehavior [ RunTime:0.000490s ]
INFO: [ app_begin ] --END-- [ RunTime:0.000839s ]
SQL: SHOW COLUMNS FROM `rm_department` [ RunTime:0.0005s ]
SQL: SELECT * FROM `rm_department` WHERE `company_id` = '004'  [ RunTime:0.0002s ]
INFO: [ app_end ] --START--
INFO: Run Behavior\ShowPageTraceBehavior [ RunTime:0.000615s ]
INFO: [ app_end ] --END-- [ RunTime:0.000692s ]

[ 2017-02-23T18:05:25+08:00 ] 127.0.0.1 /index.php/Admin/User/ajaxGetDep/company_id/012
INFO: [ app_begin ] --START--
INFO: Run Behavior\ReadHtmlCacheBehavior [ RunTime:0.000537s ]
INFO: [ app_begin ] --END-- [ RunTime:0.000921s ]
SQL: SHOW COLUMNS FROM `rm_department` [ RunTime:0.0005s ]
SQL: SELECT * FROM `rm_department` WHERE `company_id` = '012'  [ RunTime:0.0003s ]
INFO: [ app_end ] --START--
INFO: Run Behavior\ShowPageTraceBehavior [ RunTime:0.000618s ]
INFO: [ app_end ] --END-- [ RunTime:0.000708s ]

[ 2017-02-23T18:05:26+08:00 ] 127.0.0.1 /index.php/Admin/User/ajaxGetDep/company_id/002
INFO: [ app_begin ] --START--
INFO: Run Behavior\ReadHtmlCacheBehavior [ RunTime:0.000530s ]
INFO: [ app_begin ] --END-- [ RunTime:0.000907s ]
SQL: SHOW COLUMNS FROM `rm_department` [ RunTime:0.0006s ]
SQL: SELECT * FROM `rm_department` WHERE `company_id` = '002'  [ RunTime:0.0003s ]
INFO: [ app_end ] --START--
INFO: Run Behavior\ShowPageTraceBehavior [ RunTime:0.000655s ]
INFO: [ app_end ] --END-- [ RunTime:0.000751s ]

[ 2017-02-23T18:05:41+08:00 ] 127.0.0.1 /index.php/Admin/User/ajaxGetDep/company_id/003
INFO: [ app_begin ] --START--
INFO: Run Behavior\ReadHtmlCacheBehavior [ RunTime:0.000633s ]
INFO: [ app_begin ] --END-- [ RunTime:0.001148s ]
SQL: SHOW COLUMNS FROM `rm_department` [ RunTime:0.0005s ]
SQL: SELECT * FROM `rm_department` WHERE `company_id` = '003'  [ RunTime:0.0003s ]
INFO: [ app_end ] --START--
INFO: Run Behavior\ShowPageTraceBehavior [ RunTime:0.000654s ]
INFO: [ app_end ] --END-- [ RunTime:0.000740s ]

[ 2017-02-23T18:05:50+08:00 ] 127.0.0.1 /index.php/Admin/User/ajaxGetDep/company_id/002
INFO: [ app_begin ] --START--
INFO: Run Behavior\ReadHtmlCacheBehavior [ RunTime:0.000553s ]
INFO: [ app_begin ] --END-- [ RunTime:0.000946s ]
SQL: SHOW COLUMNS FROM `rm_department` [ RunTime:0.0005s ]
SQL: SELECT * FROM `rm_department` WHERE `company_id` = '002'  [ RunTime:0.0003s ]
INFO: [ app_end ] --START--
INFO: Run Behavior\ShowPageTraceBehavior [ RunTime:0.000678s ]
INFO: [ app_end ] --END-- [ RunTime:0.000769s ]

[ 2017-02-23T18:05:53+08:00 ] 127.0.0.1 /index.php/Admin/User/ajaxGetDep/company_id/011
INFO: [ app_begin ] --START--
INFO: Run Behavior\ReadHtmlCacheBehavior [ RunTime:0.000563s ]
INFO: [ app_begin ] --END-- [ RunTime:0.000963s ]
SQL: SHOW COLUMNS FROM `rm_department` [ RunTime:0.0005s ]
SQL: SELECT * FROM `rm_department` WHERE `company_id` = '011'  [ RunTime:0.0002s ]
INFO: [ app_end ] --START--
INFO: Run Behavior\ShowPageTraceBehavior [ RunTime:0.000614s ]
INFO: [ app_end ] --END-- [ RunTime:0.000698s ]

[ 2017-02-23T18:06:04+08:00 ] 127.0.0.1 /index.php/Admin/User/ajaxGetDep/company_id/002
INFO: [ app_begin ] --START--
INFO: Run Behavior\ReadHtmlCacheBehavior [ RunTime:0.000553s ]
INFO: [ app_begin ] --END-- [ RunTime:0.000942s ]
SQL: SHOW COLUMNS FROM `rm_department` [ RunTime:0.0005s ]
SQL: SELECT * FROM `rm_department` WHERE `company_id` = '002'  [ RunTime:0.0003s ]
INFO: [ app_end ] --START--
INFO: Run Behavior\ShowPageTraceBehavior [ RunTime:0.000672s ]
INFO: [ app_end ] --END-- [ RunTime:0.000762s ]

[ 2017-02-23T18:12:57+08:00 ] 127.0.0.1 /index.php/Admin/User/ajaxGetDep/company_id/003
INFO: [ app_begin ] --START--
INFO: Run Behavior\ReadHtmlCacheBehavior [ RunTime:0.000581s ]
INFO: [ app_begin ] --END-- [ RunTime:0.000996s ]
SQL: SHOW COLUMNS FROM `rm_department` [ RunTime:0.0005s ]
SQL: SELECT * FROM `rm_department` WHERE `company_id` = '003'  [ RunTime:0.0003s ]
INFO: [ app_end ] --START--
INFO: Run Behavior\ShowPageTraceBehavior [ RunTime:0.000738s ]
INFO: [ app_end ] --END-- [ RunTime:0.000829s ]

[ 2017-02-23T18:12:59+08:00 ] 127.0.0.1 /index.php/Admin/User/ajaxGetDep/company_id/012
INFO: [ app_begin ] --START--
INFO: Run Behavior\ReadHtmlCacheBehavior [ RunTime:0.000562s ]
INFO: [ app_begin ] --END-- [ RunTime:0.000964s ]
SQL: SHOW COLUMNS FROM `rm_department` [ RunTime:0.0005s ]
SQL: SELECT * FROM `rm_department` WHERE `company_id` = '012'  [ RunTime:0.0003s ]
INFO: [ app_end ] --START--
INFO: Run Behavior\ShowPageTraceBehavior [ RunTime:0.000694s ]
INFO: [ app_end ] --END-- [ RunTime:0.000785s ]

[ 2017-02-23T18:13:00+08:00 ] 127.0.0.1 /index.php/Admin/User/ajaxGetDep/company_id/002
INFO: [ app_begin ] --START--
INFO: Run Behavior\ReadHtmlCacheBehavior [ RunTime:0.000571s ]
INFO: [ app_begin ] --END-- [ RunTime:0.000971s ]
SQL: SHOW COLUMNS FROM `rm_department` [ RunTime:0.0005s ]
SQL: SELECT * FROM `rm_department` WHERE `company_id` = '002'  [ RunTime:0.0003s ]
INFO: [ app_end ] --START--
INFO: Run Behavior\ShowPageTraceBehavior [ RunTime:0.000604s ]
INFO: [ app_end ] --END-- [ RunTime:0.000691s ]

[ 2017-02-23T18:13:06+08:00 ] 127.0.0.1 /index.php/Admin/User/ajaxGetDep/company_id/004
INFO: [ app_begin ] --START--
INFO: Run Behavior\ReadHtmlCacheBehavior [ RunTime:0.000571s ]
INFO: [ app_begin ] --END-- [ RunTime:0.000988s ]
SQL: SHOW COLUMNS FROM `rm_department` [ RunTime:0.0007s ]
SQL: SELECT * FROM `rm_department` WHERE `company_id` = '004'  [ RunTime:0.0003s ]
INFO: [ app_end ] --START--
INFO: Run Behavior\ShowPageTraceBehavior [ RunTime:0.000663s ]
INFO: [ app_end ] --END-- [ RunTime:0.000744s ]

[ 2017-02-23T18:13:07+08:00 ] 127.0.0.1 /index.php/Admin/User/ajaxGetDep/company_id/002
INFO: [ app_begin ] --START--
INFO: Run Behavior\ReadHtmlCacheBehavior [ RunTime:0.000550s ]
INFO: [ app_begin ] --END-- [ RunTime:0.000939s ]
SQL: SHOW COLUMNS FROM `rm_department` [ RunTime:0.0006s ]
SQL: SELECT * FROM `rm_department` WHERE `company_id` = '002'  [ RunTime:0.0004s ]
INFO: [ app_end ] --START--
INFO: Run Behavior\ShowPageTraceBehavior [ RunTime:0.000705s ]
INFO: [ app_end ] --END-- [ RunTime:0.000797s ]

[ 2017-02-23T18:19:00+08:00 ] 127.0.0.1 /index.php/Admin/User/ajaxGetDep/company_id/006
INFO: [ app_begin ] --START--
INFO: Run Behavior\ReadHtmlCacheBehavior [ RunTime:0.000556s ]
INFO: [ app_begin ] --END-- [ RunTime:0.000947s ]
SQL: SHOW COLUMNS FROM `rm_department` [ RunTime:0.0005s ]
SQL: SELECT * FROM `rm_department` WHERE `company_id` = '006'  [ RunTime:0.0003s ]
INFO: [ app_end ] --START--
INFO: Run Behavior\ShowPageTraceBehavior [ RunTime:0.000627s ]
INFO: [ app_end ] --END-- [ RunTime:0.000718s ]

[ 2017-02-23T18:19:01+08:00 ] 127.0.0.1 /index.php/Admin/User/ajaxGetDep/company_id/002
INFO: [ app_begin ] --START--
INFO: Run Behavior\ReadHtmlCacheBehavior [ RunTime:0.000585s ]
INFO: [ app_begin ] --END-- [ RunTime:0.001026s ]
SQL: SHOW COLUMNS FROM `rm_department` [ RunTime:0.0005s ]
SQL: SELECT * FROM `rm_department` WHERE `company_id` = '002'  [ RunTime:0.0003s ]
INFO: [ app_end ] --START--
INFO: Run Behavior\ShowPageTraceBehavior [ RunTime:0.000640s ]
INFO: [ app_end ] --END-- [ RunTime:0.000729s ]

[ 2017-02-23T18:19:14+08:00 ] 127.0.0.1 /index.php/Admin/User/ajaxGetDep/company_id/008
INFO: [ app_begin ] --START--
INFO: Run Behavior\ReadHtmlCacheBehavior [ RunTime:0.000649s ]
INFO: [ app_begin ] --END-- [ RunTime:0.001094s ]
SQL: SHOW COLUMNS FROM `rm_department` [ RunTime:0.0005s ]
SQL: SELECT * FROM `rm_department` WHERE `company_id` = '008'  [ RunTime:0.0003s ]
INFO: [ app_end ] --START--
INFO: Run Behavior\ShowPageTraceBehavior [ RunTime:0.000654s ]
INFO: [ app_end ] --END-- [ RunTime:0.000739s ]

[ 2017-02-23T18:40:19+08:00 ] 127.0.0.1 /index.php/Login/ajaxLogin.html
INFO: [ app_begin ] --START--
INFO: Run Behavior\ReadHtmlCacheBehavior [ RunTime:0.000547s ]
INFO: [ app_begin ] --END-- [ RunTime:0.000940s ]
SQL: SHOW COLUMNS FROM `rm_user` [ RunTime:0.0005s ]
NOTIC: [8] Undefined index: verify D:\www\repairMS\ThinkPHP\Library\Think\Model.class.php 第 1294 行.

[ 2017-02-23T18:41:10+08:00 ] 127.0.0.1 /index.php/Login/ajaxLogin.html
INFO: [ app_begin ] --START--
INFO: Run Behavior\ReadHtmlCacheBehavior [ RunTime:0.000593s ]
INFO: [ app_begin ] --END-- [ RunTime:0.000983s ]
SQL: SHOW COLUMNS FROM `rm_user` [ RunTime:0.0005s ]
NOTIC: [8] Undefined index: verify D:\www\repairMS\ThinkPHP\Library\Think\Model.class.php 第 1294 行.

[ 2017-02-23T18:44:35+08:00 ] 127.0.0.1 /index.php/Login/ajaxLogin.html
INFO: [ app_begin ] --START--
INFO: Run Behavior\ReadHtmlCacheBehavior [ RunTime:0.000589s ]
INFO: [ app_begin ] --END-- [ RunTime:0.000988s ]
SQL: SHOW COLUMNS FROM `rm_user` [ RunTime:0.0007s ]
SQL: SELECT * FROM `rm_user` WHERE `username` = 'lishen' LIMIT 1   [ RunTime:0.0004s ]
SQL: SHOW COLUMNS FROM `rm_company` [ RunTime:0.0004s ]
SQL: SELECT * FROM `rm_company` WHERE `id` = 2 LIMIT 1   [ RunTime:0.0002s ]
SQL: SHOW COLUMNS FROM `rm_department` [ RunTime:0.0004s ]
SQL: SELECT * FROM `rm_department` WHERE `id` = 1 LIMIT 1   [ RunTime:0.0002s ]

[ 2017-02-23T18:45:36+08:00 ] 127.0.0.1 /index.php/Login/ajaxLogin.html
INFO: [ app_begin ] --START--
INFO: Run Behavior\ReadHtmlCacheBehavior [ RunTime:0.000624s ]
INFO: [ app_begin ] --END-- [ RunTime:0.001071s ]
SQL: SHOW COLUMNS FROM `rm_user` [ RunTime:0.0011s ]

[ 2017-02-23T18:45:39+08:00 ] 127.0.0.1 /index.php/Login/ajaxLogin.html
INFO: [ app_begin ] --START--
INFO: Run Behavior\ReadHtmlCacheBehavior [ RunTime:0.000617s ]
INFO: [ app_begin ] --END-- [ RunTime:0.001078s ]
SQL: SHOW COLUMNS FROM `rm_user` [ RunTime:0.0005s ]

[ 2017-02-23T18:45:48+08:00 ] 127.0.0.1 /index.php/Login/ajaxLogin.html
INFO: [ app_begin ] --START--
INFO: Run Behavior\ReadHtmlCacheBehavior [ RunTime:0.000610s ]
INFO: [ app_begin ] --END-- [ RunTime:0.001066s ]
SQL: SHOW COLUMNS FROM `rm_user` [ RunTime:0.0005s ]
SQL: SELECT * FROM `rm_user` WHERE `username` = 'lishen' LIMIT 1   [ RunTime:0.0002s ]
SQL: SHOW COLUMNS FROM `rm_company` [ RunTime:0.0003s ]
SQL: SELECT * FROM `rm_company` WHERE `id` = 2 LIMIT 1   [ RunTime:0.0002s ]
SQL: SHOW COLUMNS FROM `rm_department` [ RunTime:0.0004s ]
SQL: SELECT * FROM `rm_department` WHERE `id` = 1 LIMIT 1   [ RunTime:0.0002s ]

[ 2017-02-23T19:14:18+08:00 ] 127.0.0.1 /index.php/User/index.html
ERR: 非法操作:index

[ 2017-02-23T19:37:51+08:00 ] 127.0.0.1 /index.php/admin/repair/pages/layout/boxed.html
ERR: 非法操作:pages

[ 2017-02-23T21:52:23+08:00 ] 127.0.0.1 /index.php/Admin/Project/projectList.html
ERR: Think\Model:search方法不存在！

