[ 2017-05-11T19:02:34+08:00 ] 127.0.0.1 /index.php/Login/ajaxLogin.html
INFO: [ app_begin ] --START--
INFO: Run Behavior\ReadHtmlCacheBehavior [ RunTime:0.000911s ]
INFO: [ app_begin ] --END-- [ RunTime:0.001654s ]
SQL: SHOW COLUMNS FROM `rm_user` [ RunTime:0.0211s ]
SQL: SELECT * FROM `rm_user` WHERE `username` = 'lishen' LIMIT 1   [ RunTime:0.0007s ]
SQL: SHOW COLUMNS FROM `rm_company` [ RunTime:0.0116s ]
SQL: SELECT * FROM `rm_company` WHERE `id` = 2 LIMIT 1   [ RunTime:0.0004s ]
SQL: SHOW COLUMNS FROM `rm_department` [ RunTime:0.0012s ]
SQL: SELECT * FROM `rm_department` WHERE `id` = 1 LIMIT 1   [ RunTime:0.0003s ]

[ 2017-05-11T20:02:30+08:00 ] 127.0.0.1 /index.php/Admin/Group/pages/layout/fixed.html
ERR: 非法操作:pages

[ 2017-05-11T20:36:04+08:00 ] 127.0.0.1 /index.php/Admin/privilege/ajaxGetParent?parent_id=1
INFO: [ app_begin ] --START--
INFO: Run Behavior\ReadHtmlCacheBehavior [ RunTime:0.000618s ]
INFO: [ app_begin ] --END-- [ RunTime:0.001052s ]
SQL: SHOW COLUMNS FROM `rm_privilege` [ RunTime:0.0004s ]
SQL: SELECT * FROM `rm_privilege` WHERE `id` = 1 LIMIT 1   [ RunTime:0.0002s ]
INFO: [ app_end ] --START--
INFO: Run Behavior\ShowPageTraceBehavior [ RunTime:0.000666s ]
INFO: [ app_end ] --END-- [ RunTime:0.000739s ]

[ 2017-05-11T20:36:13+08:00 ] 127.0.0.1 /index.php/Admin/privilege/ajaxGetParent?parent_id=1
INFO: [ app_begin ] --START--
INFO: Run Behavior\ReadHtmlCacheBehavior [ RunTime:0.000615s ]
INFO: [ app_begin ] --END-- [ RunTime:0.001025s ]
SQL: SHOW COLUMNS FROM `rm_privilege` [ RunTime:0.0005s ]
SQL: SELECT * FROM `rm_privilege` WHERE `id` = 1 LIMIT 1   [ RunTime:0.0002s ]
INFO: [ app_end ] --START--
INFO: Run Behavior\ShowPageTraceBehavior [ RunTime:0.000647s ]
INFO: [ app_end ] --END-- [ RunTime:0.000721s ]

[ 2017-05-11T20:38:17+08:00 ] 127.0.0.1 /index.php/Admin/privilege/ajaxGetParent?parent_id=1
INFO: [ app_begin ] --START--
INFO: Run Behavior\ReadHtmlCacheBehavior [ RunTime:0.000664s ]
INFO: [ app_begin ] --END-- [ RunTime:0.001077s ]
SQL: SHOW COLUMNS FROM `rm_privilege` [ RunTime:0.0005s ]
SQL: SELECT * FROM `rm_privilege` WHERE `id` = 1 LIMIT 1   [ RunTime:0.0002s ]
INFO: [ app_end ] --START--
INFO: Run Behavior\ShowPageTraceBehavior [ RunTime:0.000632s ]
INFO: [ app_end ] --END-- [ RunTime:0.000706s ]

[ 2017-05-11T20:38:40+08:00 ] 127.0.0.1 /index.php/Admin/privilege/ajaxGetParent?parent_id=1
INFO: [ app_begin ] --START--
INFO: Run Behavior\ReadHtmlCacheBehavior [ RunTime:0.000718s ]
INFO: [ app_begin ] --END-- [ RunTime:0.001160s ]
SQL: SHOW COLUMNS FROM `rm_privilege` [ RunTime:0.0005s ]
SQL: SELECT * FROM `rm_privilege` WHERE `id` = 1 LIMIT 1   [ RunTime:0.0003s ]
INFO: [ app_end ] --START--
INFO: Run Behavior\ShowPageTraceBehavior [ RunTime:0.000741s ]
INFO: [ app_end ] --END-- [ RunTime:0.000826s ]

[ 2017-05-11T20:40:29+08:00 ] 127.0.0.1 /index.php/Admin/privilege/ajaxGetParent?parent_id=1
INFO: [ app_begin ] --START--
INFO: Run Behavior\ReadHtmlCacheBehavior [ RunTime:0.000622s ]
INFO: [ app_begin ] --END-- [ RunTime:0.001028s ]
SQL: SHOW COLUMNS FROM `rm_privilege` [ RunTime:0.0005s ]
SQL: SELECT * FROM `rm_privilege` WHERE `id` = 1 LIMIT 1   [ RunTime:0.0003s ]
INFO: [ app_end ] --START--
INFO: Run Behavior\ShowPageTraceBehavior [ RunTime:0.000701s ]
INFO: [ app_end ] --END-- [ RunTime:0.000786s ]

[ 2017-05-11T20:40:51+08:00 ] 127.0.0.1 /index.php/Admin/privilege/ajaxGetParent?parent_id=1
INFO: [ app_begin ] --START--
INFO: Run Behavior\ReadHtmlCacheBehavior [ RunTime:0.000597s ]
INFO: [ app_begin ] --END-- [ RunTime:0.001002s ]
SQL: SHOW COLUMNS FROM `rm_privilege` [ RunTime:0.0005s ]
SQL: SELECT * FROM `rm_privilege` WHERE `id` = 1 LIMIT 1   [ RunTime:0.0002s ]
INFO: [ app_end ] --START--
INFO: Run Behavior\ShowPageTraceBehavior [ RunTime:0.000713s ]
INFO: [ app_end ] --END-- [ RunTime:0.000794s ]

[ 2017-05-11T20:44:39+08:00 ] 127.0.0.1 /index.php/Admin/privilege/ajaxGetParent?parent_id=1
INFO: [ app_begin ] --START--
INFO: Run Behavior\ReadHtmlCacheBehavior [ RunTime:0.000580s ]
INFO: [ app_begin ] --END-- [ RunTime:0.000945s ]
SQL: SHOW COLUMNS FROM `rm_privilege` [ RunTime:0.0005s ]
SQL: SELECT * FROM `rm_privilege` WHERE `id` = 1 LIMIT 1   [ RunTime:0.0003s ]
INFO: [ app_end ] --START--
INFO: Run Behavior\ShowPageTraceBehavior [ RunTime:0.000638s ]
INFO: [ app_end ] --END-- [ RunTime:0.000729s ]

[ 2017-05-11T20:45:25+08:00 ] 127.0.0.1 /index.php/Admin/privilege/ajaxGetParent?parent_id=1
INFO: [ app_begin ] --START--
INFO: Run Behavior\ReadHtmlCacheBehavior [ RunTime:0.000615s ]
INFO: [ app_begin ] --END-- [ RunTime:0.001033s ]
SQL: SHOW COLUMNS FROM `rm_privilege` [ RunTime:0.0006s ]
SQL: SELECT * FROM `rm_privilege` WHERE `id` = 1 LIMIT 1   [ RunTime:0.0003s ]
INFO: [ app_end ] --START--
INFO: Run Behavior\ShowPageTraceBehavior [ RunTime:0.000733s ]
INFO: [ app_end ] --END-- [ RunTime:0.000823s ]

[ 2017-05-11T20:47:06+08:00 ] 127.0.0.1 /index.php/Admin/privilege/ajaxGetParent?parent_id=1
INFO: [ app_begin ] --START--
INFO: Run Behavior\ReadHtmlCacheBehavior [ RunTime:0.000625s ]
INFO: [ app_begin ] --END-- [ RunTime:0.001083s ]
SQL: SHOW COLUMNS FROM `rm_privilege` [ RunTime:0.0005s ]
SQL: SELECT * FROM `rm_privilege` WHERE `id` = 1 LIMIT 1   [ RunTime:0.0003s ]
INFO: [ app_end ] --START--
INFO: Run Behavior\ShowPageTraceBehavior [ RunTime:0.000761s ]
INFO: [ app_end ] --END-- [ RunTime:0.000855s ]

[ 2017-05-11T20:48:26+08:00 ] 127.0.0.1 /index.php/Admin/privilege/ajaxGetParent?parent_id=1
INFO: [ app_begin ] --START--
INFO: Run Behavior\ReadHtmlCacheBehavior [ RunTime:0.000538s ]
INFO: [ app_begin ] --END-- [ RunTime:0.000918s ]
SQL: SHOW COLUMNS FROM `rm_privilege` [ RunTime:0.0005s ]
SQL: SELECT * FROM `rm_privilege` WHERE `id` = 1 LIMIT 1   [ RunTime:0.0003s ]
INFO: [ app_end ] --START--
INFO: Run Behavior\ShowPageTraceBehavior [ RunTime:0.000733s ]
INFO: [ app_end ] --END-- [ RunTime:0.000811s ]

[ 2017-05-11T20:48:57+08:00 ] 127.0.0.1 /index.php/Admin/privilege/ajaxGetParent?parent_id=1
INFO: [ app_begin ] --START--
INFO: Run Behavior\ReadHtmlCacheBehavior [ RunTime:0.000619s ]
INFO: [ app_begin ] --END-- [ RunTime:0.001008s ]
SQL: SHOW COLUMNS FROM `rm_privilege` [ RunTime:0.0005s ]
SQL: SELECT * FROM `rm_privilege` WHERE `id` = 1 LIMIT 1   [ RunTime:0.0002s ]
INFO: [ app_end ] --START--
INFO: Run Behavior\ShowPageTraceBehavior [ RunTime:0.000701s ]
INFO: [ app_end ] --END-- [ RunTime:0.000786s ]

[ 2017-05-11T20:50:08+08:00 ] 127.0.0.1 /index.php/Admin/privilege/ajaxGetParent?parent_id=1
INFO: [ app_begin ] --START--
INFO: Run Behavior\ReadHtmlCacheBehavior [ RunTime:0.000653s ]
INFO: [ app_begin ] --END-- [ RunTime:0.001123s ]
SQL: SHOW COLUMNS FROM `rm_privilege` [ RunTime:0.0005s ]
SQL: SELECT * FROM `rm_privilege` WHERE `id` = 1 LIMIT 1   [ RunTime:0.0002s ]
INFO: [ app_end ] --START--
INFO: Run Behavior\ShowPageTraceBehavior [ RunTime:0.000713s ]
INFO: [ app_end ] --END-- [ RunTime:0.000798s ]

[ 2017-05-11T20:50:52+08:00 ] 127.0.0.1 /index.php/Admin/privilege/ajaxGetParent?parent_id=1
INFO: [ app_begin ] --START--
INFO: Run Behavior\ReadHtmlCacheBehavior [ RunTime:0.000725s ]
INFO: [ app_begin ] --END-- [ RunTime:0.001288s ]
SQL: SHOW COLUMNS FROM `rm_privilege` [ RunTime:0.0005s ]
SQL: SELECT * FROM `rm_privilege` WHERE `id` = 1 LIMIT 1   [ RunTime:0.0002s ]
INFO: [ app_end ] --START--
INFO: Run Behavior\ShowPageTraceBehavior [ RunTime:0.000680s ]
INFO: [ app_end ] --END-- [ RunTime:0.000771s ]

[ 2017-05-11T20:51:28+08:00 ] 127.0.0.1 /index.php/Admin/privilege/ajaxGetParent?parent_id=1
INFO: [ app_begin ] --START--
INFO: Run Behavior\ReadHtmlCacheBehavior [ RunTime:0.000616s ]
INFO: [ app_begin ] --END-- [ RunTime:0.001017s ]
SQL: SHOW COLUMNS FROM `rm_privilege` [ RunTime:0.0005s ]
SQL: SELECT * FROM `rm_privilege` WHERE `id` = 1 LIMIT 1   [ RunTime:0.0004s ]
INFO: [ app_end ] --START--
INFO: Run Behavior\ShowPageTraceBehavior [ RunTime:0.000747s ]
INFO: [ app_end ] --END-- [ RunTime:0.000848s ]

[ 2017-05-11T21:01:27+08:00 ] 127.0.0.1 /index.php/Privilege/groupList/p/1.html
ERR: 非法操作:groupList

[ 2017-05-11T21:47:08+08:00 ] 127.0.0.1 /index.php/Admin/privilege/ajaxGetParent?parent_id=5
INFO: [ app_begin ] --START--
INFO: Run Behavior\ReadHtmlCacheBehavior [ RunTime:0.000572s ]
INFO: [ app_begin ] --END-- [ RunTime:0.000906s ]
SQL: SHOW COLUMNS FROM `rm_privilege` [ RunTime:0.0004s ]
SQL: SELECT * FROM `rm_privilege` WHERE `id` = 5 LIMIT 1   [ RunTime:0.0002s ]
INFO: [ app_end ] --START--
INFO: Run Behavior\ShowPageTraceBehavior [ RunTime:0.000629s ]
INFO: [ app_end ] --END-- [ RunTime:0.000732s ]

[ 2017-05-11T21:47:21+08:00 ] 127.0.0.1 /index.php/Admin/privilege/ajaxGetParent?parent_id=5
INFO: [ app_begin ] --START--
INFO: Run Behavior\ReadHtmlCacheBehavior [ RunTime:0.000612s ]
INFO: [ app_begin ] --END-- [ RunTime:0.000963s ]
SQL: SHOW COLUMNS FROM `rm_privilege` [ RunTime:0.0005s ]
SQL: SELECT * FROM `rm_privilege` WHERE `id` = 5 LIMIT 1   [ RunTime:0.0002s ]
INFO: [ app_end ] --START--
INFO: Run Behavior\ShowPageTraceBehavior [ RunTime:0.000631s ]
INFO: [ app_end ] --END-- [ RunTime:0.000710s ]

[ 2017-05-11T21:47:33+08:00 ] 127.0.0.1 /index.php/Admin/privilege/ajaxGetParent?parent_id=1
INFO: [ app_begin ] --START--
INFO: Run Behavior\ReadHtmlCacheBehavior [ RunTime:0.000622s ]
INFO: [ app_begin ] --END-- [ RunTime:0.001039s ]
SQL: SHOW COLUMNS FROM `rm_privilege` [ RunTime:0.0005s ]
SQL: SELECT * FROM `rm_privilege` WHERE `id` = 1 LIMIT 1   [ RunTime:0.0003s ]
INFO: [ app_end ] --START--
INFO: Run Behavior\ShowPageTraceBehavior [ RunTime:0.000757s ]
INFO: [ app_end ] --END-- [ RunTime:0.000848s ]

[ 2017-05-11T21:48:13+08:00 ] 127.0.0.1 /index.php/Admin/privilege/ajaxGetParent?parent_id=5
INFO: [ app_begin ] --START--
INFO: Run Behavior\ReadHtmlCacheBehavior [ RunTime:0.000627s ]
INFO: [ app_begin ] --END-- [ RunTime:0.001032s ]
SQL: SHOW COLUMNS FROM `rm_privilege` [ RunTime:0.0006s ]
SQL: SELECT * FROM `rm_privilege` WHERE `id` = 5 LIMIT 1   [ RunTime:0.0003s ]
INFO: [ app_end ] --START--
INFO: Run Behavior\ShowPageTraceBehavior [ RunTime:0.000742s ]
INFO: [ app_end ] --END-- [ RunTime:0.000831s ]

[ 2017-05-11T21:56:17+08:00 ] 127.0.0.1 /index.php/Login/ajaxLogin.html
INFO: [ app_begin ] --START--
INFO: Run Behavior\ReadHtmlCacheBehavior [ RunTime:0.000632s ]
INFO: [ app_begin ] --END-- [ RunTime:0.001065s ]
SQL: SHOW COLUMNS FROM `rm_user` [ RunTime:0.0016s ]
SQL: SELECT * FROM `rm_user` WHERE `username` = 'lishen' LIMIT 1   [ RunTime:0.0003s ]
SQL: SHOW COLUMNS FROM `rm_company` [ RunTime:0.0011s ]
SQL: SELECT * FROM `rm_company` WHERE `id` = 2 LIMIT 1   [ RunTime:0.0002s ]
SQL: SHOW COLUMNS FROM `rm_department` [ RunTime:0.0011s ]
SQL: SELECT * FROM `rm_department` WHERE `id` = 1 LIMIT 1   [ RunTime:0.0002s ]

